Log file open, 10/01/20 13:07:05
LogInit: Display: Running engine for game: GoopGame
LogPlatformFile: Not using cached read wrapper
LogTaskGraph: Started task graph with 5 named threads and 47 total threads with 3 sets of task threads.
LogStats: Stats thread started at 0.513985
LogD3D11RHI: Loaded GFSDK_Aftermath_Lib.x64.dll
LogICUInternationalization: ICU TimeZone Detection - Raw Offset: +8:00, Platform Override: ''
LogPluginManager: Mounting plugin Paper2D
LogPluginManager: Mounting plugin AISupport
LogPluginManager: Mounting plugin LightPropagationVolume
LogPluginManager: Mounting plugin CameraShakePreviewer
LogPluginManager: Mounting plugin ActorLayerUtilities
LogPluginManager: Mounting plugin AnimationSharing
LogPluginManager: Mounting plugin CLionSourceCodeAccess
LogPluginManager: Mounting plugin CodeLiteSourceCodeAccess
LogPluginManager: Mounting plugin GitSourceControl
LogPluginManager: Mounting plugin KDevelopSourceCodeAccess
LogPluginManager: Mounting plugin NullSourceCodeAccess
LogPluginManager: Mounting plugin PerforceSourceControl
LogPluginManager: Mounting plugin PlasticSourceControl
LogPluginManager: Mounting plugin RiderLink
LogPluginManager: Mounting plugin RiderSourceCodeAccess
LogPluginManager: Mounting plugin SubversionSourceControl
LogPluginManager: Mounting plugin UObjectPlugin
LogPluginManager: Mounting plugin VisualStudioCodeSourceCodeAccess
LogPluginManager: Mounting plugin VisualStudioSourceCodeAccess
LogPluginManager: Mounting plugin XCodeSourceCodeAccess
LogPluginManager: Mounting plugin AssetManagerEditor
LogPluginManager: Mounting plugin CryptoKeys
LogPluginManager: Mounting plugin CurveEditorTools
LogPluginManager: Mounting plugin DataValidation
LogPluginManager: Mounting plugin EditorScriptingUtilities
LogPluginManager: Mounting plugin FacialAnimation
LogPluginManager: Mounting plugin GameplayTagsEditor
LogPluginManager: Mounting plugin GeometryMode
LogPluginManager: Mounting plugin MacGraphicsSwitching
LogPluginManager: Mounting plugin MaterialAnalyzer
LogPluginManager: Mounting plugin MobileLauncherProfileWizard
LogPluginManager: Mounting plugin PluginBrowser
LogPluginManager: Mounting plugin SpeedTreeImporter
LogPluginManager: Mounting plugin DatasmithContent
LogPluginManager: Mounting plugin VariantManagerContent
LogPluginManager: Mounting plugin AlembicImporter
LogPluginManager: Mounting plugin AutomationUtils
LogPluginManager: Mounting plugin BackChannel
LogPluginManager: Mounting plugin ChaosCloth
LogPluginManager: Mounting plugin ChaosClothEditor
LogPluginManager: Mounting plugin ChaosEditor
LogPluginManager: Mounting plugin ChaosNiagara
LogPluginManager: Mounting plugin ChaosSolverPlugin
LogPluginManager: Mounting plugin CharacterAI
LogPluginManager: Mounting plugin GeometryCache
LogPluginManager: Mounting plugin GeometryCollectionPlugin
LogPluginManager: Mounting plugin GeometryProcessing
LogPluginManager: Mounting plugin PlanarCut
LogPluginManager: Mounting plugin PlatformCrypto
LogPluginManager: Mounting plugin ProxyLODPlugin
LogPluginManager: Mounting plugin SkeletalReduction
LogPluginManager: Mounting plugin Niagara
LogPluginManager: Mounting plugin MagicLeap
LogPluginManager: Mounting plugin MagicLeapLightEstimation
LogPluginManager: Mounting plugin MagicLeapMedia
LogPluginManager: Mounting plugin MagicLeapPassableWorld
LogPluginManager: Mounting plugin MLSDK
LogPluginManager: Mounting plugin AndroidMedia
LogPluginManager: Mounting plugin AvfMedia
LogPluginManager: Mounting plugin ImgMedia
LogPluginManager: Mounting plugin MediaCompositing
LogPluginManager: Mounting plugin MediaPlayerEditor
LogPluginManager: Mounting plugin WebMMedia
LogPluginManager: Mounting plugin WmfMedia
LogPluginManager: Mounting plugin MeshPainting
LogPluginManager: Mounting plugin TcpMessaging
LogPluginManager: Mounting plugin UdpMessaging
LogPluginManager: Mounting plugin ActorSequence
LogPluginManager: Mounting plugin LevelSequenceEditor
LogPluginManager: Mounting plugin MatineeToLevelSequence
LogPluginManager: Mounting plugin MovieRenderPipeline
LogPluginManager: Mounting plugin TemplateSequence
LogPluginManager: Mounting plugin NetcodeUnitTest
LogPluginManager: Mounting plugin NUTUnrealEngine4
LogPluginManager: Mounting plugin OnlineSubsystemGooglePlay
LogPluginManager: Mounting plugin OnlineSubsystemIOS
LogPluginManager: Mounting plugin OnlineSubsystem
LogPluginManager: Mounting plugin OnlineSubsystemNull
LogPluginManager: Mounting plugin OnlineSubsystemUtils
LogPluginManager: Mounting plugin LauncherChunkInstaller
LogPluginManager: Mounting plugin AndroidDeviceProfileSelector
LogPluginManager: Mounting plugin AndroidMoviePlayer
LogPluginManager: Mounting plugin AndroidPermission
LogPluginManager: Mounting plugin AppleImageUtils
LogPluginManager: Mounting plugin AppleMoviePlayer
LogPluginManager: Mounting plugin ArchVisCharacter
LogPluginManager: Mounting plugin AssetTags
LogPluginManager: Mounting plugin AudioCapture
LogPluginManager: Mounting plugin CableComponent
LogPluginManager: Mounting plugin CustomMeshComponent
LogPluginManager: Mounting plugin EditableMesh
LogPluginManager: Mounting plugin ExampleDeviceProfileSelector
LogPluginManager: Mounting plugin GoogleCloudMessaging
LogPluginManager: Mounting plugin GooglePAD
LogPluginManager: Mounting plugin IOSDeviceProfileSelector
LogPluginManager: Mounting plugin LinuxDeviceProfileSelector
LogPluginManager: Mounting plugin LocationServicesBPLibrary
LogPluginManager: Mounting plugin MobilePatchingUtils
LogPluginManager: Mounting plugin OculusVR
LogPluginManager: Mounting plugin PhysXVehicles
LogPluginManager: Mounting plugin PostSplashScreen
LogPluginManager: Mounting plugin ProceduralMeshComponent
LogPluginManager: Mounting plugin RuntimePhysXCooking
LogPluginManager: Mounting plugin SignificanceManager
LogPluginManager: Mounting plugin SoundFields
LogPluginManager: Mounting plugin SteamVR
LogPluginManager: Mounting plugin Synthesis
LogPluginManager: Mounting plugin WebMMoviePlayer
LogPluginManager: Mounting plugin WindowsMoviePlayer
LogPluginManager: Mounting plugin ScreenshotTools
LogInit: Using libcurl 7.55.1-DEV
LogInit:  - built for x86_64-pc-win32
LogInit:  - supports SSL with OpenSSL/1.1.1
LogInit:  - supports HTTP deflate (compression) using libz 1.2.8
LogInit:  - other features:
LogInit:      CURL_VERSION_SSL
LogInit:      CURL_VERSION_LIBZ
LogInit:      CURL_VERSION_IPV6
LogInit:      CURL_VERSION_ASYNCHDNS
LogInit:      CURL_VERSION_LARGEFILE
LogInit:      CURL_VERSION_IDN
LogInit:  CurlRequestOptions (configurable via config and command line):
LogInit:  - bVerifyPeer = true  - Libcurl will verify peer certificate
LogInit:  - bUseHttpProxy = false  - Libcurl will NOT use HTTP proxy
LogInit:  - bDontReuseConnections = false  - Libcurl will reuse connections
LogInit:  - MaxHostConnections = 16  - Libcurl will limit the number of connections to a host
LogInit:  - LocalHostAddr = Default
LogInit:  - BufferSize = 65536
LogOnline: OSS: Creating online subsystem instance for: Null
LogInit: WinSock: version 1.1 (2.2), MaxSocks=32767, MaxUdp=65467
LogOnline: OSS: TryLoadSubsystemAndSetDefault: Loaded subsystem for module [Null]
LogInit: Build: ++UE4+Release-4.25-CL-13594126
LogInit: Engine Version: 4.25.1-13594126+++UE4+Release-4.25
LogInit: Compatible Engine Version: 4.25.0-13144385+++UE4+Release-4.25
LogInit: Net CL: 13144385
LogInit: OS: Windows 10 (Release 2004) (), CPU: Intel(R) Core(TM) i7-10875H CPU @ 2.30GHz, GPU: Intel(R) UHD Graphics
LogInit: Compiled (64-bit): Jun  2 2020 02:10:36
LogInit: Compiled with Visual C++: 19.24.28315.00
LogInit: Build Configuration: Development
LogInit: Branch Name: ++UE4+Release-4.25
LogInit: Command Line:  -skipcompile
LogInit: Base Directory: D:/component application/unreal/UE_4.25/Engine/Binaries/Win64/
LogInit: Allocator: TBB
LogInit: Installed Engine Build: 1
LogDevObjectVersion: Number of dev versions registered: 26
LogDevObjectVersion:   Dev-Blueprints (B0D832E4-1F89-4F0D-ACCF-7EB736FD4AA2): 10
LogDevObjectVersion:   Dev-Build (E1C64328-A22C-4D53-A36C-8E866417BD8C): 0
LogDevObjectVersion:   Dev-Core (375EC13C-06E4-48FB-B500-84F0262A717E): 4
LogDevObjectVersion:   Dev-Editor (E4B068ED-F494-42E9-A231-DA0B2E46BB41): 38
LogDevObjectVersion:   Dev-Framework (CFFC743F-43B0-4480-9391-14DF171D2073): 37
LogDevObjectVersion:   Dev-Mobile (B02B49B5-BB20-44E9-A304-32B752E40360): 2
LogDevObjectVersion:   Dev-Networking (A4E4105C-59A1-49B5-A7C5-40C4547EDFEE): 0
LogDevObjectVersion:   Dev-Online (39C831C9-5AE6-47DC-9A44-9C173E1C8E7C): 0
LogDevObjectVersion:   Dev-Physics (78F01B33-EBEA-4F98-B9B4-84EACCB95AA2): 4
LogDevObjectVersion:   Dev-Platform (6631380F-2D4D-43E0-8009-CF276956A95A): 0
LogDevObjectVersion:   Dev-Rendering (12F88B9F-8875-4AFC-A67C-D90C383ABD29): 43
LogDevObjectVersion:   Dev-Sequencer (7B5AE74C-D270-4C10-A958-57980B212A5A): 12
LogDevObjectVersion:   Dev-VR (D7296918-1DD6-4BDD-9DE2-64A83CC13884): 3
LogDevObjectVersion:   Dev-LoadTimes (C2A15278-BFE7-4AFE-6C17-90FF531DF755): 1
LogDevObjectVersion:   Private-Geometry (6EACA3D4-40EC-4CC1-B786-8BED09428FC5): 3
LogDevObjectVersion:   Dev-AnimPhys (29E575DD-E0A3-4627-9D10-D276232CDCEA): 17
LogDevObjectVersion:   Dev-Anim (AF43A65D-7FD3-4947-9873-3E8ED9C1BB05): 7
LogDevObjectVersion:   Dev-ReflectionCapture (6B266CEC-1EC7-4B8F-A30B-E4D90942FC07): 1
LogDevObjectVersion:   Dev-Automation (0DF73D61-A23F-47EA-B727-89E90C41499A): 1
LogDevObjectVersion:   FortniteMain (601D1886-AC64-4F84-AA16-D3DE0DEAC7D6): 31
LogDevObjectVersion:   Dev-Enterprise (9DFFBCD6-494F-0158-E221-12823C92A888): 10
LogDevObjectVersion:   Dev-Niagara (F2AED0AC-9AFE-416F-8664-AA7FFA26D6FC): 1
LogDevObjectVersion:   Dev-Destruction (174F1F0B-B4C6-45A5-B13F-2EE8D0FB917D): 10
LogDevObjectVersion:   Dev-Physics-Ext (35F94A83-E258-406C-A318-09F59610247C): 37
LogDevObjectVersion:   Dev-PhysicsMaterial-Chaos (B68FC16E-8B1B-42E2-B453-215C058844FE): 1
LogDevObjectVersion:   Dev-CineCamera (B2E18506-4273-CFC2-A54E-F4BB758BBA07): 1
LogInit: Presizing for max 25165824 objects, including 0 objects not considered by GC, pre-allocating 0 bytes for permanent pool.
LogConfig: Applying CVar settings from Section [/Script/Engine.StreamingSettings] File [D:/Code/unreal/CoopGame/GoopGame/Saved/Config/Windows/Engine.ini]
LogConfig: Setting CVar [[s.MinBulkDataSizeForAsyncLoading:131072]]
LogConfig: Setting CVar [[s.AsyncLoadingThreadEnabled:0]]
LogConfig: Setting CVar [[s.EventDrivenLoaderEnabled:1]]
LogConfig: Setting CVar [[s.WarnIfTimeLimitExceeded:0]]
LogConfig: Setting CVar [[s.TimeLimitExceededMultiplier:1.5]]
LogConfig: Setting CVar [[s.TimeLimitExceededMinTime:0.005]]
LogConfig: Setting CVar [[s.UseBackgroundLevelStreaming:1]]
LogConfig: Setting CVar [[s.PriorityAsyncLoadingExtraTime:15.0]]
LogConfig: Setting CVar [[s.LevelStreamingActorsUpdateTimeLimit:5.0]]
LogConfig: Setting CVar [[s.PriorityLevelStreamingActorsUpdateExtraTime:5.0]]
LogConfig: Setting CVar [[s.LevelStreamingComponentsRegistrationGranularity:10]]
LogConfig: Setting CVar [[s.UnregisterComponentsTimeLimit:1.0]]
LogConfig: Setting CVar [[s.LevelStreamingComponentsUnregistrationGranularity:5]]
LogConfig: Setting CVar [[s.FlushStreamingOnExit:1]]
LogInit: Object subsystem initialized
LogConfig: Setting CVar [[con.DebugEarlyDefault:1]]
LogConfig: Setting CVar [[r.setres:1280x720]]
[2020.10.01-05.07.05:817][  0]LogConfig: Setting CVar [[r.VSync:0]]
[2020.10.01-05.07.05:817][  0]LogConfig: Setting CVar [[r.RHICmdBypass:0]]
[2020.10.01-05.07.05:817][  0]LogConfig: Applying CVar settings from Section [/Script/Engine.RendererSettings] File [D:/Code/unreal/CoopGame/GoopGame/Saved/Config/Windows/Engine.ini]
[2020.10.01-05.07.05:817][  0]LogConfig: Setting CVar [[r.GPUCrashDebugging:0]]
[2020.10.01-05.07.05:817][  0]LogConfig: Setting CVar [[r.ReflectionEnvironmentLightmapMixBasedOnRoughness:1]]
[2020.10.01-05.07.05:817][  0]LogConfig: Applying CVar settings from Section [/Script/Engine.RendererOverrideSettings] File [D:/Code/unreal/CoopGame/GoopGame/Saved/Config/Windows/Engine.ini]
[2020.10.01-05.07.05:817][  0]LogConfig: Applying CVar settings from Section [/Script/Engine.StreamingSettings] File [D:/Code/unreal/CoopGame/GoopGame/Saved/Config/Windows/Engine.ini]
[2020.10.01-05.07.05:817][  0]LogConfig: Setting CVar [[s.MinBulkDataSizeForAsyncLoading:131072]]
[2020.10.01-05.07.05:817][  0]LogConfig: Setting CVar [[s.AsyncLoadingThreadEnabled:0]]
[2020.10.01-05.07.05:817][  0]LogConfig: Setting CVar [[s.EventDrivenLoaderEnabled:1]]
[2020.10.01-05.07.05:817][  0]LogConfig: Setting CVar [[s.WarnIfTimeLimitExceeded:0]]
[2020.10.01-05.07.05:817][  0]LogConfig: Setting CVar [[s.TimeLimitExceededMultiplier:1.5]]
[2020.10.01-05.07.05:817][  0]LogConfig: Setting CVar [[s.TimeLimitExceededMinTime:0.005]]
[2020.10.01-05.07.05:817][  0]LogConfig: Setting CVar [[s.UseBackgroundLevelStreaming:1]]
[2020.10.01-05.07.05:817][  0]LogConfig: Setting CVar [[s.PriorityAsyncLoadingExtraTime:15.0]]
[2020.10.01-05.07.05:817][  0]LogConfig: Setting CVar [[s.LevelStreamingActorsUpdateTimeLimit:5.0]]
[2020.10.01-05.07.05:817][  0]LogConfig: Setting CVar [[s.PriorityLevelStreamingActorsUpdateExtraTime:5.0]]
[2020.10.01-05.07.05:817][  0]LogConfig: Setting CVar [[s.LevelStreamingComponentsRegistrationGranularity:10]]
[2020.10.01-05.07.05:817][  0]LogConfig: Setting CVar [[s.UnregisterComponentsTimeLimit:1.0]]
[2020.10.01-05.07.05:817][  0]LogConfig: Setting CVar [[s.LevelStreamingComponentsUnregistrationGranularity:5]]
[2020.10.01-05.07.05:817][  0]LogConfig: Setting CVar [[s.FlushStreamingOnExit:1]]
[2020.10.01-05.07.05:817][  0]LogConfig: Applying CVar settings from Section [/Script/Engine.GarbageCollectionSettings] File [D:/Code/unreal/CoopGame/GoopGame/Saved/Config/Windows/Engine.ini]
[2020.10.01-05.07.05:817][  0]LogConfig: Setting CVar [[gc.MaxObjectsNotConsideredByGC:1]]
[2020.10.01-05.07.05:817][  0]LogConfig: Setting CVar [[gc.SizeOfPermanentObjectPool:0]]
[2020.10.01-05.07.05:817][  0]LogConfig: Setting CVar [[gc.FlushStreamingOnGC:0]]
[2020.10.01-05.07.05:817][  0]LogConfig: Setting CVar [[gc.NumRetriesBeforeForcingGC:10]]
[2020.10.01-05.07.05:817][  0]LogConfig: Setting CVar [[gc.AllowParallelGC:1]]
[2020.10.01-05.07.05:817][  0]LogConfig: Setting CVar [[gc.TimeBetweenPurgingPendingKillObjects:61.1]]
[2020.10.01-05.07.05:817][  0]LogConfig: Setting CVar [[gc.MaxObjectsInEditor:25165824]]
[2020.10.01-05.07.05:817][  0]LogConfig: Setting CVar [[gc.IncrementalBeginDestroyEnabled:1]]
[2020.10.01-05.07.05:817][  0]LogConfig: Setting CVar [[gc.CreateGCClusters:1]]
[2020.10.01-05.07.05:817][  0]LogConfig: Setting CVar [[gc.MinGCClusterSize:5]]
[2020.10.01-05.07.05:817][  0]LogConfig: Setting CVar [[gc.ActorClusteringEnabled:0]]
[2020.10.01-05.07.05:817][  0]LogConfig: Setting CVar [[gc.BlueprintClusteringEnabled:0]]
[2020.10.01-05.07.05:817][  0]LogConfig: Setting CVar [[gc.UseDisregardForGCOnDedicatedServers:0]]
[2020.10.01-05.07.05:817][  0]LogConfig: Applying CVar settings from Section [/Script/Engine.NetworkSettings] File [D:/Code/unreal/CoopGame/GoopGame/Saved/Config/Windows/Engine.ini]
[2020.10.01-05.07.05:817][  0]LogConfig: Applying CVar settings from Section [/Script/UnrealEd.CookerSettings] File [D:/Code/unreal/CoopGame/GoopGame/Saved/Config/Windows/Engine.ini]
[2020.10.01-05.07.05:820][  0]LogConfig: Applying CVar settings from Section [ViewDistanceQuality@3] File [D:/Code/unreal/CoopGame/GoopGame/Saved/Config/Windows/Scalability.ini]
[2020.10.01-05.07.05:820][  0]LogConfig: Setting CVar [[r.SkeletalMeshLODBias:0]]
[2020.10.01-05.07.05:820][  0]LogConfig: Setting CVar [[r.ViewDistanceScale:1.0]]
[2020.10.01-05.07.05:820][  0]LogConfig: Applying CVar settings from Section [AntiAliasingQuality@3] File [D:/Code/unreal/CoopGame/GoopGame/Saved/Config/Windows/Scalability.ini]
[2020.10.01-05.07.05:820][  0]LogConfig: Setting CVar [[r.PostProcessAAQuality:4]]
[2020.10.01-05.07.05:820][  0]LogConfig: Applying CVar settings from Section [ShadowQuality@3] File [D:/Code/unreal/CoopGame/GoopGame/Saved/Config/Windows/Scalability.ini]
[2020.10.01-05.07.05:820][  0]LogConfig: Setting CVar [[r.LightFunctionQuality:1]]
[2020.10.01-05.07.05:820][  0]LogConfig: Setting CVar [[r.ShadowQuality:5]]
[2020.10.01-05.07.05:820][  0]LogConfig: Setting CVar [[r.Shadow.CSM.MaxCascades:10]]
[2020.10.01-05.07.05:820][  0]LogConfig: Setting CVar [[r.Shadow.MaxResolution:2048]]
[2020.10.01-05.07.05:820][  0]LogConfig: Setting CVar [[r.Shadow.MaxCSMResolution:2048]]
[2020.10.01-05.07.05:820][  0]LogConfig: Setting CVar [[r.Shadow.RadiusThreshold:0.01]]
[2020.10.01-05.07.05:820][  0]LogConfig: Setting CVar [[r.Shadow.DistanceScale:1.0]]
[2020.10.01-05.07.05:820][  0]LogConfig: Setting CVar [[r.Shadow.CSM.TransitionScale:1.0]]
[2020.10.01-05.07.05:820][  0]LogConfig: Setting CVar [[r.Shadow.PreShadowResolutionFactor:1.0]]
[2020.10.01-05.07.05:820][  0]LogConfig: Setting CVar [[r.DistanceFieldShadowing:1]]
[2020.10.01-05.07.05:820][  0]LogConfig: Setting CVar [[r.DistanceFieldAO:1]]
[2020.10.01-05.07.05:820][  0]LogConfig: Setting CVar [[r.AOQuality:2]]
[2020.10.01-05.07.05:820][  0]LogConfig: Setting CVar [[r.VolumetricFog:1]]
[2020.10.01-05.07.05:820][  0]LogConfig: Setting CVar [[r.VolumetricFog.GridPixelSize:8]]
[2020.10.01-05.07.05:820][  0]LogConfig: Setting CVar [[r.VolumetricFog.GridSizeZ:128]]
[2020.10.01-05.07.05:820][  0]LogConfig: Setting CVar [[r.VolumetricFog.HistoryMissSupersampleCount:4]]
[2020.10.01-05.07.05:820][  0]LogConfig: Setting CVar [[r.LightMaxDrawDistanceScale:1]]
[2020.10.01-05.07.05:820][  0]LogConfig: Setting CVar [[r.CapsuleShadows:1]]
[2020.10.01-05.07.05:820][  0]LogConfig: Applying CVar settings from Section [PostProcessQuality@3] File [D:/Code/unreal/CoopGame/GoopGame/Saved/Config/Windows/Scalability.ini]
[2020.10.01-05.07.05:820][  0]LogConfig: Setting CVar [[r.MotionBlurQuality:4]]
[2020.10.01-05.07.05:820][  0]LogConfig: Setting CVar [[r.AmbientOcclusionMipLevelFactor:0.4]]
[2020.10.01-05.07.05:820][  0]LogConfig: Setting CVar [[r.AmbientOcclusionMaxQuality:100]]
[2020.10.01-05.07.05:820][  0]LogConfig: Setting CVar [[r.AmbientOcclusionLevels:-1]]
[2020.10.01-05.07.05:820][  0]LogConfig: Setting CVar [[r.AmbientOcclusionRadiusScale:1.0]]
[2020.10.01-05.07.05:820][  0]LogConfig: Setting CVar [[r.DepthOfFieldQuality:2]]
[2020.10.01-05.07.05:820][  0]LogConfig: Setting CVar [[r.RenderTargetPoolMin:400]]
[2020.10.01-05.07.05:820][  0]LogConfig: Setting CVar [[r.LensFlareQuality:2]]
[2020.10.01-05.07.05:820][  0]LogConfig: Setting CVar [[r.SceneColorFringeQuality:1]]
[2020.10.01-05.07.05:820][  0]LogConfig: Setting CVar [[r.EyeAdaptationQuality:2]]
[2020.10.01-05.07.05:820][  0]LogConfig: Setting CVar [[r.BloomQuality:5]]
[2020.10.01-05.07.05:820][  0]LogConfig: Setting CVar [[r.FastBlurThreshold:100]]
[2020.10.01-05.07.05:820][  0]LogConfig: Setting CVar [[r.Upscale.Quality:3]]
[2020.10.01-05.07.05:820][  0]LogConfig: Setting CVar [[r.Tonemapper.GrainQuantization:1]]
[2020.10.01-05.07.05:820][  0]LogConfig: Setting CVar [[r.LightShaftQuality:1]]
[2020.10.01-05.07.05:820][  0]LogConfig: Setting CVar [[r.Filter.SizeScale:1]]
[2020.10.01-05.07.05:820][  0]LogConfig: Setting CVar [[r.Tonemapper.Quality:5]]
[2020.10.01-05.07.05:820][  0]LogConfig: Setting CVar [[r.DOF.Gather.AccumulatorQuality:1        ; higher gathering accumulator quality]]
[2020.10.01-05.07.05:820][  0]LogConfig: Setting CVar [[r.DOF.Gather.PostfilterMethod:1          ; Median3x3 postfilering method]]
[2020.10.01-05.07.05:820][  0]LogConfig: Setting CVar [[r.DOF.Gather.EnableBokehSettings:0       ; no bokeh simulation when gathering]]
[2020.10.01-05.07.05:820][  0]LogConfig: Setting CVar [[r.DOF.Gather.RingCount:4                 ; medium number of samples when gathering]]
[2020.10.01-05.07.05:820][  0]LogConfig: Setting CVar [[r.DOF.Scatter.ForegroundCompositing:1    ; additive foreground scattering]]
[2020.10.01-05.07.05:820][  0]LogConfig: Setting CVar [[r.DOF.Scatter.BackgroundCompositing:2    ; additive background scattering]]
[2020.10.01-05.07.05:820][  0]LogConfig: Setting CVar [[r.DOF.Scatter.EnableBokehSettings:1      ; bokeh simulation when scattering]]
[2020.10.01-05.07.05:820][  0]LogConfig: Setting CVar [[r.DOF.Scatter.MaxSpriteRatio:0.1         ; only a maximum of 10% of scattered bokeh]]
[2020.10.01-05.07.05:820][  0]LogConfig: Setting CVar [[r.DOF.Recombine.Quality:1                ; cheap slight out of focus]]
[2020.10.01-05.07.05:820][  0]LogConfig: Setting CVar [[r.DOF.Recombine.EnableBokehSettings:0    ; no bokeh simulation on slight out of focus]]
[2020.10.01-05.07.05:820][  0]LogConfig: Setting CVar [[r.DOF.TemporalAAQuality:1                ; more stable temporal accumulation]]
[2020.10.01-05.07.05:820][  0]LogConfig: Setting CVar [[r.DOF.Kernel.MaxForegroundRadius:0.025]]
[2020.10.01-05.07.05:820][  0]LogConfig: Setting CVar [[r.DOF.Kernel.MaxBackgroundRadius:0.025]]
[2020.10.01-05.07.05:820][  0]LogConfig: Applying CVar settings from Section [TextureQuality@3] File [D:/Code/unreal/CoopGame/GoopGame/Saved/Config/Windows/Scalability.ini]
[2020.10.01-05.07.05:820][  0]LogConfig: Setting CVar [[r.Streaming.MipBias:0]]
[2020.10.01-05.07.05:820][  0]LogConfig: Setting CVar [[r.Streaming.AmortizeCPUToGPUCopy:0]]
[2020.10.01-05.07.05:820][  0]LogConfig: Setting CVar [[r.Streaming.MaxNumTexturesToStreamPerFrame:0]]
[2020.10.01-05.07.05:820][  0]LogConfig: Setting CVar [[r.Streaming.Boost:1]]
[2020.10.01-05.07.05:820][  0]LogConfig: Setting CVar [[r.MaxAnisotropy:8]]
[2020.10.01-05.07.05:820][  0]LogConfig: Setting CVar [[r.VT.MaxAnisotropy:8]]
[2020.10.01-05.07.05:820][  0]LogConfig: Setting CVar [[r.Streaming.LimitPoolSizeToVRAM:0]]
[2020.10.01-05.07.05:820][  0]LogConfig: Setting CVar [[r.Streaming.PoolSize:1000]]
[2020.10.01-05.07.05:820][  0]LogConfig: Setting CVar [[r.Streaming.MaxEffectiveScreenSize:0]]
[2020.10.01-05.07.05:820][  0]LogConfig: Applying CVar settings from Section [EffectsQuality@3] File [D:/Code/unreal/CoopGame/GoopGame/Saved/Config/Windows/Scalability.ini]
[2020.10.01-05.07.05:820][  0]LogConfig: Setting CVar [[r.TranslucencyLightingVolumeDim:64]]
[2020.10.01-05.07.05:820][  0]LogConfig: Setting CVar [[r.RefractionQuality:2]]
[2020.10.01-05.07.05:820][  0]LogConfig: Setting CVar [[r.SSR.Quality:3]]
[2020.10.01-05.07.05:820][  0]LogConfig: Setting CVar [[r.SSR.HalfResSceneColor:0]]
[2020.10.01-05.07.05:820][  0]LogConfig: Setting CVar [[r.SceneColorFormat:4]]
[2020.10.01-05.07.05:820][  0]LogConfig: Setting CVar [[r.DetailMode:2]]
[2020.10.01-05.07.05:820][  0]LogConfig: Setting CVar [[r.TranslucencyVolumeBlur:1]]
[2020.10.01-05.07.05:820][  0]LogConfig: Setting CVar [[r.MaterialQualityLevel:1 ; High quality]]
[2020.10.01-05.07.05:820][  0]LogConfig: Setting CVar [[r.SSS.Scale:1]]
[2020.10.01-05.07.05:820][  0]LogConfig: Setting CVar [[r.SSS.SampleSet:2]]
[2020.10.01-05.07.05:820][  0]LogConfig: Setting CVar [[r.SSS.Quality:1]]
[2020.10.01-05.07.05:820][  0]LogConfig: Setting CVar [[r.SSS.HalfRes:0]]
[2020.10.01-05.07.05:820][  0]LogConfig: Setting CVar [[r.SSGI.Quality:3]]
[2020.10.01-05.07.05:820][  0]LogConfig: Setting CVar [[r.EmitterSpawnRateScale:1.0]]
[2020.10.01-05.07.05:820][  0]LogConfig: Setting CVar [[r.ParticleLightQuality:2]]
[2020.10.01-05.07.05:820][  0]LogConfig: Setting CVar [[r.SkyAtmosphere.AerialPerspectiveLUT.FastApplyOnOpaque:1 ; Always have FastSkyLUT 1 in this case to avoid wrong sky]]
[2020.10.01-05.07.05:820][  0]LogConfig: Setting CVar [[r.SkyAtmosphere.AerialPerspectiveLUT.SampleCountPerSlice:1]]
[2020.10.01-05.07.05:820][  0]LogConfig: Setting CVar [[r.SkyAtmosphere.AerialPerspectiveLUT.DepthResolution:16.0]]
[2020.10.01-05.07.05:820][  0]LogConfig: Setting CVar [[r.SkyAtmosphere.FastSkyLUT:1]]
[2020.10.01-05.07.05:820][  0]LogConfig: Setting CVar [[r.SkyAtmosphere.FastSkyLUT.SampleCountMin:4.0]]
[2020.10.01-05.07.05:820][  0]LogConfig: Setting CVar [[r.SkyAtmosphere.FastSkyLUT.SampleCountMax:32.0]]
[2020.10.01-05.07.05:820][  0]LogConfig: Setting CVar [[r.SkyAtmosphere.SampleCountMin:4.0]]
[2020.10.01-05.07.05:820][  0]LogConfig: Setting CVar [[r.SkyAtmosphere.SampleCountMax:32.0]]
[2020.10.01-05.07.05:820][  0]LogConfig: Setting CVar [[r.SkyAtmosphere.TransmittanceLUT.UseSmallFormat:0]]
[2020.10.01-05.07.05:820][  0]LogConfig: Setting CVar [[r.SkyAtmosphere.TransmittanceLUT.SampleCount:10.0]]
[2020.10.01-05.07.05:820][  0]LogConfig: Setting CVar [[r.SkyAtmosphere.MultiScatteringLUT.SampleCount:15.0]]
[2020.10.01-05.07.05:820][  0]LogConfig: Applying CVar settings from Section [FoliageQuality@3] File [D:/Code/unreal/CoopGame/GoopGame/Saved/Config/Windows/Scalability.ini]
[2020.10.01-05.07.05:820][  0]LogConfig: Setting CVar [[foliage.DensityScale:1.0]]
[2020.10.01-05.07.05:820][  0]LogConfig: Setting CVar [[grass.DensityScale:1.0]]
[2020.10.01-05.07.05:820][  0]LogConfig: Applying CVar settings from Section [ShadingQuality@3] File [D:/Code/unreal/CoopGame/GoopGame/Saved/Config/Windows/Scalability.ini]
[2020.10.01-05.07.05:820][  0]LogConfig: Setting CVar [[r.HairStrands.SkyLighting.SampleCount:16]]
[2020.10.01-05.07.05:820][  0]LogConfig: Setting CVar [[r.HairStrands.SkyLighting.JitterIntegration:0]]
[2020.10.01-05.07.05:820][  0]LogConfig: Setting CVar [[r.HairStrands.SkyAO.SampleCount:16]]
[2020.10.01-05.07.05:820][  0]LogConfig: Setting CVar [[r.HairStrands.DeepShadow.SuperSampling:0]]
[2020.10.01-05.07.05:820][  0]LogConfig: Setting CVar [[r.HairStrands.VisibilityPPLL:0]]
[2020.10.01-05.07.05:820][  0]LogConfig: Setting CVar [[r.HairStrands.RasterizationScale:0.5]]
[2020.10.01-05.07.05:820][  0]LogConfig: Setting CVar [[r.HairStrands.VelocityRasterizationScale:1]]
[2020.10.01-05.07.05:820][  0]LogInit: Selected Device Profile: [Windows]
[2020.10.01-05.07.05:820][  0]LogInit: Applying CVar settings loaded from the selected device profile: [Windows]
[2020.10.01-05.07.05:821][  0]LogHAL: Display: Platform has ~ 32 GB [34186383360 / 34359738368 / 32], which maps to Largest [LargestMinGB=32, LargerMinGB=12, DefaultMinGB=8, SmallerMinGB=6, SmallestMinGB=0)
[2020.10.01-05.07.05:821][  0]LogInit: Going up to parent DeviceProfile []
[2020.10.01-05.07.05:821][  0]LogConfig: Applying CVar settings from Section [ViewDistanceQuality@3] File [D:/Code/unreal/CoopGame/GoopGame/Saved/Config/Windows/Scalability.ini]
[2020.10.01-05.07.05:821][  0]LogConfig: Setting CVar [[r.SkeletalMeshLODBias:0]]
[2020.10.01-05.07.05:821][  0]LogConfig: Setting CVar [[r.ViewDistanceScale:1.0]]
[2020.10.01-05.07.05:821][  0]LogConfig: Applying CVar settings from Section [AntiAliasingQuality@3] File [D:/Code/unreal/CoopGame/GoopGame/Saved/Config/Windows/Scalability.ini]
[2020.10.01-05.07.05:821][  0]LogConfig: Setting CVar [[r.PostProcessAAQuality:4]]
[2020.10.01-05.07.05:821][  0]LogConfig: Applying CVar settings from Section [ShadowQuality@3] File [D:/Code/unreal/CoopGame/GoopGame/Saved/Config/Windows/Scalability.ini]
[2020.10.01-05.07.05:821][  0]LogConfig: Setting CVar [[r.LightFunctionQuality:1]]
[2020.10.01-05.07.05:821][  0]LogConfig: Setting CVar [[r.ShadowQuality:5]]
[2020.10.01-05.07.05:821][  0]LogConfig: Setting CVar [[r.Shadow.CSM.MaxCascades:10]]
[2020.10.01-05.07.05:821][  0]LogConfig: Setting CVar [[r.Shadow.MaxResolution:2048]]
[2020.10.01-05.07.05:821][  0]LogConfig: Setting CVar [[r.Shadow.MaxCSMResolution:2048]]
[2020.10.01-05.07.05:821][  0]LogConfig: Setting CVar [[r.Shadow.RadiusThreshold:0.01]]
[2020.10.01-05.07.05:821][  0]LogConfig: Setting CVar [[r.Shadow.DistanceScale:1.0]]
[2020.10.01-05.07.05:821][  0]LogConfig: Setting CVar [[r.Shadow.CSM.TransitionScale:1.0]]
[2020.10.01-05.07.05:821][  0]LogConfig: Setting CVar [[r.Shadow.PreShadowResolutionFactor:1.0]]
[2020.10.01-05.07.05:821][  0]LogConfig: Setting CVar [[r.DistanceFieldShadowing:1]]
[2020.10.01-05.07.05:821][  0]LogConfig: Setting CVar [[r.DistanceFieldAO:1]]
[2020.10.01-05.07.05:821][  0]LogConfig: Setting CVar [[r.AOQuality:2]]
[2020.10.01-05.07.05:821][  0]LogConfig: Setting CVar [[r.VolumetricFog:1]]
[2020.10.01-05.07.05:821][  0]LogConfig: Setting CVar [[r.VolumetricFog.GridPixelSize:8]]
[2020.10.01-05.07.05:821][  0]LogConfig: Setting CVar [[r.VolumetricFog.GridSizeZ:128]]
[2020.10.01-05.07.05:821][  0]LogConfig: Setting CVar [[r.VolumetricFog.HistoryMissSupersampleCount:4]]
[2020.10.01-05.07.05:821][  0]LogConfig: Setting CVar [[r.LightMaxDrawDistanceScale:1]]
[2020.10.01-05.07.05:821][  0]LogConfig: Setting CVar [[r.CapsuleShadows:1]]
[2020.10.01-05.07.05:821][  0]LogConfig: Applying CVar settings from Section [PostProcessQuality@3] File [D:/Code/unreal/CoopGame/GoopGame/Saved/Config/Windows/Scalability.ini]
[2020.10.01-05.07.05:821][  0]LogConfig: Setting CVar [[r.MotionBlurQuality:4]]
[2020.10.01-05.07.05:821][  0]LogConfig: Setting CVar [[r.AmbientOcclusionMipLevelFactor:0.4]]
[2020.10.01-05.07.05:821][  0]LogConfig: Setting CVar [[r.AmbientOcclusionMaxQuality:100]]
[2020.10.01-05.07.05:821][  0]LogConfig: Setting CVar [[r.AmbientOcclusionLevels:-1]]
[2020.10.01-05.07.05:821][  0]LogConfig: Setting CVar [[r.AmbientOcclusionRadiusScale:1.0]]
[2020.10.01-05.07.05:821][  0]LogConfig: Setting CVar [[r.DepthOfFieldQuality:2]]
[2020.10.01-05.07.05:821][  0]LogConfig: Setting CVar [[r.RenderTargetPoolMin:400]]
[2020.10.01-05.07.05:821][  0]LogConfig: Setting CVar [[r.LensFlareQuality:2]]
[2020.10.01-05.07.05:821][  0]LogConfig: Setting CVar [[r.SceneColorFringeQuality:1]]
[2020.10.01-05.07.05:821][  0]LogConfig: Setting CVar [[r.EyeAdaptationQuality:2]]
[2020.10.01-05.07.05:821][  0]LogConfig: Setting CVar [[r.BloomQuality:5]]
[2020.10.01-05.07.05:821][  0]LogConfig: Setting CVar [[r.FastBlurThreshold:100]]
[2020.10.01-05.07.05:821][  0]LogConfig: Setting CVar [[r.Upscale.Quality:3]]
[2020.10.01-05.07.05:821][  0]LogConfig: Setting CVar [[r.Tonemapper.GrainQuantization:1]]
[2020.10.01-05.07.05:821][  0]LogConfig: Setting CVar [[r.LightShaftQuality:1]]
[2020.10.01-05.07.05:821][  0]LogConfig: Setting CVar [[r.Filter.SizeScale:1]]
[2020.10.01-05.07.05:821][  0]LogConfig: Setting CVar [[r.Tonemapper.Quality:5]]
[2020.10.01-05.07.05:821][  0]LogConfig: Setting CVar [[r.DOF.Gather.AccumulatorQuality:1        ; higher gathering accumulator quality]]
[2020.10.01-05.07.05:821][  0]LogConfig: Setting CVar [[r.DOF.Gather.PostfilterMethod:1          ; Median3x3 postfilering method]]
[2020.10.01-05.07.05:821][  0]LogConfig: Setting CVar [[r.DOF.Gather.EnableBokehSettings:0       ; no bokeh simulation when gathering]]
[2020.10.01-05.07.05:821][  0]LogConfig: Setting CVar [[r.DOF.Gather.RingCount:4                 ; medium number of samples when gathering]]
[2020.10.01-05.07.05:821][  0]LogConfig: Setting CVar [[r.DOF.Scatter.ForegroundCompositing:1    ; additive foreground scattering]]
[2020.10.01-05.07.05:821][  0]LogConfig: Setting CVar [[r.DOF.Scatter.BackgroundCompositing:2    ; additive background scattering]]
[2020.10.01-05.07.05:821][  0]LogConfig: Setting CVar [[r.DOF.Scatter.EnableBokehSettings:1      ; bokeh simulation when scattering]]
[2020.10.01-05.07.05:821][  0]LogConfig: Setting CVar [[r.DOF.Scatter.MaxSpriteRatio:0.1         ; only a maximum of 10% of scattered bokeh]]
[2020.10.01-05.07.05:821][  0]LogConfig: Setting CVar [[r.DOF.Recombine.Quality:1                ; cheap slight out of focus]]
[2020.10.01-05.07.05:821][  0]LogConfig: Setting CVar [[r.DOF.Recombine.EnableBokehSettings:0    ; no bokeh simulation on slight out of focus]]
[2020.10.01-05.07.05:821][  0]LogConfig: Setting CVar [[r.DOF.TemporalAAQuality:1                ; more stable temporal accumulation]]
[2020.10.01-05.07.05:821][  0]LogConfig: Setting CVar [[r.DOF.Kernel.MaxForegroundRadius:0.025]]
[2020.10.01-05.07.05:821][  0]LogConfig: Setting CVar [[r.DOF.Kernel.MaxBackgroundRadius:0.025]]
[2020.10.01-05.07.05:821][  0]LogConfig: Applying CVar settings from Section [TextureQuality@3] File [D:/Code/unreal/CoopGame/GoopGame/Saved/Config/Windows/Scalability.ini]
[2020.10.01-05.07.05:821][  0]LogConfig: Setting CVar [[r.Streaming.MipBias:0]]
[2020.10.01-05.07.05:821][  0]LogConfig: Setting CVar [[r.Streaming.AmortizeCPUToGPUCopy:0]]
[2020.10.01-05.07.05:821][  0]LogConfig: Setting CVar [[r.Streaming.MaxNumTexturesToStreamPerFrame:0]]
[2020.10.01-05.07.05:821][  0]LogConfig: Setting CVar [[r.Streaming.Boost:1]]
[2020.10.01-05.07.05:821][  0]LogConfig: Setting CVar [[r.MaxAnisotropy:8]]
[2020.10.01-05.07.05:821][  0]LogConfig: Setting CVar [[r.VT.MaxAnisotropy:8]]
[2020.10.01-05.07.05:821][  0]LogConfig: Setting CVar [[r.Streaming.LimitPoolSizeToVRAM:0]]
[2020.10.01-05.07.05:821][  0]LogConfig: Setting CVar [[r.Streaming.PoolSize:1000]]
[2020.10.01-05.07.05:821][  0]LogConfig: Setting CVar [[r.Streaming.MaxEffectiveScreenSize:0]]
[2020.10.01-05.07.05:821][  0]LogConfig: Applying CVar settings from Section [EffectsQuality@3] File [D:/Code/unreal/CoopGame/GoopGame/Saved/Config/Windows/Scalability.ini]
[2020.10.01-05.07.05:821][  0]LogConfig: Setting CVar [[r.TranslucencyLightingVolumeDim:64]]
[2020.10.01-05.07.05:821][  0]LogConfig: Setting CVar [[r.RefractionQuality:2]]
[2020.10.01-05.07.05:821][  0]LogConfig: Setting CVar [[r.SSR.Quality:3]]
[2020.10.01-05.07.05:821][  0]LogConfig: Setting CVar [[r.SSR.HalfResSceneColor:0]]
[2020.10.01-05.07.05:821][  0]LogConfig: Setting CVar [[r.SceneColorFormat:4]]
[2020.10.01-05.07.05:821][  0]LogConfig: Setting CVar [[r.DetailMode:2]]
[2020.10.01-05.07.05:821][  0]LogConfig: Setting CVar [[r.TranslucencyVolumeBlur:1]]
[2020.10.01-05.07.05:821][  0]LogConfig: Setting CVar [[r.MaterialQualityLevel:1 ; High quality]]
[2020.10.01-05.07.05:821][  0]LogConfig: Setting CVar [[r.SSS.Scale:1]]
[2020.10.01-05.07.05:821][  0]LogConfig: Setting CVar [[r.SSS.SampleSet:2]]
[2020.10.01-05.07.05:821][  0]LogConfig: Setting CVar [[r.SSS.Quality:1]]
[2020.10.01-05.07.05:821][  0]LogConfig: Setting CVar [[r.SSS.HalfRes:0]]
[2020.10.01-05.07.05:821][  0]LogConfig: Setting CVar [[r.SSGI.Quality:3]]
[2020.10.01-05.07.05:821][  0]LogConfig: Setting CVar [[r.EmitterSpawnRateScale:1.0]]
[2020.10.01-05.07.05:821][  0]LogConfig: Setting CVar [[r.ParticleLightQuality:2]]
[2020.10.01-05.07.05:821][  0]LogConfig: Setting CVar [[r.SkyAtmosphere.AerialPerspectiveLUT.FastApplyOnOpaque:1 ; Always have FastSkyLUT 1 in this case to avoid wrong sky]]
[2020.10.01-05.07.05:821][  0]LogConfig: Setting CVar [[r.SkyAtmosphere.AerialPerspectiveLUT.SampleCountPerSlice:1]]
[2020.10.01-05.07.05:821][  0]LogConfig: Setting CVar [[r.SkyAtmosphere.AerialPerspectiveLUT.DepthResolution:16.0]]
[2020.10.01-05.07.05:821][  0]LogConfig: Setting CVar [[r.SkyAtmosphere.FastSkyLUT:1]]
[2020.10.01-05.07.05:821][  0]LogConfig: Setting CVar [[r.SkyAtmosphere.FastSkyLUT.SampleCountMin:4.0]]
[2020.10.01-05.07.05:821][  0]LogConfig: Setting CVar [[r.SkyAtmosphere.FastSkyLUT.SampleCountMax:32.0]]
[2020.10.01-05.07.05:821][  0]LogConfig: Setting CVar [[r.SkyAtmosphere.SampleCountMin:4.0]]
[2020.10.01-05.07.05:821][  0]LogConfig: Setting CVar [[r.SkyAtmosphere.SampleCountMax:32.0]]
[2020.10.01-05.07.05:821][  0]LogConfig: Setting CVar [[r.SkyAtmosphere.TransmittanceLUT.UseSmallFormat:0]]
[2020.10.01-05.07.05:821][  0]LogConfig: Setting CVar [[r.SkyAtmosphere.TransmittanceLUT.SampleCount:10.0]]
[2020.10.01-05.07.05:821][  0]LogConfig: Setting CVar [[r.SkyAtmosphere.MultiScatteringLUT.SampleCount:15.0]]
[2020.10.01-05.07.05:821][  0]LogConfig: Applying CVar settings from Section [FoliageQuality@3] File [D:/Code/unreal/CoopGame/GoopGame/Saved/Config/Windows/Scalability.ini]
[2020.10.01-05.07.05:821][  0]LogConfig: Setting CVar [[foliage.DensityScale:1.0]]
[2020.10.01-05.07.05:821][  0]LogConfig: Setting CVar [[grass.DensityScale:1.0]]
[2020.10.01-05.07.05:821][  0]LogConfig: Applying CVar settings from Section [ShadingQuality@3] File [D:/Code/unreal/CoopGame/GoopGame/Saved/Config/Windows/Scalability.ini]
[2020.10.01-05.07.05:822][  0]LogConfig: Setting CVar [[r.HairStrands.SkyLighting.SampleCount:16]]
[2020.10.01-05.07.05:822][  0]LogConfig: Setting CVar [[r.HairStrands.SkyLighting.JitterIntegration:0]]
[2020.10.01-05.07.05:822][  0]LogConfig: Setting CVar [[r.HairStrands.SkyAO.SampleCount:16]]
[2020.10.01-05.07.05:822][  0]LogConfig: Setting CVar [[r.HairStrands.DeepShadow.SuperSampling:0]]
[2020.10.01-05.07.05:822][  0]LogConfig: Setting CVar [[r.HairStrands.VisibilityPPLL:0]]
[2020.10.01-05.07.05:822][  0]LogConfig: Setting CVar [[r.HairStrands.RasterizationScale:0.5]]
[2020.10.01-05.07.05:822][  0]LogConfig: Setting CVar [[r.HairStrands.VelocityRasterizationScale:1]]
[2020.10.01-05.07.05:822][  0]LogConfig: Applying CVar settings from Section [Startup] File [../../../Engine/Config/ConsoleVariables.ini]
[2020.10.01-05.07.05:822][  0]LogConfig: Setting CVar [[net.UseAdaptiveNetUpdateFrequency:0]]
[2020.10.01-05.07.05:822][  0]LogConfig: Setting CVar [[p.chaos.AllowCreatePhysxBodies:1]]
[2020.10.01-05.07.05:822][  0]LogConfig: Setting CVar [[fx.SkipVectorVMBackendOptimizations:1]]
[2020.10.01-05.07.05:822][  0]LogConfig: Applying CVar settings from Section [ConsoleVariables] File [D:/Code/unreal/CoopGame/GoopGame/Saved/Config/Windows/Engine.ini]
[2020.10.01-05.07.05:822][  0]LogInit: Computer: DESKTOP-G0SN44A
[2020.10.01-05.07.05:822][  0]LogInit: User: piang
[2020.10.01-05.07.05:822][  0]LogInit: CPU Page size=4096, Cores=8
[2020.10.01-05.07.05:822][  0]LogInit: High frequency timer resolution =10.000000 MHz
[2020.10.01-05.07.05:822][  0]LogMemory: Memory total: Physical=31.8GB (32GB approx)
[2020.10.01-05.07.05:822][  0]LogMemory: Platform Memory Stats for Windows
[2020.10.01-05.07.05:822][  0]LogMemory: Process Physical Memory: 117.27 MB used, 117.28 MB peak
[2020.10.01-05.07.05:822][  0]LogMemory: Process Virtual Memory: 103.30 MB used, 103.30 MB peak
[2020.10.01-05.07.05:822][  0]LogMemory: Physical Memory: 10489.63 MB used,  22113.04 MB free, 32602.68 MB total
[2020.10.01-05.07.05:822][  0]LogMemory: Virtual Memory: 5192.76 MB used,  134212536.00 MB free, 134217728.00 MB total
[2020.10.01-05.07.05:828][  0]LogWindows: WindowsPlatformFeatures enabled
[2020.10.01-05.07.05:860][  0]LogInit: Physics initialised using underlying interface: PhysX
[2020.10.01-05.07.05:861][  0]LogInit: Using OS detected language (zh-CN).
[2020.10.01-05.07.05:861][  0]LogInit: Using OS detected locale (zh-CN).
[2020.10.01-05.07.05:862][  0]LogTextLocalizationManager: No specific localization for 'zh-CN' exists, so the 'zh-Hans' localization will be used.
[2020.10.01-05.07.05:928][  0]LogTextLocalizationResource: LocRes '../../../Engine/Content/Localization/Editor/zh/Editor.locres' could not be opened for reading!
[2020.10.01-05.07.05:928][  0]LogTextLocalizationResource: LocRes '../../../Engine/Content/Localization/EditorTutorials/zh/EditorTutorials.locres' could not be opened for reading!
[2020.10.01-05.07.05:928][  0]LogTextLocalizationResource: LocRes '../../../Engine/Content/Localization/Keywords/zh/Keywords.locres' could not be opened for reading!
[2020.10.01-05.07.05:928][  0]LogTextLocalizationResource: LocRes '../../../Engine/Content/Localization/Category/zh/Category.locres' could not be opened for reading!
[2020.10.01-05.07.05:928][  0]LogTextLocalizationResource: LocRes '../../../Engine/Content/Localization/ToolTips/zh/ToolTips.locres' could not be opened for reading!
[2020.10.01-05.07.05:928][  0]LogTextLocalizationResource: LocRes '../../../Engine/Content/Localization/PropertyNames/zh/PropertyNames.locres' could not be opened for reading!
[2020.10.01-05.07.05:928][  0]LogTextLocalizationResource: LocRes '../../../Engine/Content/Localization/Engine/zh/Engine.locres' could not be opened for reading!
[2020.10.01-05.07.05:928][  0]LogTextLocalizationResource: LocRes '../../../Engine/Plugins/Online/Android/OnlineSubsystemGooglePlay/Content/Localization/OnlineSubsystemGooglePlay/zh/OnlineSubsystemGooglePlay.locres' could not be opened for reading!
[2020.10.01-05.07.05:928][  0]LogTextLocalizationResource: LocRes '../../../Engine/Plugins/Online/IOS/OnlineSubsystemIOS/Content/Localization/OnlineSubsystemIOS/zh/OnlineSubsystemIOS.locres' could not be opened for reading!
[2020.10.01-05.07.05:928][  0]LogTextLocalizationResource: LocRes '../../../Engine/Plugins/Online/OnlineSubsystem/Content/Localization/OnlineSubsystem/zh/OnlineSubsystem.locres' could not be opened for reading!
[2020.10.01-05.07.05:928][  0]LogTextLocalizationResource: LocRes '../../../Engine/Plugins/Online/OnlineSubsystemUtils/Content/Localization/OnlineSubsystemUtils/zh/OnlineSubsystemUtils.locres' could not be opened for reading!
[2020.10.01-05.07.05:965][  0]LogInit: Setting process to per monitor DPI aware
[2020.10.01-05.07.05:992][  0]LogSlate: New Slate User Created.  User Index 0, Is Virtual User: 0
[2020.10.01-05.07.05:992][  0]LogSlate: Slate User Registered.  User Index 0, Is Virtual User: 0
[2020.10.01-05.07.06:094][  0]LogHMD: Failed to initialize OpenVR with code 110
[2020.10.01-05.07.06:094][  0]LogD3D11RHI: D3D11 min allowed feature level: 11_0
[2020.10.01-05.07.06:094][  0]LogD3D11RHI: D3D11 max allowed feature level: 11_0
[2020.10.01-05.07.06:094][  0]LogD3D11RHI: D3D11 adapters:
[2020.10.01-05.07.06:165][  0]LogD3D11RHI:    0. 'NVIDIA GeForce RTX 2080 Super with Max-Q Design' (Feature Level 11_0)
[2020.10.01-05.07.06:165][  0]LogD3D11RHI:       8010/0/16301 MB DedicatedVideo/DedicatedSystem/SharedSystem, Outputs:1, VendorId:0x10de
[2020.10.01-05.07.06:184][  0]LogD3D11RHI:    1. 'Intel(R) UHD Graphics' (Feature Level 11_0)
[2020.10.01-05.07.06:184][  0]LogD3D11RHI:       128/0/16301 MB DedicatedVideo/DedicatedSystem/SharedSystem, Outputs:0, VendorId:0x8086
[2020.10.01-05.07.06:185][  0]LogD3D11RHI:    2. 'Microsoft Basic Render Driver' (Feature Level 11_0)
[2020.10.01-05.07.06:185][  0]LogD3D11RHI:       0/0/16301 MB DedicatedVideo/DedicatedSystem/SharedSystem, Outputs:0, VendorId:0x1414
[2020.10.01-05.07.06:185][  0]LogD3D11RHI: Chosen D3D11 Adapter: 0
[2020.10.01-05.07.06:198][  0]LogD3D11RHI: Creating new Direct3DDevice
[2020.10.01-05.07.06:198][  0]LogD3D11RHI:     GPU DeviceId: 0x1ed3 (for the marketing name, search the web for "GPU Device Id")
[2020.10.01-05.07.06:198][  0]LogWindows: EnumDisplayDevices:
[2020.10.01-05.07.06:198][  0]LogWindows:    0. 'Intel(R) UHD Graphics' (P:1 D:1)
[2020.10.01-05.07.06:198][  0]LogWindows:    1. 'Intel(R) UHD Graphics' (P:0 D:0)
[2020.10.01-05.07.06:199][  0]LogWindows:    2. 'Intel(R) UHD Graphics' (P:0 D:0)
[2020.10.01-05.07.06:199][  0]LogWindows:    3. 'NVIDIA GeForce RTX 2080 Super with Max-Q Design' (P:0 D:0)
[2020.10.01-05.07.06:200][  0]LogWindows:    4. 'NVIDIA GeForce RTX 2080 Super with Max-Q Design' (P:0 D:0)
[2020.10.01-05.07.06:201][  0]LogWindows:    5. 'NVIDIA GeForce RTX 2080 Super with Max-Q Design' (P:0 D:0)
[2020.10.01-05.07.06:201][  0]LogWindows:    6. 'NVIDIA GeForce RTX 2080 Super with Max-Q Design' (P:0 D:0)
[2020.10.01-05.07.06:201][  0]LogWindows: DebugString: PrimaryIsNotTheChoosenAdapter PrimaryIsNotTheChoosenAdapter PrimaryIsNotTheChoosenAdapter FoundDriverCount:4 
[2020.10.01-05.07.06:201][  0]LogD3D11RHI:     Adapter Name: NVIDIA GeForce RTX 2080 Super with Max-Q Design
[2020.10.01-05.07.06:202][  0]LogD3D11RHI:   Driver Version: 451.91 (internal:27.21.14.5191, unified:451.91)
[2020.10.01-05.07.06:202][  0]LogD3D11RHI:      Driver Date: 8-2-2020
[2020.10.01-05.07.06:202][  0]LogRHI: Texture pool is 5607 MB (70% of 8010 MB)
[2020.10.01-05.07.06:250][  0]LogD3D11RHI: RHI has support for 64 bit atomics
[2020.10.01-05.07.06:253][  0]LogD3D11RHI: [Aftermath] Enabled and primed
[2020.10.01-05.07.06:253][  0]LogD3D11RHI: Async texture creation enabled
[2020.10.01-05.07.06:253][  0]LogD3D11RHI: Array index from any shader is supported
[2020.10.01-05.07.06:276][  0]LogD3D11RHI: GPU Timing Frequency: 1000.000000 (Debug: 2 1)
[2020.10.01-05.07.06:526][  0]LogTargetPlatformManager: Display: Loaded TargetPlatform 'AllDesktop'
[2020.10.01-05.07.06:543][  0]LogTargetPlatformManager: Display: Loaded TargetPlatform 'Android'
[2020.10.01-05.07.06:543][  0]LogTargetPlatformManager: Display: Loaded TargetPlatform 'Android_ASTC'
[2020.10.01-05.07.06:543][  0]LogTargetPlatformManager: Display: Loaded TargetPlatform 'Android_DXT'
[2020.10.01-05.07.06:543][  0]LogTargetPlatformManager: Display: Loaded TargetPlatform 'Android_ETC2'
[2020.10.01-05.07.06:543][  0]LogTargetPlatformManager: Display: Loaded TargetPlatform 'AndroidClient'
[2020.10.01-05.07.06:543][  0]LogTargetPlatformManager: Display: Loaded TargetPlatform 'Android_ASTCClient'
[2020.10.01-05.07.06:543][  0]LogTargetPlatformManager: Display: Loaded TargetPlatform 'Android_DXTClient'
[2020.10.01-05.07.06:543][  0]LogTargetPlatformManager: Display: Loaded TargetPlatform 'Android_ETC2Client'
[2020.10.01-05.07.06:543][  0]LogTargetPlatformManager: Display: Loaded TargetPlatform 'Android_Multi'
[2020.10.01-05.07.06:543][  0]LogTargetPlatformManager: Display: Loaded TargetPlatform 'Android_MultiClient'
[2020.10.01-05.07.06:563][  0]LogTargetPlatformManager: Display: Loaded TargetPlatform 'IOSClient'
[2020.10.01-05.07.06:563][  0]LogTargetPlatformManager: Display: Loaded TargetPlatform 'IOS'
[2020.10.01-05.07.06:571][  0]LogTargetPlatformManager: Display: Loaded TargetPlatform 'Linux'
[2020.10.01-05.07.06:579][  0]LogTargetPlatformManager: Display: Loaded TargetPlatform 'LinuxNoEditor'
[2020.10.01-05.07.06:587][  0]LogTargetPlatformManager: Display: Loaded TargetPlatform 'LinuxClient'
[2020.10.01-05.07.06:595][  0]LogTargetPlatformManager: Display: Loaded TargetPlatform 'LinuxServer'
[2020.10.01-05.07.06:603][  0]LogTargetPlatformManager: Display: Loaded TargetPlatform 'LinuxAArch64NoEditor'
[2020.10.01-05.07.06:611][  0]LogTargetPlatformManager: Display: Loaded TargetPlatform 'LinuxAArch64Client'
[2020.10.01-05.07.06:619][  0]LogTargetPlatformManager: Display: Loaded TargetPlatform 'LinuxAArch64Server'
[2020.10.01-05.07.06:639][  0]LogTargetPlatformManager: Display: Loaded TargetPlatform 'Lumin'
[2020.10.01-05.07.06:639][  0]LogTargetPlatformManager: Display: Loaded TargetPlatform 'LuminClient'
[2020.10.01-05.07.06:651][  0]LogTargetPlatformManager: Display: Loaded TargetPlatform 'TVOSClient'
[2020.10.01-05.07.06:651][  0]LogTargetPlatformManager: Display: Loaded TargetPlatform 'TVOS'
[2020.10.01-05.07.06:659][  0]LogTargetPlatformManager: Display: Loaded TargetPlatform 'WindowsNoEditor'
[2020.10.01-05.07.06:667][  0]LogTargetPlatformManager: Display: Loaded TargetPlatform 'Windows'
[2020.10.01-05.07.06:674][  0]LogTargetPlatformManager: Display: Loaded TargetPlatform 'WindowsClient'
[2020.10.01-05.07.06:681][  0]LogTargetPlatformManager: Display: Loaded TargetPlatform 'WindowsServer'
[2020.10.01-05.07.06:682][  0]LogTargetPlatformManager: Display: Building Assets For Windows
[2020.10.01-05.07.06:689][  0]LogAudioDebug: Display: Lib vorbis DLL was dynamically loaded.
[2020.10.01-05.07.06:746][  0]LogShaderCompilers: Guid format shader working directory is -2 characters bigger than the processId version (../../../../../../Code/unreal/CoopGame/GoopGame/Intermediate/Shaders/WorkingDirectory/15624/).
[2020.10.01-05.07.06:746][  0]LogShaderCompilers: Cleaned the shader compiler working directory 'C:/Users/piang/AppData/Local/Temp/UnrealShaderWorkingDir/1A1659674F97894B64B23EAA9565D1D1/'.
[2020.10.01-05.07.06:746][  0]LogXGEController: Cleaning working directory: C:/Users/piang/AppData/Local/Temp/UnrealXGEWorkingDir/
[2020.10.01-05.07.06:746][  0]LogXGEController: Cannot use XGE Controller as Incredibuild is not installed on this machine.
[2020.10.01-05.07.06:746][  0]LogShaderCompilers: Cannot use XGE Shader Compiler as Incredibuild is not installed on this machine.
[2020.10.01-05.07.06:746][  0]LogShaderCompilers: Display: Using Local Shader Compiler.
[2020.10.01-05.07.07:321][  0]LogDerivedDataCache: Display: Max Cache Size: 512 MB
[2020.10.01-05.07.07:357][  0]LogDerivedDataCache: Loaded boot cache 0.04s 75MB C:/Users/piang/AppData/Local/UnrealEngine/4.25/DerivedDataCache/Boot.ddc.
[2020.10.01-05.07.07:358][  0]LogDerivedDataCache: Display: Loaded Boot cache: C:/Users/piang/AppData/Local/UnrealEngine/4.25/DerivedDataCache/Boot.ddc
[2020.10.01-05.07.07:358][  0]LogDerivedDataCache: FDerivedDataBackendGraph:  Pak pak cache file ../../../../../../Code/unreal/CoopGame/GoopGame/DerivedDataCache/DDC.ddp not found, will not use a pak cache.
[2020.10.01-05.07.07:358][  0]LogDerivedDataCache: Unable to find inner node Pak for hierarchical cache Hierarchy.
[2020.10.01-05.07.07:358][  0]LogDerivedDataCache: FDerivedDataBackendGraph:  CompressedPak pak cache file ../../../../../../Code/unreal/CoopGame/GoopGame/DerivedDataCache/Compressed.ddp not found, will not use a pak cache.
[2020.10.01-05.07.07:358][  0]LogDerivedDataCache: Unable to find inner node CompressedPak for hierarchical cache Hierarchy.
[2020.10.01-05.07.07:366][  0]LogDerivedDataCache: Display: Pak cache opened for reading ../../../Engine/DerivedDataCache/Compressed.ddp.
[2020.10.01-05.07.07:366][  0]LogDerivedDataCache: FDerivedDataBackendGraph:  EnterprisePak pak cache file ../../../Enterprise/DerivedDataCache/Compressed.ddp not found, will not use a pak cache.
[2020.10.01-05.07.07:366][  0]LogDerivedDataCache: Unable to find inner node EnterprisePak for hierarchical cache Hierarchy.
[2020.10.01-05.07.07:367][  0]LogDerivedDataCache: Using Local data cache path C:/Users/piang/AppData/Local/UnrealEngine/Common/DerivedDataCache: Writable
[2020.10.01-05.07.07:367][  0]LogDerivedDataCache: Shared data cache path not found in *engine.ini, will not use an Shared cache.
[2020.10.01-05.07.07:367][  0]LogDerivedDataCache: Unable to find inner node Shared for hierarchical cache Hierarchy.
[2020.10.01-05.07.07:407][  0]LogSlate: Using FreeType 2.10.0
[2020.10.01-05.07.07:407][  0]LogSlate: SlateFontServices - WITH_FREETYPE: 1, WITH_HARFBUZZ: 1
[2020.10.01-05.07.07:429][  0]LogAssetRegistry: FAssetRegistry took 0.0018 seconds to start up
[2020.10.01-05.07.07:595][  0]LogInit: Selected Device Profile: [Windows]
[2020.10.01-05.07.07:689][  0]LogMeshReduction: Using QuadricMeshReduction for automatic static mesh reduction
[2020.10.01-05.07.07:689][  0]LogMeshReduction: Using SimplygonMeshReduction for automatic skeletal mesh reduction
[2020.10.01-05.07.07:689][  0]LogMeshReduction: Using ProxyLODMeshReduction for automatic mesh merging
[2020.10.01-05.07.07:689][  0]LogMeshReduction: No distributed automatic mesh merging module available
[2020.10.01-05.07.07:689][  0]LogMeshMerging: No distributed automatic mesh merging module available
[2020.10.01-05.07.07:701][  0]LogNetVersion: GoopGame 1.0.0, NetCL: 13144385, EngineNetVer: 14, GameNetVer: 0 (Checksum: 720496033)
[2020.10.01-05.07.07:998][  0]LogAISub: UAISubsystem::UAISubsystem AISubsystem (0000024AB19B9E80), frame # 0
[2020.10.01-05.07.07:998][  0]LogAISub: UAISubsystem::UAISubsystem AIPerceptionSystem (0000024AB1913C40), frame # 0
[2020.10.01-05.07.07:999][  0]LogAISub: UAISubsystem::UAISubsystem EnvQueryManager (0000024AB1975E00), frame # 0
[2020.10.01-05.07.08:057][  0]LogPackageLocalizationCache: Processed 19 localized package path(s) for 2 prioritized culture(s) in 0.054333 seconds
[2020.10.01-05.07.08:061][  0]LogUObjectArray: 15917 objects as part of root set at end of initial load.
[2020.10.01-05.07.08:061][  0]LogUObjectAllocator: 3965568 out of 0 bytes used by permanent object pool.
[2020.10.01-05.07.08:061][  0]LogUObjectArray: CloseDisregardForGC: 0/0 objects in disregard for GC pool
[2020.10.01-05.07.08:375][  0]LogTcpMessaging: Initializing TcpMessaging bridge
[2020.10.01-05.07.08:379][  0]LogUdpMessaging: Initializing bridge on interface 0.0.0.0:0 to multicast group 230.0.0.1:6666.
[2020.10.01-05.07.08:454][  0]SourceControl: 源码管理已禁用
[2020.10.01-05.07.08:454][  0]SourceControl: 源码管理已禁用
[2020.10.01-05.07.08:457][  0]SourceControl: 源码管理已禁用
[2020.10.01-05.07.08:460][  0]SourceControl: 源码管理已禁用
[2020.10.01-05.07.08:471][  0]SourceControl: 源码管理已禁用
[2020.10.01-05.07.08:701][  0]LogAndroidPermission: UAndroidPermissionCallbackProxy::GetInstance
[2020.10.01-05.07.08:721][  0]LogAudioCaptureCore: Display: No Audio Capture implementations found. Audio input will be silent.
[2020.10.01-05.07.08:721][  0]LogAudioCaptureCore: Display: No Audio Capture implementations found. Audio input will be silent.
[2020.10.01-05.07.08:764][  0]LogOcInput: OculusInput pre-init called
[2020.10.01-05.07.08:773][  0]LogWindows: Failed to load 'OVRPlugin.dll' (GetLastError=126)
[2020.10.01-05.07.08:773][  0]LogWindows: File 'OVRPlugin.dll' does not exist
[2020.10.01-05.07.08:822][  0]LogEngine: Initializing Engine...
[2020.10.01-05.07.08:823][  0]LogHMD: Failed to initialize OpenVR with code 110
[2020.10.01-05.07.08:823][  0]LogMagicLeap: Warning: VR disabled because ZI is not enabled.  To enable, in the editor, Edit -> Project Settings -> Plugins -> Magic Leap Plugin -> Enable Zero Iteration
[2020.10.01-05.07.08:824][  0]LogStats: UGameplayTagsManager::InitializeManager -  0.000 s
[2020.10.01-05.07.08:905][  0]LogInit: Initializing FReadOnlyCVARCache
[2020.10.01-05.07.08:911][  0]LogAIModule: Creating AISystem for world Untitled
[2020.10.01-05.07.08:911][  0]LogAISub: UAISubsystem::UAISubsystem EnvQueryManager (0000024ABBD57C00), frame # 0
[2020.10.01-05.07.08:911][  0]LogAISub: UAISubsystem::UAISubsystem AIPerceptionSystem (0000024ABBD7B380), frame # 0
[2020.10.01-05.07.08:922][  0]LogAudioMixer: Display: Audio Mixer Platform Settings:
[2020.10.01-05.07.08:922][  0]LogAudioMixer: Display: 	Sample Rate:						  48000
[2020.10.01-05.07.08:922][  0]LogAudioMixer: Display: 	Callback Buffer Frame Size Requested: 1024
[2020.10.01-05.07.08:922][  0]LogAudioMixer: Display: 	Callback Buffer Frame Size To Use:	  1024
[2020.10.01-05.07.08:922][  0]LogAudioMixer: Display: 	Number of buffers to queue:			  2
[2020.10.01-05.07.08:922][  0]LogAudioMixer: Display: 	Max Channels (voices):				  32
[2020.10.01-05.07.08:922][  0]LogAudioMixer: Display: 	Number of Async Source Workers:		  0
[2020.10.01-05.07.08:922][  0]LogAudio: Display: AudioDevice MaxSources: 32
[2020.10.01-05.07.08:922][  0]LogAudio: Display: Using built-in audio occlusion.
[2020.10.01-05.07.08:923][  0]LogAudioMixer: Display: Initializing audio mixer.
[2020.10.01-05.07.08:939][  0]LogAudioMixer: Display: 0: FrontLeft
[2020.10.01-05.07.08:939][  0]LogAudioMixer: Display: 1: FrontRight
[2020.10.01-05.07.08:992][  0]LogAudioMixer: Display: Using Audio Device 耳机 (Realtek(R) Audio)
[2020.10.01-05.07.08:993][  0]LogAudioMixer: Display: Initializing Sound Submixes...
[2020.10.01-05.07.08:994][  0]LogAudioMixer: Display: Creating Master Submix 'MasterSubmixDefault'
[2020.10.01-05.07.08:994][  0]LogAudioMixer: Display: Creating Master Submix 'MasterReverbSubmixDefault'
[2020.10.01-05.07.08:995][  0]LogAudioMixer: Display: Creating Master Submix 'MasterEQSubmixDefault'
[2020.10.01-05.07.08:996][  0]LogInit: FAudioDevice initialized.
[2020.10.01-05.07.08:996][  0]LogNetVersion: Set ProjectVersion to 1.0.0.0. Version Checksum will be recalculated on next use.
[2020.10.01-05.07.09:030][  0]LogDerivedDataCache: Saved boot cache 0.03s 75MB C:/Users/piang/AppData/Local/UnrealEngine/4.25/DerivedDataCache/Boot.ddc.
[2020.10.01-05.07.09:033][  0]LogInit: Texture streaming: Enabled
[2020.10.01-05.07.09:051][  0]LogEngineSessionManager: EngineSessionManager initialized
[2020.10.01-05.07.09:051][  0]LogEngineSessionManager: EngineSessionManager sent abnormal shutdown report. Type=Crashed, SessionId={2D39F7DC-485A-A597-ED77-02903688CF11}
[2020.10.01-05.07.09:051][  0]LogEditorSessionSummary: Verbose: Initializing EditorSessionSummaryWriter for editor session tracking
[2020.10.01-05.07.09:053][  0]LogEditorSessionSummary: EditorSessionSummaryWriter initialized
[2020.10.01-05.07.09:103][  0]LogInit: Transaction tracking system initialized
[2020.10.01-05.07.09:124][  0]BlueprintLog: New page: 编辑器加载
[2020.10.01-05.07.09:187][  0]LocalizationService: 本地化服务已禁用
[2020.10.01-05.07.09:319][  0]LogCook: Display: Max memory allowance for cook 16384mb min free memory 0mb
[2020.10.01-05.07.09:319][  0]LogCook: Display: Mobile HDR setting 1
[2020.10.01-05.07.09:327][  0]LogFileCache: Scanning file cache for directory 'D:/Code/unreal/CoopGame/GoopGame/Content/' took 0.00s
[2020.10.01-05.07.09:616][  0]SourceControl: 源码管理已禁用
[2020.10.01-05.07.09:616][  0]LogUnrealEdMisc: Loading editor; pre map load, took 5.246
[2020.10.01-05.07.09:616][  0]Cmd: MAP LOAD FILE="../../../../../../Code/unreal/CoopGame/GoopGame/Content/Maps/NewMap.umap" TEMPLATE=0 SHOWPROGRESS=1 FEATURELEVEL=3
[2020.10.01-05.07.09:616][  0]LightingResults: New page: 光照构建
[2020.10.01-05.07.09:617][  0]LogWorld: UWorld::CleanupWorld for Untitled, bSessionEnded=true, bCleanupResources=true
[2020.10.01-05.07.09:617][  0]LogSlate: InvalidateAllWidgets triggered.  All widgets were invalidated
[2020.10.01-05.07.09:617][  0]MapCheck: New page: 地图检测
[2020.10.01-05.07.09:617][  0]LightingResults: New page: 光照构建
[2020.10.01-05.07.09:634][  0]LogAISub: UAISubsystem::~UAISubsystem EnvQueryManager (0000024ABBD57C00), frame # 0
[2020.10.01-05.07.09:634][  0]LogAISub: UAISubsystem::~UAISubsystem AIPerceptionSystem (0000024ABBD7B380), frame # 0
[2020.10.01-05.07.09:635][  0]LogUObjectHash: Compacting FUObjectHashTables data took   0.58ms
[2020.10.01-05.07.09:930][  0]LogAIModule: Creating AISystem for world NewMap
[2020.10.01-05.07.09:930][  0]LogAISub: UAISubsystem::UAISubsystem EnvQueryManager (0000024AC51BFE00), frame # 0
[2020.10.01-05.07.09:930][  0]LogAISub: UAISubsystem::UAISubsystem AIPerceptionSystem (0000024AC51EB380), frame # 0
[2020.10.01-05.07.09:933][  0]LogEditorServer: Finished looking for orphan Actors (0.000 secs)
[2020.10.01-05.07.09:946][  0]LogUObjectHash: Compacting FUObjectHashTables data took   0.74ms
[2020.10.01-05.07.09:947][  0]Cmd: MAP CHECKDEP NOCLEARLOG
[2020.10.01-05.07.09:947][  0]MapCheck: 地图检测完成：0个错误、0个警告、完成用时0.083毫秒。
[2020.10.01-05.07.09:947][  0]LogFileHelpers: Loading map 'NewMap' took 0.331
[2020.10.01-05.07.09:949][  0]LogUnrealEdMisc: Total Editor Startup Time, took 5.579
[2020.10.01-05.07.10:002][  0]LogWindowsTextInputMethodSystem: Display: IME system now activated using TSF (微软拼音).
[2020.10.01-05.07.10:047][  0]LogSlate: Updating window title bar state: overlay mode, drag disabled, window buttons hidden, title bar hidden
[2020.10.01-05.07.10:052][  0]LogSlate: Updating window title bar state: overlay mode, drag disabled, window buttons hidden, title bar hidden
[2020.10.01-05.07.10:057][  0]LogSlate: Updating window title bar state: overlay mode, drag disabled, window buttons hidden, title bar hidden
[2020.10.01-05.07.10:062][  0]LogSlate: Updating window title bar state: overlay mode, drag disabled, window buttons hidden, title bar hidden
[2020.10.01-05.07.10:068][  0]LogCollectionManager: Loaded 0 collections in 0.000534 seconds
[2020.10.01-05.07.10:080][  0]LogFileCache: Scanning file cache for directory 'D:/Code/unreal/CoopGame/GoopGame/Saved/Collections/' took 0.00s
[2020.10.01-05.07.10:080][  0]LogFileCache: Scanning file cache for directory 'D:/Code/unreal/CoopGame/GoopGame/Content/Developers/piang/Collections/' took 0.00s
[2020.10.01-05.07.10:080][  0]LogFileCache: Scanning file cache for directory 'D:/Code/unreal/CoopGame/GoopGame/Content/Collections/' took 0.00s
[2020.10.01-05.07.10:080][  0]LogContentBrowser: Native class hierarchy populated in 0.0073 seconds. Added 3445 classes and 828 folders.
[2020.10.01-05.07.10:082][  0]LogContentBrowser: Native class hierarchy updated for 'WidgetCarousel' in 0.0003 seconds. Added 0 classes and 0 folders.
[2020.10.01-05.07.10:117][  0]LogContentBrowser: Native class hierarchy updated for 'AddContentDialog' in 0.0003 seconds. Added 0 classes and 0 folders.
[2020.10.01-05.07.10:120][  0]LogContentBrowser: Native class hierarchy updated for 'SceneOutliner' in 0.0003 seconds. Added 2 classes and 0 folders.
[2020.10.01-05.07.10:223][  0]LogSlate: Took 0.000100 seconds to synchronously load lazily loaded font '../../../Engine/Content/Slate/Fonts/Roboto-Regular.ttf' (155K)
[2020.10.01-05.07.10:225][  0]LogSlate: Took 0.001640 seconds to synchronously load lazily loaded font '../../../Engine/Content/Slate/Fonts/DroidSansFallback.ttf' (3848K)
[2020.10.01-05.07.10:226][  0]LogSlate: Took 0.000124 seconds to synchronously load lazily loaded font '../../../Engine/Content/Slate/Fonts/Roboto-Bold.ttf' (160K)
[2020.10.01-05.07.10:228][  0]LogSlate: Took 0.000100 seconds to synchronously load lazily loaded font '../../../Engine/Content/Editor/Slate/Fonts/FontAwesome.ttf' (139K)
[2020.10.01-05.07.10:280][  0]LogRenderer: Reallocating scene render targets to support 1208x604 Format 10 NumSamples 1 (Frame:1).
[2020.10.01-05.07.10:363][  0]LogContentBrowser: Native class hierarchy updated for 'HierarchicalLODOutliner' in 0.0005 seconds. Added 0 classes and 0 folders.
[2020.10.01-05.07.10:363][  0]LogLoad: (Engine Initialization) Total time: 5.99 seconds
[2020.10.01-05.07.10:363][  0]LogLoad: (Engine Initialization) Total Blueprint compile time: 0.00 seconds
[2020.10.01-05.07.10:404][  0]LogAssetRegistry: Asset discovery search completed in 2.9744 seconds
[2020.10.01-05.07.10:408][  0]LogCollectionManager: Fixed up redirectors for 0 collections in 0.000002 seconds (updated 0 objects)
[2020.10.01-05.07.10:409][  0]LogContentStreaming: Texture pool size now 1000 MB
[2020.10.01-05.07.10:512][  0]LogSlate: Took 0.000100 seconds to synchronously load lazily loaded font '../../../Engine/Content/Slate/Fonts/Roboto-Light.ttf' (167K)
[2020.10.01-05.07.10:578][  3]LogActor: Warning: BP_Rifle_C /Engine/Transient.World_2:PersistentLevel.BP_Rifle_C_0 has natively added scene component(s), but none of them were set as the actor's RootComponent - picking one arbitrarily
[2020.10.01-05.07.11:558][ 62]LogTemp: Repeating last play command: 新建编辑器窗口（编辑器中运行）
[2020.10.01-05.07.11:578][ 62]LogPlayLevel: PlayLevel: No blueprints needed recompiling
[2020.10.01-05.07.11:578][ 62]PIE: New page: PIE会话：NewMap（2020年10月1日 下午9:07:11）
[2020.10.01-05.07.11:579][ 62]LogOnline: OSS: Creating online subsystem instance for: Null
[2020.10.01-05.07.11:580][ 62]LogOnline: OSS: TryLoadSubsystemAndSetDefault: Loaded subsystem for module [Null]
[2020.10.01-05.07.11:580][ 62]LogPlayLevel: Creating play world package: /Game/Maps/UEDPIE_0_NewMap
[2020.10.01-05.07.11:584][ 62]LogPlayLevel: PIE: StaticDuplicateObject took: (0.004105s)
[2020.10.01-05.07.11:585][ 62]LogAIModule: Creating AISystem for world NewMap
[2020.10.01-05.07.11:585][ 62]LogAISub: UAISubsystem::UAISubsystem EnvQueryManager (0000024ACF48E200), frame # 62
[2020.10.01-05.07.11:585][ 62]LogAISub: UAISubsystem::UAISubsystem AIPerceptionSystem (0000024AA6DF7240), frame # 62
[2020.10.01-05.07.11:585][ 62]LogPlayLevel: PIE: World Init took: (0.001045s)
[2020.10.01-05.07.11:585][ 62]LogPlayLevel: PIE: Created PIE world by copying editor world from /Game/Maps/NewMap.NewMap to /Game/Maps/UEDPIE_0_NewMap.NewMap (0.005278s)
[2020.10.01-05.07.11:600][ 62]LogUObjectHash: Compacting FUObjectHashTables data took   0.49ms
[2020.10.01-05.07.11:602][ 62]LogAudioMixer: Display: Audio Mixer Platform Settings:
[2020.10.01-05.07.11:602][ 62]LogAudioMixer: Display: 	Sample Rate:						  48000
[2020.10.01-05.07.11:602][ 62]LogAudioMixer: Display: 	Callback Buffer Frame Size Requested: 1024
[2020.10.01-05.07.11:602][ 62]LogAudioMixer: Display: 	Callback Buffer Frame Size To Use:	  1024
[2020.10.01-05.07.11:602][ 62]LogAudioMixer: Display: 	Number of buffers to queue:			  2
[2020.10.01-05.07.11:602][ 62]LogAudioMixer: Display: 	Max Channels (voices):				  32
[2020.10.01-05.07.11:602][ 62]LogAudioMixer: Display: 	Number of Async Source Workers:		  0
[2020.10.01-05.07.11:602][ 62]LogAudio: Display: AudioDevice MaxSources: 32
[2020.10.01-05.07.11:603][ 62]LogAudio: Display: Using built-in audio occlusion.
[2020.10.01-05.07.11:603][ 62]LogAudioMixer: Display: Initializing audio mixer.
[2020.10.01-05.07.11:611][ 62]LogAudioMixer: Display: 0: FrontLeft
[2020.10.01-05.07.11:611][ 62]LogAudioMixer: Display: 1: FrontRight
[2020.10.01-05.07.11:644][ 62]LogAudioMixer: Display: Using Audio Device 耳机 (Realtek(R) Audio)
[2020.10.01-05.07.11:644][ 62]LogAudioMixer: Display: Initializing Sound Submixes...
[2020.10.01-05.07.11:644][ 62]LogAudioMixer: Display: Creating Master Submix 'MasterSubmixDefault'
[2020.10.01-05.07.11:644][ 62]LogAudioMixer: Display: Creating Master Submix 'MasterReverbSubmixDefault'
[2020.10.01-05.07.11:644][ 62]LogAudioMixer: Display: Creating Master Submix 'MasterEQSubmixDefault'
[2020.10.01-05.07.11:655][ 62]LogInit: FAudioDevice initialized.
[2020.10.01-05.07.11:676][ 62]LogSlate: Updating window title bar state: overlay mode, drag disabled, window buttons hidden, title bar hidden
[2020.10.01-05.07.11:676][ 62]LogLoad: Game class is 'BP_GameMode_C'
[2020.10.01-05.07.11:678][ 62]LogWorld: Bringing World /Game/Maps/UEDPIE_0_NewMap.NewMap up for play (max tick rate 60) at 2020.10.01-13.07.11
[2020.10.01-05.07.11:678][ 62]LogWorld: Bringing up level for play took: 0.001042
[2020.10.01-05.07.11:678][ 62]LogOnline: OSS: Creating online subsystem instance for: :Context_4
[2020.10.01-05.07.11:681][ 62]LogContentBrowser: Native class hierarchy updated for 'MovieSceneCapture' in 0.0005 seconds. Added 20 classes and 0 folders.
[2020.10.01-05.07.11:682][ 62]LogNet: ReplicationDriverClass is null! Not using ReplicationDriver.
[2020.10.01-05.07.11:682][ 62]LogNetCore: DDoS detection status: detection enabled: 0 analytics enabled: 0
[2020.10.01-05.07.11:683][ 62]LogInit: WinSock: Socket queue. Rx: 131072 (config 131072) Tx: 131072 (config 131072)
[2020.10.01-05.07.11:683][ 62]LogNet: Created socket for bind address: 0.0.0.0 on port 17777
[2020.10.01-05.07.11:683][ 62]PacketHandlerLog: Loaded PacketHandler component: Engine.EngineHandlerComponentFactory (StatelessConnectHandlerComponent)
[2020.10.01-05.07.11:683][ 62]LogNet: GameNetDriver IpNetDriver_0 IpNetDriver listening on port 17777
[2020.10.01-05.07.11:684][ 62]LogActor: Warning: BP_Rifle_C /Game/Maps/UEDPIE_0_NewMap.NewMap:PersistentLevel.BP_Rifle_C_0 has natively added scene component(s), but none of them were set as the actor's RootComponent - picking one arbitrarily
[2020.10.01-05.07.11:684][ 62]LogBlueprintUserMessages: [BP_GameState_C_0] Server: Wating to Start
[2020.10.01-05.07.11:685][ 62]PIE: 登陆的服务器
[2020.10.01-05.07.11:686][ 62]PIE: PIE总开始时间：0.109秒。
[2020.10.01-05.07.11:687][ 62]LogAudioMixer: Display: Audio Mixer Platform Settings:
[2020.10.01-05.07.11:688][ 62]LogAudioMixer: Display: 	Sample Rate:						  48000
[2020.10.01-05.07.11:688][ 62]LogAudioMixer: Display: 	Callback Buffer Frame Size Requested: 1024
[2020.10.01-05.07.11:688][ 62]LogAudioMixer: Display: 	Callback Buffer Frame Size To Use:	  1024
[2020.10.01-05.07.11:688][ 62]LogAudioMixer: Display: 	Number of buffers to queue:			  2
[2020.10.01-05.07.11:688][ 62]LogAudioMixer: Display: 	Max Channels (voices):				  32
[2020.10.01-05.07.11:688][ 62]LogAudioMixer: Display: 	Number of Async Source Workers:		  0
[2020.10.01-05.07.11:688][ 62]LogAudio: Display: AudioDevice MaxSources: 32
[2020.10.01-05.07.11:688][ 62]LogAudio: Display: Using built-in audio occlusion.
[2020.10.01-05.07.11:688][ 62]LogAudioMixer: Display: Initializing audio mixer.
[2020.10.01-05.07.11:697][ 62]LogAudioMixer: Display: 0: FrontLeft
[2020.10.01-05.07.11:697][ 62]LogAudioMixer: Display: 1: FrontRight
[2020.10.01-05.07.11:728][ 62]LogAudioMixer: Display: Using Audio Device 耳机 (Realtek(R) Audio)
[2020.10.01-05.07.11:728][ 62]LogAudioMixer: Display: Initializing Sound Submixes...
[2020.10.01-05.07.11:728][ 62]LogAudioMixer: Display: Creating Master Submix 'MasterSubmixDefault'
[2020.10.01-05.07.11:728][ 62]LogAudioMixer: Display: Creating Master Submix 'MasterReverbSubmixDefault'
[2020.10.01-05.07.11:729][ 62]LogAudioMixer: Display: Creating Master Submix 'MasterEQSubmixDefault'
[2020.10.01-05.07.11:739][ 62]LogInit: FAudioDevice initialized.
[2020.10.01-05.07.11:761][ 62]LogSlate: Updating window title bar state: overlay mode, drag disabled, window buttons hidden, title bar hidden
[2020.10.01-05.07.11:761][ 62]LogNet: Browse: 127.0.0.1:17777//Game/Maps/NewMap
[2020.10.01-05.07.11:761][ 62]LogInit: WinSock: Socket queue. Rx: 32768 (config 32768) Tx: 32768 (config 32768)
[2020.10.01-05.07.11:761][ 62]LogNet: Created socket for bind address: 0.0.0.0 on port 0
[2020.10.01-05.07.11:761][ 62]PacketHandlerLog: Loaded PacketHandler component: Engine.EngineHandlerComponentFactory (StatelessConnectHandlerComponent)
[2020.10.01-05.07.11:761][ 62]LogNet: Game client on port 17777, rate 10000
[2020.10.01-05.07.11:763][ 62]PIE: 已登陆客户端
[2020.10.01-05.07.11:764][ 62]PIE: PIE总开始时间：0.187秒。
[2020.10.01-05.07.11:840][ 63]LogBlueprintUserMessages: [BP_GameState_C_0] Server: Wating to Start
[2020.10.01-05.07.12:788][120]LogNet: NotifyAcceptingConnection accepted from: 127.0.0.1:50061
[2020.10.01-05.07.12:788][120]LogHandshake: SendConnectChallenge. Timestamp: 1.246629, Cookie: 034217137142156181185200044203247171084246074166152154070119
[2020.10.01-05.07.12:789][120]LogHandshake: SendChallengeResponse. Timestamp: 1.246629, Cookie: 034217137142156181185200044203247171084246074166152154070119
[2020.10.01-05.07.12:805][121]LogNet: NotifyAcceptingConnection accepted from: 127.0.0.1:50061
[2020.10.01-05.07.12:805][121]LogHandshake: SendChallengeAck. InCookie: 034217137142156181185200044203247171084246074166152154070119
[2020.10.01-05.07.12:805][121]LogNet: Server accepting post-challenge connection from: 127.0.0.1:50061
[2020.10.01-05.07.12:806][121]PacketHandlerLog: Loaded PacketHandler component: Engine.EngineHandlerComponentFactory (StatelessConnectHandlerComponent)
[2020.10.01-05.07.12:806][121]LogNet: NotifyAcceptedConnection: Name: NewMap, TimeStamp: 10/01/20 13:07:12, [UNetConnection] RemoteAddr: 127.0.0.1:50061, Name: IpConnection_1, Driver: GameNetDriver IpNetDriver_0, IsServer: YES, PC: NULL, Owner: NULL, UniqueId: INVALID
[2020.10.01-05.07.12:806][121]LogNet: AddClientConnection: Added client connection: [UNetConnection] RemoteAddr: 127.0.0.1:50061, Name: IpConnection_1, Driver: GameNetDriver IpNetDriver_0, IsServer: YES, PC: NULL, Owner: NULL, UniqueId: INVALID
[2020.10.01-05.07.12:807][121]LogNetVersion: GoopGame 1.0.0.0, NetCL: 13144385, EngineNetVer: 14, GameNetVer: 0 (Checksum: 1944338904)
[2020.10.01-05.07.12:807][121]LogNet: UPendingNetGame::SendInitialJoin: Sending hello. [UNetConnection] RemoteAddr: 127.0.0.1:17777, Name: IpConnection_0, Driver: PendingNetDriver IpNetDriver_1, IsServer: NO, PC: NULL, Owner: NULL, UniqueId: INVALID
[2020.10.01-05.07.12:822][122]LogNet: NotifyAcceptingChannel Control 0 server World /Game/Maps/UEDPIE_0_NewMap.NewMap: Accepted
[2020.10.01-05.07.12:822][122]LogNet: Remote platform little endian=1
[2020.10.01-05.07.12:822][122]LogNet: This platform little endian=1
[2020.10.01-05.07.12:823][122]LogOnline: OSS: Creating online subsystem instance for: :Context_5
[2020.10.01-05.07.12:838][123]LogNet: Login request: ?Name=DESKTOP-G0SN44A-7DDAF5694C1E63AB4B8F1C8E3272CF03 userId: NULL:DESKTOP-G0SN44A-7DDAF5694C1E63AB4B8F1C8E3272CF03 platform: NULL
[2020.10.01-05.07.12:839][123]LogBlueprintUserMessages: [BP_GameState_C_0] Server: Wave in Progress
[2020.10.01-05.07.12:840][123]LogNet: Welcomed by server (Level: /Game/Maps/UEDPIE_0_NewMap, Game: /Game/Blueprints/BP_GameMode.BP_GameMode_C)
[2020.10.01-05.07.12:841][123]LogLoad: LoadMap: 127.0.0.1:17777//Game/Maps/UEDPIE_0_NewMap?game=/Game/Blueprints/BP_GameMode.BP_GameMode_C
[2020.10.01-05.07.12:841][123]LogWorld: BeginTearingDown for /Temp/Untitled_1
[2020.10.01-05.07.12:841][123]LogWorld: UWorld::CleanupWorld for Untitled, bSessionEnded=true, bCleanupResources=true
[2020.10.01-05.07.12:841][123]LogSlate: InvalidateAllWidgets triggered.  All widgets were invalidated
[2020.10.01-05.07.12:851][123]LogUObjectHash: Compacting FUObjectHashTables data took   0.54ms
[2020.10.01-05.07.12:857][123]LogAIModule: Creating AISystem for world NewMap
[2020.10.01-05.07.12:857][123]LogAISub: UAISubsystem::UAISubsystem EnvQueryManager (0000024ACE141800), frame # 123
[2020.10.01-05.07.12:857][123]LogAISub: UAISubsystem::UAISubsystem AIPerceptionSystem (0000024AA5FEA840), frame # 123
[2020.10.01-05.07.12:858][123]LogWorld: Bringing World /Game/Maps/UEDPIE_1_NewMap.NewMap up for play (max tick rate 60) at 2020.10.01-13.07.12
[2020.10.01-05.07.12:858][123]LogWorld: Bringing up level for play took: 0.000479
[2020.10.01-05.07.12:867][123]LogOutputDevice: Warning: 

Script Stack (0 frames):

[2020.10.01-05.07.12:867][123]LogWindows: Windows GetLastError: 操作成功完成。 (0)
[2020.10.01-05.07.13:952][123]LogThreadingWindows: Error: Runnable thread TaskGraphThreadHP 14 crashed.
[2020.10.01-05.07.13:952][123]LogWindows: Error: === Critical error: ===
[2020.10.01-05.07.13:952][123]LogWindows: Error: 
[2020.10.01-05.07.13:952][123]LogWindows: Error: Assertion failed: IsInGameThread() [File:D:\Build\++UE4+Licensee\Sync\Engine\Source\Runtime\Engine\Public\DebugRenderSceneProxy.h] [Line: 268] 
[2020.10.01-05.07.13:952][123]LogWindows: Error: 
[2020.10.01-05.07.13:952][123]LogWindows: Error: 
[2020.10.01-05.07.13:952][123]LogWindows: Error: 
[2020.10.01-05.07.13:952][123]LogWindows: Error: [Callstack] 0x00007fffd0ff3e49 KERNELBASE.dll!UnknownFunction []
[2020.10.01-05.07.13:953][123]LogWindows: Error: [Callstack] 0x00007fff84c7eb46 UE4Editor-Core.dll!UnknownFunction []
[2020.10.01-05.07.13:953][123]LogWindows: Error: [Callstack] 0x00007fff84c81f28 UE4Editor-Core.dll!UnknownFunction []
[2020.10.01-05.07.13:953][123]LogWindows: Error: [Callstack] 0x00007fff84a0e53d UE4Editor-Core.dll!UnknownFunction []
[2020.10.01-05.07.13:953][123]LogWindows: Error: [Callstack] 0x00007fff849997b5 UE4Editor-Core.dll!UnknownFunction []
[2020.10.01-05.07.13:953][123]LogWindows: Error: [Callstack] 0x00007fff8499baf0 UE4Editor-Core.dll!UnknownFunction []
[2020.10.01-05.07.13:953][123]LogWindows: Error: [Callstack] 0x00007fff477c05af UE4Editor-AIModule.dll!UnknownFunction []
[2020.10.01-05.07.13:953][123]LogWindows: Error: [Callstack] 0x00007fff4be9cd36 UE4Editor-Renderer.dll!UnknownFunction []
[2020.10.01-05.07.13:953][123]LogWindows: Error: [Callstack] 0x00007fff745f3db8 UE4Editor-Engine.dll!UnknownFunction []
[2020.10.01-05.07.13:953][123]LogWindows: Error: [Callstack] 0x00007fff7463113f UE4Editor-Engine.dll!UnknownFunction []
[2020.10.01-05.07.13:953][123]LogWindows: Error: [Callstack] 0x00007fff7460eb72 UE4Editor-Engine.dll!UnknownFunction []
[2020.10.01-05.07.13:953][123]LogWindows: Error: [Callstack] 0x00007fff847b7ad9 UE4Editor-Core.dll!UnknownFunction []
[2020.10.01-05.07.13:953][123]LogWindows: Error: [Callstack] 0x00007fff847b8b1d UE4Editor-Core.dll!UnknownFunction []
[2020.10.01-05.07.13:953][123]LogWindows: Error: [Callstack] 0x00007fff847c0eeb UE4Editor-Core.dll!UnknownFunction []
[2020.10.01-05.07.13:953][123]LogWindows: Error: [Callstack] 0x00007fff84ca050b UE4Editor-Core.dll!UnknownFunction []
[2020.10.01-05.07.13:953][123]LogWindows: Error: [Callstack] 0x00007fff84c97ee0 UE4Editor-Core.dll!UnknownFunction []
[2020.10.01-05.07.13:953][123]LogWindows: Error: [Callstack] 0x00007fffd3056fd4 KERNEL32.DLL!UnknownFunction []
[2020.10.01-05.07.13:953][123]LogWindows: Error: [Callstack] 0x00007fffd359cec1 ntdll.dll!UnknownFunction []
[2020.10.01-05.07.13:953][123]LogWindows: Error: 
[2020.10.01-05.07.13:953][123]LogWindows: Error: Crash in runnable thread TaskGraphThreadHP 14
[2020.10.01-05.07.13:970][123]LogExit: Executing StaticShutdownAfterError
[2020.10.01-05.07.13:970][123]LogWindows: FPlatformMisc::RequestExit(1)
[2020.10.01-05.07.13:970][123]LogCore: Engine exit requested (reason: Win RequestExit)
[2020.10.01-05.07.13:974][123]Log file closed, 10/01/20 13:07:13
