Log file open, 09/25/20 15:49:52
LogInit: Display: Running engine for game: GoopGame
LogPlatformFile: Not using cached read wrapper
LogTaskGraph: Started task graph with 5 named threads and 47 total threads with 3 sets of task threads.
LogStats: Stats thread started at 0.558780
LogD3D11RHI: Loaded GFSDK_Aftermath_Lib.x64.dll
LogICUInternationalization: ICU TimeZone Detection - Raw Offset: +8:00, Platform Override: ''
LogPluginManager: Mounting plugin Paper2D
LogPluginManager: Mounting plugin AISupport
LogPluginManager: Mounting plugin LightPropagationVolume
LogPluginManager: Mounting plugin CameraShakePreviewer
LogPluginManager: Mounting plugin ActorLayerUtilities
LogPluginManager: Mounting plugin AnimationSharing
LogPluginManager: Mounting plugin CLionSourceCodeAccess
LogPluginManager: Mounting plugin CodeLiteSourceCodeAccess
LogPluginManager: Mounting plugin GitSourceControl
LogPluginManager: Mounting plugin KDevelopSourceCodeAccess
LogPluginManager: Mounting plugin NullSourceCodeAccess
LogPluginManager: Mounting plugin PerforceSourceControl
LogPluginManager: Mounting plugin PlasticSourceControl
LogPluginManager: Mounting plugin RiderLink
LogPluginManager: Mounting plugin RiderSourceCodeAccess
LogPluginManager: Mounting plugin SubversionSourceControl
LogPluginManager: Mounting plugin UObjectPlugin
LogPluginManager: Mounting plugin VisualStudioCodeSourceCodeAccess
LogPluginManager: Mounting plugin VisualStudioSourceCodeAccess
LogPluginManager: Mounting plugin XCodeSourceCodeAccess
LogPluginManager: Mounting plugin AssetManagerEditor
LogPluginManager: Mounting plugin CryptoKeys
LogPluginManager: Mounting plugin CurveEditorTools
LogPluginManager: Mounting plugin DataValidation
LogPluginManager: Mounting plugin EditorScriptingUtilities
LogPluginManager: Mounting plugin FacialAnimation
LogPluginManager: Mounting plugin GameplayTagsEditor
LogPluginManager: Mounting plugin GeometryMode
LogPluginManager: Mounting plugin MacGraphicsSwitching
LogPluginManager: Mounting plugin MaterialAnalyzer
LogPluginManager: Mounting plugin MobileLauncherProfileWizard
LogPluginManager: Mounting plugin PluginBrowser
LogPluginManager: Mounting plugin SpeedTreeImporter
LogPluginManager: Mounting plugin DatasmithContent
LogPluginManager: Mounting plugin VariantManagerContent
LogPluginManager: Mounting plugin AlembicImporter
LogPluginManager: Mounting plugin AutomationUtils
LogPluginManager: Mounting plugin BackChannel
LogPluginManager: Mounting plugin ChaosCloth
LogPluginManager: Mounting plugin ChaosClothEditor
LogPluginManager: Mounting plugin ChaosEditor
LogPluginManager: Mounting plugin ChaosNiagara
LogPluginManager: Mounting plugin ChaosSolverPlugin
LogPluginManager: Mounting plugin CharacterAI
LogPluginManager: Mounting plugin GeometryCache
LogPluginManager: Mounting plugin GeometryCollectionPlugin
LogPluginManager: Mounting plugin GeometryProcessing
LogPluginManager: Mounting plugin PlanarCut
LogPluginManager: Mounting plugin PlatformCrypto
LogPluginManager: Mounting plugin ProxyLODPlugin
LogPluginManager: Mounting plugin SkeletalReduction
LogPluginManager: Mounting plugin Niagara
LogPluginManager: Mounting plugin MagicLeap
LogPluginManager: Mounting plugin MagicLeapLightEstimation
LogPluginManager: Mounting plugin MagicLeapMedia
LogPluginManager: Mounting plugin MagicLeapPassableWorld
LogPluginManager: Mounting plugin MLSDK
LogPluginManager: Mounting plugin AndroidMedia
LogPluginManager: Mounting plugin AvfMedia
LogPluginManager: Mounting plugin ImgMedia
LogPluginManager: Mounting plugin MediaCompositing
LogPluginManager: Mounting plugin MediaPlayerEditor
LogPluginManager: Mounting plugin WebMMedia
LogPluginManager: Mounting plugin WmfMedia
LogPluginManager: Mounting plugin MeshPainting
LogPluginManager: Mounting plugin TcpMessaging
LogPluginManager: Mounting plugin UdpMessaging
LogPluginManager: Mounting plugin ActorSequence
LogPluginManager: Mounting plugin LevelSequenceEditor
LogPluginManager: Mounting plugin MatineeToLevelSequence
LogPluginManager: Mounting plugin MovieRenderPipeline
LogPluginManager: Mounting plugin TemplateSequence
LogPluginManager: Mounting plugin NetcodeUnitTest
LogPluginManager: Mounting plugin NUTUnrealEngine4
LogPluginManager: Mounting plugin OnlineSubsystemGooglePlay
LogPluginManager: Mounting plugin OnlineSubsystemIOS
LogPluginManager: Mounting plugin OnlineSubsystem
LogPluginManager: Mounting plugin OnlineSubsystemNull
LogPluginManager: Mounting plugin OnlineSubsystemUtils
LogPluginManager: Mounting plugin LauncherChunkInstaller
LogPluginManager: Mounting plugin AndroidDeviceProfileSelector
LogPluginManager: Mounting plugin AndroidMoviePlayer
LogPluginManager: Mounting plugin AndroidPermission
LogPluginManager: Mounting plugin AppleImageUtils
LogPluginManager: Mounting plugin AppleMoviePlayer
LogPluginManager: Mounting plugin ArchVisCharacter
LogPluginManager: Mounting plugin AssetTags
LogPluginManager: Mounting plugin AudioCapture
LogPluginManager: Mounting plugin CableComponent
LogPluginManager: Mounting plugin CustomMeshComponent
LogPluginManager: Mounting plugin EditableMesh
LogPluginManager: Mounting plugin ExampleDeviceProfileSelector
LogPluginManager: Mounting plugin GoogleCloudMessaging
LogPluginManager: Mounting plugin GooglePAD
LogPluginManager: Mounting plugin IOSDeviceProfileSelector
LogPluginManager: Mounting plugin LinuxDeviceProfileSelector
LogPluginManager: Mounting plugin LocationServicesBPLibrary
LogPluginManager: Mounting plugin MobilePatchingUtils
LogPluginManager: Mounting plugin OculusVR
LogPluginManager: Mounting plugin PhysXVehicles
LogPluginManager: Mounting plugin PostSplashScreen
LogPluginManager: Mounting plugin ProceduralMeshComponent
LogPluginManager: Mounting plugin RuntimePhysXCooking
LogPluginManager: Mounting plugin SignificanceManager
LogPluginManager: Mounting plugin SoundFields
LogPluginManager: Mounting plugin SteamVR
LogPluginManager: Mounting plugin Synthesis
LogPluginManager: Mounting plugin WebMMoviePlayer
LogPluginManager: Mounting plugin WindowsMoviePlayer
LogPluginManager: Mounting plugin ScreenshotTools
LogInit: Using libcurl 7.55.1-DEV
LogInit:  - built for x86_64-pc-win32
LogInit:  - supports SSL with OpenSSL/1.1.1
LogInit:  - supports HTTP deflate (compression) using libz 1.2.8
LogInit:  - other features:
LogInit:      CURL_VERSION_SSL
LogInit:      CURL_VERSION_LIBZ
LogInit:      CURL_VERSION_IPV6
LogInit:      CURL_VERSION_ASYNCHDNS
LogInit:      CURL_VERSION_LARGEFILE
LogInit:      CURL_VERSION_IDN
LogInit:  CurlRequestOptions (configurable via config and command line):
LogInit:  - bVerifyPeer = true  - Libcurl will verify peer certificate
LogInit:  - bUseHttpProxy = false  - Libcurl will NOT use HTTP proxy
LogInit:  - bDontReuseConnections = false  - Libcurl will reuse connections
LogInit:  - MaxHostConnections = 16  - Libcurl will limit the number of connections to a host
LogInit:  - LocalHostAddr = Default
LogInit:  - BufferSize = 65536
LogOnline: OSS: Creating online subsystem instance for: NULL
LogInit: WinSock: version 1.1 (2.2), MaxSocks=32767, MaxUdp=65467
LogOnline: OSS: TryLoadSubsystemAndSetDefault: Loaded subsystem for module [NULL]
LogInit: Build: ++UE4+Release-4.25-CL-13594126
LogInit: Engine Version: 4.25.1-13594126+++UE4+Release-4.25
LogInit: Compatible Engine Version: 4.25.0-13144385+++UE4+Release-4.25
LogInit: Net CL: 13144385
LogInit: OS: Windows 10 (Release 2004) (), CPU: Intel(R) Core(TM) i7-10875H CPU @ 2.30GHz, GPU: Intel(R) UHD Graphics
LogInit: Compiled (64-bit): Jun  2 2020 02:10:36
LogInit: Compiled with Visual C++: 19.24.28315.00
LogInit: Build Configuration: Development
LogInit: Branch Name: ++UE4+Release-4.25
LogInit: Command Line:  -skipcompile
LogInit: Base Directory: D:/component application/unreal/UE_4.25/Engine/Binaries/Win64/
LogInit: Allocator: TBB
LogInit: Installed Engine Build: 1
LogDevObjectVersion: Number of dev versions registered: 26
LogDevObjectVersion:   Dev-Blueprints (B0D832E4-1F89-4F0D-ACCF-7EB736FD4AA2): 10
LogDevObjectVersion:   Dev-Build (E1C64328-A22C-4D53-A36C-8E866417BD8C): 0
LogDevObjectVersion:   Dev-Core (375EC13C-06E4-48FB-B500-84F0262A717E): 4
LogDevObjectVersion:   Dev-Editor (E4B068ED-F494-42E9-A231-DA0B2E46BB41): 38
LogDevObjectVersion:   Dev-Framework (CFFC743F-43B0-4480-9391-14DF171D2073): 37
LogDevObjectVersion:   Dev-Mobile (B02B49B5-BB20-44E9-A304-32B752E40360): 2
LogDevObjectVersion:   Dev-Networking (A4E4105C-59A1-49B5-A7C5-40C4547EDFEE): 0
LogDevObjectVersion:   Dev-Online (39C831C9-5AE6-47DC-9A44-9C173E1C8E7C): 0
LogDevObjectVersion:   Dev-Physics (78F01B33-EBEA-4F98-B9B4-84EACCB95AA2): 4
LogDevObjectVersion:   Dev-Platform (6631380F-2D4D-43E0-8009-CF276956A95A): 0
LogDevObjectVersion:   Dev-Rendering (12F88B9F-8875-4AFC-A67C-D90C383ABD29): 43
LogDevObjectVersion:   Dev-Sequencer (7B5AE74C-D270-4C10-A958-57980B212A5A): 12
LogDevObjectVersion:   Dev-VR (D7296918-1DD6-4BDD-9DE2-64A83CC13884): 3
LogDevObjectVersion:   Dev-LoadTimes (C2A15278-BFE7-4AFE-6C17-90FF531DF755): 1
LogDevObjectVersion:   Private-Geometry (6EACA3D4-40EC-4CC1-B786-8BED09428FC5): 3
LogDevObjectVersion:   Dev-AnimPhys (29E575DD-E0A3-4627-9D10-D276232CDCEA): 17
LogDevObjectVersion:   Dev-Anim (AF43A65D-7FD3-4947-9873-3E8ED9C1BB05): 7
LogDevObjectVersion:   Dev-ReflectionCapture (6B266CEC-1EC7-4B8F-A30B-E4D90942FC07): 1
LogDevObjectVersion:   Dev-Automation (0DF73D61-A23F-47EA-B727-89E90C41499A): 1
LogDevObjectVersion:   FortniteMain (601D1886-AC64-4F84-AA16-D3DE0DEAC7D6): 31
LogDevObjectVersion:   Dev-Enterprise (9DFFBCD6-494F-0158-E221-12823C92A888): 10
LogDevObjectVersion:   Dev-Niagara (F2AED0AC-9AFE-416F-8664-AA7FFA26D6FC): 1
LogDevObjectVersion:   Dev-Destruction (174F1F0B-B4C6-45A5-B13F-2EE8D0FB917D): 10
LogDevObjectVersion:   Dev-Physics-Ext (35F94A83-E258-406C-A318-09F59610247C): 37
LogDevObjectVersion:   Dev-PhysicsMaterial-Chaos (B68FC16E-8B1B-42E2-B453-215C058844FE): 1
LogDevObjectVersion:   Dev-CineCamera (B2E18506-4273-CFC2-A54E-F4BB758BBA07): 1
LogInit: Presizing for max 25165824 objects, including 0 objects not considered by GC, pre-allocating 0 bytes for permanent pool.
LogConfig: Applying CVar settings from Section [/Script/Engine.StreamingSettings] File [D:/Code/unreal/CoopGame/GoopGame/Saved/Config/Windows/Engine.ini]
LogConfig: Setting CVar [[s.MinBulkDataSizeForAsyncLoading:131072]]
LogConfig: Setting CVar [[s.AsyncLoadingThreadEnabled:0]]
LogConfig: Setting CVar [[s.EventDrivenLoaderEnabled:1]]
LogConfig: Setting CVar [[s.WarnIfTimeLimitExceeded:0]]
LogConfig: Setting CVar [[s.TimeLimitExceededMultiplier:1.5]]
LogConfig: Setting CVar [[s.TimeLimitExceededMinTime:0.005]]
LogConfig: Setting CVar [[s.UseBackgroundLevelStreaming:1]]
LogConfig: Setting CVar [[s.PriorityAsyncLoadingExtraTime:15.0]]
LogConfig: Setting CVar [[s.LevelStreamingActorsUpdateTimeLimit:5.0]]
LogConfig: Setting CVar [[s.PriorityLevelStreamingActorsUpdateExtraTime:5.0]]
LogConfig: Setting CVar [[s.LevelStreamingComponentsRegistrationGranularity:10]]
LogConfig: Setting CVar [[s.UnregisterComponentsTimeLimit:1.0]]
LogConfig: Setting CVar [[s.LevelStreamingComponentsUnregistrationGranularity:5]]
LogConfig: Setting CVar [[s.FlushStreamingOnExit:1]]
LogInit: Object subsystem initialized
LogConfig: Setting CVar [[con.DebugEarlyDefault:1]]
LogConfig: Setting CVar [[r.setres:1280x720]]
[2020.09.25-07.49.52:703][  0]LogConfig: Setting CVar [[r.VSync:0]]
[2020.09.25-07.49.52:703][  0]LogConfig: Setting CVar [[r.RHICmdBypass:0]]
[2020.09.25-07.49.52:703][  0]LogConfig: Applying CVar settings from Section [/Script/Engine.RendererSettings] File [D:/Code/unreal/CoopGame/GoopGame/Saved/Config/Windows/Engine.ini]
[2020.09.25-07.49.52:703][  0]LogConfig: Setting CVar [[r.GPUCrashDebugging:0]]
[2020.09.25-07.49.52:703][  0]LogConfig: Applying CVar settings from Section [/Script/Engine.RendererOverrideSettings] File [D:/Code/unreal/CoopGame/GoopGame/Saved/Config/Windows/Engine.ini]
[2020.09.25-07.49.52:703][  0]LogConfig: Applying CVar settings from Section [/Script/Engine.StreamingSettings] File [D:/Code/unreal/CoopGame/GoopGame/Saved/Config/Windows/Engine.ini]
[2020.09.25-07.49.52:703][  0]LogConfig: Setting CVar [[s.MinBulkDataSizeForAsyncLoading:131072]]
[2020.09.25-07.49.52:703][  0]LogConfig: Setting CVar [[s.AsyncLoadingThreadEnabled:0]]
[2020.09.25-07.49.52:703][  0]LogConfig: Setting CVar [[s.EventDrivenLoaderEnabled:1]]
[2020.09.25-07.49.52:703][  0]LogConfig: Setting CVar [[s.WarnIfTimeLimitExceeded:0]]
[2020.09.25-07.49.52:703][  0]LogConfig: Setting CVar [[s.TimeLimitExceededMultiplier:1.5]]
[2020.09.25-07.49.52:703][  0]LogConfig: Setting CVar [[s.TimeLimitExceededMinTime:0.005]]
[2020.09.25-07.49.52:703][  0]LogConfig: Setting CVar [[s.UseBackgroundLevelStreaming:1]]
[2020.09.25-07.49.52:703][  0]LogConfig: Setting CVar [[s.PriorityAsyncLoadingExtraTime:15.0]]
[2020.09.25-07.49.52:703][  0]LogConfig: Setting CVar [[s.LevelStreamingActorsUpdateTimeLimit:5.0]]
[2020.09.25-07.49.52:703][  0]LogConfig: Setting CVar [[s.PriorityLevelStreamingActorsUpdateExtraTime:5.0]]
[2020.09.25-07.49.52:703][  0]LogConfig: Setting CVar [[s.LevelStreamingComponentsRegistrationGranularity:10]]
[2020.09.25-07.49.52:703][  0]LogConfig: Setting CVar [[s.UnregisterComponentsTimeLimit:1.0]]
[2020.09.25-07.49.52:703][  0]LogConfig: Setting CVar [[s.LevelStreamingComponentsUnregistrationGranularity:5]]
[2020.09.25-07.49.52:703][  0]LogConfig: Setting CVar [[s.FlushStreamingOnExit:1]]
[2020.09.25-07.49.52:703][  0]LogConfig: Applying CVar settings from Section [/Script/Engine.GarbageCollectionSettings] File [D:/Code/unreal/CoopGame/GoopGame/Saved/Config/Windows/Engine.ini]
[2020.09.25-07.49.52:703][  0]LogConfig: Setting CVar [[gc.MaxObjectsNotConsideredByGC:1]]
[2020.09.25-07.49.52:703][  0]LogConfig: Setting CVar [[gc.SizeOfPermanentObjectPool:0]]
[2020.09.25-07.49.52:703][  0]LogConfig: Setting CVar [[gc.FlushStreamingOnGC:0]]
[2020.09.25-07.49.52:703][  0]LogConfig: Setting CVar [[gc.NumRetriesBeforeForcingGC:10]]
[2020.09.25-07.49.52:703][  0]LogConfig: Setting CVar [[gc.AllowParallelGC:1]]
[2020.09.25-07.49.52:703][  0]LogConfig: Setting CVar [[gc.TimeBetweenPurgingPendingKillObjects:61.1]]
[2020.09.25-07.49.52:703][  0]LogConfig: Setting CVar [[gc.MaxObjectsInEditor:25165824]]
[2020.09.25-07.49.52:703][  0]LogConfig: Setting CVar [[gc.IncrementalBeginDestroyEnabled:1]]
[2020.09.25-07.49.52:703][  0]LogConfig: Setting CVar [[gc.CreateGCClusters:1]]
[2020.09.25-07.49.52:703][  0]LogConfig: Setting CVar [[gc.MinGCClusterSize:5]]
[2020.09.25-07.49.52:703][  0]LogConfig: Setting CVar [[gc.ActorClusteringEnabled:0]]
[2020.09.25-07.49.52:703][  0]LogConfig: Setting CVar [[gc.BlueprintClusteringEnabled:0]]
[2020.09.25-07.49.52:703][  0]LogConfig: Setting CVar [[gc.UseDisregardForGCOnDedicatedServers:0]]
[2020.09.25-07.49.52:703][  0]LogConfig: Applying CVar settings from Section [/Script/Engine.NetworkSettings] File [D:/Code/unreal/CoopGame/GoopGame/Saved/Config/Windows/Engine.ini]
[2020.09.25-07.49.52:703][  0]LogConfig: Applying CVar settings from Section [/Script/UnrealEd.CookerSettings] File [D:/Code/unreal/CoopGame/GoopGame/Saved/Config/Windows/Engine.ini]
[2020.09.25-07.49.52:705][  0]LogConfig: Applying CVar settings from Section [ViewDistanceQuality@3] File [D:/Code/unreal/CoopGame/GoopGame/Saved/Config/Windows/Scalability.ini]
[2020.09.25-07.49.52:705][  0]LogConfig: Setting CVar [[r.SkeletalMeshLODBias:0]]
[2020.09.25-07.49.52:705][  0]LogConfig: Setting CVar [[r.ViewDistanceScale:1.0]]
[2020.09.25-07.49.52:705][  0]LogConfig: Applying CVar settings from Section [AntiAliasingQuality@3] File [D:/Code/unreal/CoopGame/GoopGame/Saved/Config/Windows/Scalability.ini]
[2020.09.25-07.49.52:705][  0]LogConfig: Setting CVar [[r.PostProcessAAQuality:4]]
[2020.09.25-07.49.52:705][  0]LogConfig: Applying CVar settings from Section [ShadowQuality@3] File [D:/Code/unreal/CoopGame/GoopGame/Saved/Config/Windows/Scalability.ini]
[2020.09.25-07.49.52:705][  0]LogConfig: Setting CVar [[r.LightFunctionQuality:1]]
[2020.09.25-07.49.52:705][  0]LogConfig: Setting CVar [[r.ShadowQuality:5]]
[2020.09.25-07.49.52:705][  0]LogConfig: Setting CVar [[r.Shadow.CSM.MaxCascades:10]]
[2020.09.25-07.49.52:705][  0]LogConfig: Setting CVar [[r.Shadow.MaxResolution:2048]]
[2020.09.25-07.49.52:705][  0]LogConfig: Setting CVar [[r.Shadow.MaxCSMResolution:2048]]
[2020.09.25-07.49.52:705][  0]LogConfig: Setting CVar [[r.Shadow.RadiusThreshold:0.01]]
[2020.09.25-07.49.52:705][  0]LogConfig: Setting CVar [[r.Shadow.DistanceScale:1.0]]
[2020.09.25-07.49.52:705][  0]LogConfig: Setting CVar [[r.Shadow.CSM.TransitionScale:1.0]]
[2020.09.25-07.49.52:705][  0]LogConfig: Setting CVar [[r.Shadow.PreShadowResolutionFactor:1.0]]
[2020.09.25-07.49.52:705][  0]LogConfig: Setting CVar [[r.DistanceFieldShadowing:1]]
[2020.09.25-07.49.52:705][  0]LogConfig: Setting CVar [[r.DistanceFieldAO:1]]
[2020.09.25-07.49.52:705][  0]LogConfig: Setting CVar [[r.AOQuality:2]]
[2020.09.25-07.49.52:705][  0]LogConfig: Setting CVar [[r.VolumetricFog:1]]
[2020.09.25-07.49.52:705][  0]LogConfig: Setting CVar [[r.VolumetricFog.GridPixelSize:8]]
[2020.09.25-07.49.52:705][  0]LogConfig: Setting CVar [[r.VolumetricFog.GridSizeZ:128]]
[2020.09.25-07.49.52:705][  0]LogConfig: Setting CVar [[r.VolumetricFog.HistoryMissSupersampleCount:4]]
[2020.09.25-07.49.52:705][  0]LogConfig: Setting CVar [[r.LightMaxDrawDistanceScale:1]]
[2020.09.25-07.49.52:705][  0]LogConfig: Setting CVar [[r.CapsuleShadows:1]]
[2020.09.25-07.49.52:705][  0]LogConfig: Applying CVar settings from Section [PostProcessQuality@3] File [D:/Code/unreal/CoopGame/GoopGame/Saved/Config/Windows/Scalability.ini]
[2020.09.25-07.49.52:705][  0]LogConfig: Setting CVar [[r.MotionBlurQuality:4]]
[2020.09.25-07.49.52:705][  0]LogConfig: Setting CVar [[r.AmbientOcclusionMipLevelFactor:0.4]]
[2020.09.25-07.49.52:705][  0]LogConfig: Setting CVar [[r.AmbientOcclusionMaxQuality:100]]
[2020.09.25-07.49.52:705][  0]LogConfig: Setting CVar [[r.AmbientOcclusionLevels:-1]]
[2020.09.25-07.49.52:705][  0]LogConfig: Setting CVar [[r.AmbientOcclusionRadiusScale:1.0]]
[2020.09.25-07.49.52:705][  0]LogConfig: Setting CVar [[r.DepthOfFieldQuality:2]]
[2020.09.25-07.49.52:705][  0]LogConfig: Setting CVar [[r.RenderTargetPoolMin:400]]
[2020.09.25-07.49.52:705][  0]LogConfig: Setting CVar [[r.LensFlareQuality:2]]
[2020.09.25-07.49.52:706][  0]LogConfig: Setting CVar [[r.SceneColorFringeQuality:1]]
[2020.09.25-07.49.52:706][  0]LogConfig: Setting CVar [[r.EyeAdaptationQuality:2]]
[2020.09.25-07.49.52:706][  0]LogConfig: Setting CVar [[r.BloomQuality:5]]
[2020.09.25-07.49.52:706][  0]LogConfig: Setting CVar [[r.FastBlurThreshold:100]]
[2020.09.25-07.49.52:706][  0]LogConfig: Setting CVar [[r.Upscale.Quality:3]]
[2020.09.25-07.49.52:706][  0]LogConfig: Setting CVar [[r.Tonemapper.GrainQuantization:1]]
[2020.09.25-07.49.52:706][  0]LogConfig: Setting CVar [[r.LightShaftQuality:1]]
[2020.09.25-07.49.52:706][  0]LogConfig: Setting CVar [[r.Filter.SizeScale:1]]
[2020.09.25-07.49.52:706][  0]LogConfig: Setting CVar [[r.Tonemapper.Quality:5]]
[2020.09.25-07.49.52:706][  0]LogConfig: Setting CVar [[r.DOF.Gather.AccumulatorQuality:1        ; higher gathering accumulator quality]]
[2020.09.25-07.49.52:706][  0]LogConfig: Setting CVar [[r.DOF.Gather.PostfilterMethod:1          ; Median3x3 postfilering method]]
[2020.09.25-07.49.52:706][  0]LogConfig: Setting CVar [[r.DOF.Gather.EnableBokehSettings:0       ; no bokeh simulation when gathering]]
[2020.09.25-07.49.52:706][  0]LogConfig: Setting CVar [[r.DOF.Gather.RingCount:4                 ; medium number of samples when gathering]]
[2020.09.25-07.49.52:706][  0]LogConfig: Setting CVar [[r.DOF.Scatter.ForegroundCompositing:1    ; additive foreground scattering]]
[2020.09.25-07.49.52:706][  0]LogConfig: Setting CVar [[r.DOF.Scatter.BackgroundCompositing:2    ; additive background scattering]]
[2020.09.25-07.49.52:706][  0]LogConfig: Setting CVar [[r.DOF.Scatter.EnableBokehSettings:1      ; bokeh simulation when scattering]]
[2020.09.25-07.49.52:706][  0]LogConfig: Setting CVar [[r.DOF.Scatter.MaxSpriteRatio:0.1         ; only a maximum of 10% of scattered bokeh]]
[2020.09.25-07.49.52:706][  0]LogConfig: Setting CVar [[r.DOF.Recombine.Quality:1                ; cheap slight out of focus]]
[2020.09.25-07.49.52:706][  0]LogConfig: Setting CVar [[r.DOF.Recombine.EnableBokehSettings:0    ; no bokeh simulation on slight out of focus]]
[2020.09.25-07.49.52:706][  0]LogConfig: Setting CVar [[r.DOF.TemporalAAQuality:1                ; more stable temporal accumulation]]
[2020.09.25-07.49.52:706][  0]LogConfig: Setting CVar [[r.DOF.Kernel.MaxForegroundRadius:0.025]]
[2020.09.25-07.49.52:706][  0]LogConfig: Setting CVar [[r.DOF.Kernel.MaxBackgroundRadius:0.025]]
[2020.09.25-07.49.52:706][  0]LogConfig: Applying CVar settings from Section [TextureQuality@3] File [D:/Code/unreal/CoopGame/GoopGame/Saved/Config/Windows/Scalability.ini]
[2020.09.25-07.49.52:706][  0]LogConfig: Setting CVar [[r.Streaming.MipBias:0]]
[2020.09.25-07.49.52:706][  0]LogConfig: Setting CVar [[r.Streaming.AmortizeCPUToGPUCopy:0]]
[2020.09.25-07.49.52:706][  0]LogConfig: Setting CVar [[r.Streaming.MaxNumTexturesToStreamPerFrame:0]]
[2020.09.25-07.49.52:706][  0]LogConfig: Setting CVar [[r.Streaming.Boost:1]]
[2020.09.25-07.49.52:706][  0]LogConfig: Setting CVar [[r.MaxAnisotropy:8]]
[2020.09.25-07.49.52:706][  0]LogConfig: Setting CVar [[r.VT.MaxAnisotropy:8]]
[2020.09.25-07.49.52:706][  0]LogConfig: Setting CVar [[r.Streaming.LimitPoolSizeToVRAM:0]]
[2020.09.25-07.49.52:706][  0]LogConfig: Setting CVar [[r.Streaming.PoolSize:1000]]
[2020.09.25-07.49.52:706][  0]LogConfig: Setting CVar [[r.Streaming.MaxEffectiveScreenSize:0]]
[2020.09.25-07.49.52:706][  0]LogConfig: Applying CVar settings from Section [EffectsQuality@3] File [D:/Code/unreal/CoopGame/GoopGame/Saved/Config/Windows/Scalability.ini]
[2020.09.25-07.49.52:706][  0]LogConfig: Setting CVar [[r.TranslucencyLightingVolumeDim:64]]
[2020.09.25-07.49.52:706][  0]LogConfig: Setting CVar [[r.RefractionQuality:2]]
[2020.09.25-07.49.52:706][  0]LogConfig: Setting CVar [[r.SSR.Quality:3]]
[2020.09.25-07.49.52:706][  0]LogConfig: Setting CVar [[r.SSR.HalfResSceneColor:0]]
[2020.09.25-07.49.52:706][  0]LogConfig: Setting CVar [[r.SceneColorFormat:4]]
[2020.09.25-07.49.52:706][  0]LogConfig: Setting CVar [[r.DetailMode:2]]
[2020.09.25-07.49.52:706][  0]LogConfig: Setting CVar [[r.TranslucencyVolumeBlur:1]]
[2020.09.25-07.49.52:706][  0]LogConfig: Setting CVar [[r.MaterialQualityLevel:1 ; High quality]]
[2020.09.25-07.49.52:706][  0]LogConfig: Setting CVar [[r.SSS.Scale:1]]
[2020.09.25-07.49.52:706][  0]LogConfig: Setting CVar [[r.SSS.SampleSet:2]]
[2020.09.25-07.49.52:706][  0]LogConfig: Setting CVar [[r.SSS.Quality:1]]
[2020.09.25-07.49.52:706][  0]LogConfig: Setting CVar [[r.SSS.HalfRes:0]]
[2020.09.25-07.49.52:706][  0]LogConfig: Setting CVar [[r.SSGI.Quality:3]]
[2020.09.25-07.49.52:706][  0]LogConfig: Setting CVar [[r.EmitterSpawnRateScale:1.0]]
[2020.09.25-07.49.52:706][  0]LogConfig: Setting CVar [[r.ParticleLightQuality:2]]
[2020.09.25-07.49.52:706][  0]LogConfig: Setting CVar [[r.SkyAtmosphere.AerialPerspectiveLUT.FastApplyOnOpaque:1 ; Always have FastSkyLUT 1 in this case to avoid wrong sky]]
[2020.09.25-07.49.52:706][  0]LogConfig: Setting CVar [[r.SkyAtmosphere.AerialPerspectiveLUT.SampleCountPerSlice:1]]
[2020.09.25-07.49.52:706][  0]LogConfig: Setting CVar [[r.SkyAtmosphere.AerialPerspectiveLUT.DepthResolution:16.0]]
[2020.09.25-07.49.52:706][  0]LogConfig: Setting CVar [[r.SkyAtmosphere.FastSkyLUT:1]]
[2020.09.25-07.49.52:706][  0]LogConfig: Setting CVar [[r.SkyAtmosphere.FastSkyLUT.SampleCountMin:4.0]]
[2020.09.25-07.49.52:706][  0]LogConfig: Setting CVar [[r.SkyAtmosphere.FastSkyLUT.SampleCountMax:32.0]]
[2020.09.25-07.49.52:706][  0]LogConfig: Setting CVar [[r.SkyAtmosphere.SampleCountMin:4.0]]
[2020.09.25-07.49.52:706][  0]LogConfig: Setting CVar [[r.SkyAtmosphere.SampleCountMax:32.0]]
[2020.09.25-07.49.52:706][  0]LogConfig: Setting CVar [[r.SkyAtmosphere.TransmittanceLUT.UseSmallFormat:0]]
[2020.09.25-07.49.52:706][  0]LogConfig: Setting CVar [[r.SkyAtmosphere.TransmittanceLUT.SampleCount:10.0]]
[2020.09.25-07.49.52:706][  0]LogConfig: Setting CVar [[r.SkyAtmosphere.MultiScatteringLUT.SampleCount:15.0]]
[2020.09.25-07.49.52:706][  0]LogConfig: Applying CVar settings from Section [FoliageQuality@3] File [D:/Code/unreal/CoopGame/GoopGame/Saved/Config/Windows/Scalability.ini]
[2020.09.25-07.49.52:706][  0]LogConfig: Setting CVar [[foliage.DensityScale:1.0]]
[2020.09.25-07.49.52:706][  0]LogConfig: Setting CVar [[grass.DensityScale:1.0]]
[2020.09.25-07.49.52:706][  0]LogConfig: Applying CVar settings from Section [ShadingQuality@3] File [D:/Code/unreal/CoopGame/GoopGame/Saved/Config/Windows/Scalability.ini]
[2020.09.25-07.49.52:706][  0]LogConfig: Setting CVar [[r.HairStrands.SkyLighting.SampleCount:16]]
[2020.09.25-07.49.52:706][  0]LogConfig: Setting CVar [[r.HairStrands.SkyLighting.JitterIntegration:0]]
[2020.09.25-07.49.52:706][  0]LogConfig: Setting CVar [[r.HairStrands.SkyAO.SampleCount:16]]
[2020.09.25-07.49.52:706][  0]LogConfig: Setting CVar [[r.HairStrands.DeepShadow.SuperSampling:0]]
[2020.09.25-07.49.52:706][  0]LogConfig: Setting CVar [[r.HairStrands.VisibilityPPLL:0]]
[2020.09.25-07.49.52:706][  0]LogConfig: Setting CVar [[r.HairStrands.RasterizationScale:0.5]]
[2020.09.25-07.49.52:706][  0]LogConfig: Setting CVar [[r.HairStrands.VelocityRasterizationScale:1]]
[2020.09.25-07.49.52:706][  0]LogInit: Selected Device Profile: [Windows]
[2020.09.25-07.49.52:706][  0]LogInit: Applying CVar settings loaded from the selected device profile: [Windows]
[2020.09.25-07.49.52:706][  0]LogHAL: Display: Platform has ~ 32 GB [34186383360 / 34359738368 / 32], which maps to Largest [LargestMinGB=32, LargerMinGB=12, DefaultMinGB=8, SmallerMinGB=6, SmallestMinGB=0)
[2020.09.25-07.49.52:706][  0]LogInit: Going up to parent DeviceProfile []
[2020.09.25-07.49.52:706][  0]LogConfig: Applying CVar settings from Section [ViewDistanceQuality@3] File [D:/Code/unreal/CoopGame/GoopGame/Saved/Config/Windows/Scalability.ini]
[2020.09.25-07.49.52:706][  0]LogConfig: Setting CVar [[r.SkeletalMeshLODBias:0]]
[2020.09.25-07.49.52:706][  0]LogConfig: Setting CVar [[r.ViewDistanceScale:1.0]]
[2020.09.25-07.49.52:706][  0]LogConfig: Applying CVar settings from Section [AntiAliasingQuality@3] File [D:/Code/unreal/CoopGame/GoopGame/Saved/Config/Windows/Scalability.ini]
[2020.09.25-07.49.52:706][  0]LogConfig: Setting CVar [[r.PostProcessAAQuality:4]]
[2020.09.25-07.49.52:706][  0]LogConfig: Applying CVar settings from Section [ShadowQuality@3] File [D:/Code/unreal/CoopGame/GoopGame/Saved/Config/Windows/Scalability.ini]
[2020.09.25-07.49.52:706][  0]LogConfig: Setting CVar [[r.LightFunctionQuality:1]]
[2020.09.25-07.49.52:706][  0]LogConfig: Setting CVar [[r.ShadowQuality:5]]
[2020.09.25-07.49.52:706][  0]LogConfig: Setting CVar [[r.Shadow.CSM.MaxCascades:10]]
[2020.09.25-07.49.52:706][  0]LogConfig: Setting CVar [[r.Shadow.MaxResolution:2048]]
[2020.09.25-07.49.52:706][  0]LogConfig: Setting CVar [[r.Shadow.MaxCSMResolution:2048]]
[2020.09.25-07.49.52:706][  0]LogConfig: Setting CVar [[r.Shadow.RadiusThreshold:0.01]]
[2020.09.25-07.49.52:706][  0]LogConfig: Setting CVar [[r.Shadow.DistanceScale:1.0]]
[2020.09.25-07.49.52:706][  0]LogConfig: Setting CVar [[r.Shadow.CSM.TransitionScale:1.0]]
[2020.09.25-07.49.52:706][  0]LogConfig: Setting CVar [[r.Shadow.PreShadowResolutionFactor:1.0]]
[2020.09.25-07.49.52:706][  0]LogConfig: Setting CVar [[r.DistanceFieldShadowing:1]]
[2020.09.25-07.49.52:706][  0]LogConfig: Setting CVar [[r.DistanceFieldAO:1]]
[2020.09.25-07.49.52:706][  0]LogConfig: Setting CVar [[r.AOQuality:2]]
[2020.09.25-07.49.52:706][  0]LogConfig: Setting CVar [[r.VolumetricFog:1]]
[2020.09.25-07.49.52:706][  0]LogConfig: Setting CVar [[r.VolumetricFog.GridPixelSize:8]]
[2020.09.25-07.49.52:706][  0]LogConfig: Setting CVar [[r.VolumetricFog.GridSizeZ:128]]
[2020.09.25-07.49.52:706][  0]LogConfig: Setting CVar [[r.VolumetricFog.HistoryMissSupersampleCount:4]]
[2020.09.25-07.49.52:707][  0]LogConfig: Setting CVar [[r.LightMaxDrawDistanceScale:1]]
[2020.09.25-07.49.52:707][  0]LogConfig: Setting CVar [[r.CapsuleShadows:1]]
[2020.09.25-07.49.52:707][  0]LogConfig: Applying CVar settings from Section [PostProcessQuality@3] File [D:/Code/unreal/CoopGame/GoopGame/Saved/Config/Windows/Scalability.ini]
[2020.09.25-07.49.52:707][  0]LogConfig: Setting CVar [[r.MotionBlurQuality:4]]
[2020.09.25-07.49.52:707][  0]LogConfig: Setting CVar [[r.AmbientOcclusionMipLevelFactor:0.4]]
[2020.09.25-07.49.52:707][  0]LogConfig: Setting CVar [[r.AmbientOcclusionMaxQuality:100]]
[2020.09.25-07.49.52:707][  0]LogConfig: Setting CVar [[r.AmbientOcclusionLevels:-1]]
[2020.09.25-07.49.52:707][  0]LogConfig: Setting CVar [[r.AmbientOcclusionRadiusScale:1.0]]
[2020.09.25-07.49.52:707][  0]LogConfig: Setting CVar [[r.DepthOfFieldQuality:2]]
[2020.09.25-07.49.52:707][  0]LogConfig: Setting CVar [[r.RenderTargetPoolMin:400]]
[2020.09.25-07.49.52:707][  0]LogConfig: Setting CVar [[r.LensFlareQuality:2]]
[2020.09.25-07.49.52:707][  0]LogConfig: Setting CVar [[r.SceneColorFringeQuality:1]]
[2020.09.25-07.49.52:707][  0]LogConfig: Setting CVar [[r.EyeAdaptationQuality:2]]
[2020.09.25-07.49.52:707][  0]LogConfig: Setting CVar [[r.BloomQuality:5]]
[2020.09.25-07.49.52:707][  0]LogConfig: Setting CVar [[r.FastBlurThreshold:100]]
[2020.09.25-07.49.52:707][  0]LogConfig: Setting CVar [[r.Upscale.Quality:3]]
[2020.09.25-07.49.52:707][  0]LogConfig: Setting CVar [[r.Tonemapper.GrainQuantization:1]]
[2020.09.25-07.49.52:707][  0]LogConfig: Setting CVar [[r.LightShaftQuality:1]]
[2020.09.25-07.49.52:707][  0]LogConfig: Setting CVar [[r.Filter.SizeScale:1]]
[2020.09.25-07.49.52:707][  0]LogConfig: Setting CVar [[r.Tonemapper.Quality:5]]
[2020.09.25-07.49.52:707][  0]LogConfig: Setting CVar [[r.DOF.Gather.AccumulatorQuality:1        ; higher gathering accumulator quality]]
[2020.09.25-07.49.52:707][  0]LogConfig: Setting CVar [[r.DOF.Gather.PostfilterMethod:1          ; Median3x3 postfilering method]]
[2020.09.25-07.49.52:707][  0]LogConfig: Setting CVar [[r.DOF.Gather.EnableBokehSettings:0       ; no bokeh simulation when gathering]]
[2020.09.25-07.49.52:707][  0]LogConfig: Setting CVar [[r.DOF.Gather.RingCount:4                 ; medium number of samples when gathering]]
[2020.09.25-07.49.52:707][  0]LogConfig: Setting CVar [[r.DOF.Scatter.ForegroundCompositing:1    ; additive foreground scattering]]
[2020.09.25-07.49.52:707][  0]LogConfig: Setting CVar [[r.DOF.Scatter.BackgroundCompositing:2    ; additive background scattering]]
[2020.09.25-07.49.52:707][  0]LogConfig: Setting CVar [[r.DOF.Scatter.EnableBokehSettings:1      ; bokeh simulation when scattering]]
[2020.09.25-07.49.52:707][  0]LogConfig: Setting CVar [[r.DOF.Scatter.MaxSpriteRatio:0.1         ; only a maximum of 10% of scattered bokeh]]
[2020.09.25-07.49.52:707][  0]LogConfig: Setting CVar [[r.DOF.Recombine.Quality:1                ; cheap slight out of focus]]
[2020.09.25-07.49.52:707][  0]LogConfig: Setting CVar [[r.DOF.Recombine.EnableBokehSettings:0    ; no bokeh simulation on slight out of focus]]
[2020.09.25-07.49.52:707][  0]LogConfig: Setting CVar [[r.DOF.TemporalAAQuality:1                ; more stable temporal accumulation]]
[2020.09.25-07.49.52:707][  0]LogConfig: Setting CVar [[r.DOF.Kernel.MaxForegroundRadius:0.025]]
[2020.09.25-07.49.52:707][  0]LogConfig: Setting CVar [[r.DOF.Kernel.MaxBackgroundRadius:0.025]]
[2020.09.25-07.49.52:707][  0]LogConfig: Applying CVar settings from Section [TextureQuality@3] File [D:/Code/unreal/CoopGame/GoopGame/Saved/Config/Windows/Scalability.ini]
[2020.09.25-07.49.52:707][  0]LogConfig: Setting CVar [[r.Streaming.MipBias:0]]
[2020.09.25-07.49.52:707][  0]LogConfig: Setting CVar [[r.Streaming.AmortizeCPUToGPUCopy:0]]
[2020.09.25-07.49.52:707][  0]LogConfig: Setting CVar [[r.Streaming.MaxNumTexturesToStreamPerFrame:0]]
[2020.09.25-07.49.52:707][  0]LogConfig: Setting CVar [[r.Streaming.Boost:1]]
[2020.09.25-07.49.52:707][  0]LogConfig: Setting CVar [[r.MaxAnisotropy:8]]
[2020.09.25-07.49.52:707][  0]LogConfig: Setting CVar [[r.VT.MaxAnisotropy:8]]
[2020.09.25-07.49.52:707][  0]LogConfig: Setting CVar [[r.Streaming.LimitPoolSizeToVRAM:0]]
[2020.09.25-07.49.52:707][  0]LogConfig: Setting CVar [[r.Streaming.PoolSize:1000]]
[2020.09.25-07.49.52:707][  0]LogConfig: Setting CVar [[r.Streaming.MaxEffectiveScreenSize:0]]
[2020.09.25-07.49.52:707][  0]LogConfig: Applying CVar settings from Section [EffectsQuality@3] File [D:/Code/unreal/CoopGame/GoopGame/Saved/Config/Windows/Scalability.ini]
[2020.09.25-07.49.52:707][  0]LogConfig: Setting CVar [[r.TranslucencyLightingVolumeDim:64]]
[2020.09.25-07.49.52:707][  0]LogConfig: Setting CVar [[r.RefractionQuality:2]]
[2020.09.25-07.49.52:707][  0]LogConfig: Setting CVar [[r.SSR.Quality:3]]
[2020.09.25-07.49.52:707][  0]LogConfig: Setting CVar [[r.SSR.HalfResSceneColor:0]]
[2020.09.25-07.49.52:707][  0]LogConfig: Setting CVar [[r.SceneColorFormat:4]]
[2020.09.25-07.49.52:707][  0]LogConfig: Setting CVar [[r.DetailMode:2]]
[2020.09.25-07.49.52:707][  0]LogConfig: Setting CVar [[r.TranslucencyVolumeBlur:1]]
[2020.09.25-07.49.52:707][  0]LogConfig: Setting CVar [[r.MaterialQualityLevel:1 ; High quality]]
[2020.09.25-07.49.52:707][  0]LogConfig: Setting CVar [[r.SSS.Scale:1]]
[2020.09.25-07.49.52:707][  0]LogConfig: Setting CVar [[r.SSS.SampleSet:2]]
[2020.09.25-07.49.52:707][  0]LogConfig: Setting CVar [[r.SSS.Quality:1]]
[2020.09.25-07.49.52:707][  0]LogConfig: Setting CVar [[r.SSS.HalfRes:0]]
[2020.09.25-07.49.52:707][  0]LogConfig: Setting CVar [[r.SSGI.Quality:3]]
[2020.09.25-07.49.52:707][  0]LogConfig: Setting CVar [[r.EmitterSpawnRateScale:1.0]]
[2020.09.25-07.49.52:707][  0]LogConfig: Setting CVar [[r.ParticleLightQuality:2]]
[2020.09.25-07.49.52:707][  0]LogConfig: Setting CVar [[r.SkyAtmosphere.AerialPerspectiveLUT.FastApplyOnOpaque:1 ; Always have FastSkyLUT 1 in this case to avoid wrong sky]]
[2020.09.25-07.49.52:707][  0]LogConfig: Setting CVar [[r.SkyAtmosphere.AerialPerspectiveLUT.SampleCountPerSlice:1]]
[2020.09.25-07.49.52:707][  0]LogConfig: Setting CVar [[r.SkyAtmosphere.AerialPerspectiveLUT.DepthResolution:16.0]]
[2020.09.25-07.49.52:707][  0]LogConfig: Setting CVar [[r.SkyAtmosphere.FastSkyLUT:1]]
[2020.09.25-07.49.52:707][  0]LogConfig: Setting CVar [[r.SkyAtmosphere.FastSkyLUT.SampleCountMin:4.0]]
[2020.09.25-07.49.52:707][  0]LogConfig: Setting CVar [[r.SkyAtmosphere.FastSkyLUT.SampleCountMax:32.0]]
[2020.09.25-07.49.52:707][  0]LogConfig: Setting CVar [[r.SkyAtmosphere.SampleCountMin:4.0]]
[2020.09.25-07.49.52:707][  0]LogConfig: Setting CVar [[r.SkyAtmosphere.SampleCountMax:32.0]]
[2020.09.25-07.49.52:707][  0]LogConfig: Setting CVar [[r.SkyAtmosphere.TransmittanceLUT.UseSmallFormat:0]]
[2020.09.25-07.49.52:707][  0]LogConfig: Setting CVar [[r.SkyAtmosphere.TransmittanceLUT.SampleCount:10.0]]
[2020.09.25-07.49.52:707][  0]LogConfig: Setting CVar [[r.SkyAtmosphere.MultiScatteringLUT.SampleCount:15.0]]
[2020.09.25-07.49.52:707][  0]LogConfig: Applying CVar settings from Section [FoliageQuality@3] File [D:/Code/unreal/CoopGame/GoopGame/Saved/Config/Windows/Scalability.ini]
[2020.09.25-07.49.52:707][  0]LogConfig: Setting CVar [[foliage.DensityScale:1.0]]
[2020.09.25-07.49.52:707][  0]LogConfig: Setting CVar [[grass.DensityScale:1.0]]
[2020.09.25-07.49.52:707][  0]LogConfig: Applying CVar settings from Section [ShadingQuality@3] File [D:/Code/unreal/CoopGame/GoopGame/Saved/Config/Windows/Scalability.ini]
[2020.09.25-07.49.52:707][  0]LogConfig: Setting CVar [[r.HairStrands.SkyLighting.SampleCount:16]]
[2020.09.25-07.49.52:707][  0]LogConfig: Setting CVar [[r.HairStrands.SkyLighting.JitterIntegration:0]]
[2020.09.25-07.49.52:707][  0]LogConfig: Setting CVar [[r.HairStrands.SkyAO.SampleCount:16]]
[2020.09.25-07.49.52:707][  0]LogConfig: Setting CVar [[r.HairStrands.DeepShadow.SuperSampling:0]]
[2020.09.25-07.49.52:707][  0]LogConfig: Setting CVar [[r.HairStrands.VisibilityPPLL:0]]
[2020.09.25-07.49.52:707][  0]LogConfig: Setting CVar [[r.HairStrands.RasterizationScale:0.5]]
[2020.09.25-07.49.52:707][  0]LogConfig: Setting CVar [[r.HairStrands.VelocityRasterizationScale:1]]
[2020.09.25-07.49.52:707][  0]LogConfig: Applying CVar settings from Section [Startup] File [../../../Engine/Config/ConsoleVariables.ini]
[2020.09.25-07.49.52:707][  0]LogConfig: Setting CVar [[net.UseAdaptiveNetUpdateFrequency:0]]
[2020.09.25-07.49.52:707][  0]LogConfig: Setting CVar [[p.chaos.AllowCreatePhysxBodies:1]]
[2020.09.25-07.49.52:707][  0]LogConfig: Setting CVar [[fx.SkipVectorVMBackendOptimizations:1]]
[2020.09.25-07.49.52:707][  0]LogConfig: Applying CVar settings from Section [ConsoleVariables] File [D:/Code/unreal/CoopGame/GoopGame/Saved/Config/Windows/Engine.ini]
[2020.09.25-07.49.52:707][  0]LogInit: Computer: DESKTOP-G0SN44A
[2020.09.25-07.49.52:707][  0]LogInit: User: piang
[2020.09.25-07.49.52:707][  0]LogInit: CPU Page size=4096, Cores=8
[2020.09.25-07.49.52:707][  0]LogInit: High frequency timer resolution =10.000000 MHz
[2020.09.25-07.49.52:708][  0]LogMemory: Memory total: Physical=31.8GB (32GB approx)
[2020.09.25-07.49.52:708][  0]LogMemory: Platform Memory Stats for Windows
[2020.09.25-07.49.52:708][  0]LogMemory: Process Physical Memory: 117.42 MB used, 117.43 MB peak
[2020.09.25-07.49.52:708][  0]LogMemory: Process Virtual Memory: 100.38 MB used, 100.38 MB peak
[2020.09.25-07.49.52:708][  0]LogMemory: Physical Memory: 12941.41 MB used,  19661.27 MB free, 32602.68 MB total
[2020.09.25-07.49.52:708][  0]LogMemory: Virtual Memory: 5189.82 MB used,  134212536.00 MB free, 134217728.00 MB total
[2020.09.25-07.49.52:712][  0]LogWindows: WindowsPlatformFeatures enabled
[2020.09.25-07.49.52:743][  0]LogInit: Physics initialised using underlying interface: PhysX
[2020.09.25-07.49.52:744][  0]LogInit: Using OS detected language (zh-CN).
[2020.09.25-07.49.52:744][  0]LogInit: Using OS detected locale (zh-CN).
[2020.09.25-07.49.52:745][  0]LogTextLocalizationManager: No specific localization for 'zh-CN' exists, so the 'zh-Hans' localization will be used.
[2020.09.25-07.49.52:810][  0]LogTextLocalizationResource: LocRes '../../../Engine/Content/Localization/Editor/zh/Editor.locres' could not be opened for reading!
[2020.09.25-07.49.52:810][  0]LogTextLocalizationResource: LocRes '../../../Engine/Content/Localization/EditorTutorials/zh/EditorTutorials.locres' could not be opened for reading!
[2020.09.25-07.49.52:810][  0]LogTextLocalizationResource: LocRes '../../../Engine/Content/Localization/Keywords/zh/Keywords.locres' could not be opened for reading!
[2020.09.25-07.49.52:810][  0]LogTextLocalizationResource: LocRes '../../../Engine/Content/Localization/Category/zh/Category.locres' could not be opened for reading!
[2020.09.25-07.49.52:810][  0]LogTextLocalizationResource: LocRes '../../../Engine/Content/Localization/ToolTips/zh/ToolTips.locres' could not be opened for reading!
[2020.09.25-07.49.52:810][  0]LogTextLocalizationResource: LocRes '../../../Engine/Content/Localization/PropertyNames/zh/PropertyNames.locres' could not be opened for reading!
[2020.09.25-07.49.52:810][  0]LogTextLocalizationResource: LocRes '../../../Engine/Content/Localization/Engine/zh/Engine.locres' could not be opened for reading!
[2020.09.25-07.49.52:810][  0]LogTextLocalizationResource: LocRes '../../../Engine/Plugins/Online/Android/OnlineSubsystemGooglePlay/Content/Localization/OnlineSubsystemGooglePlay/zh/OnlineSubsystemGooglePlay.locres' could not be opened for reading!
[2020.09.25-07.49.52:810][  0]LogTextLocalizationResource: LocRes '../../../Engine/Plugins/Online/IOS/OnlineSubsystemIOS/Content/Localization/OnlineSubsystemIOS/zh/OnlineSubsystemIOS.locres' could not be opened for reading!
[2020.09.25-07.49.52:810][  0]LogTextLocalizationResource: LocRes '../../../Engine/Plugins/Online/OnlineSubsystem/Content/Localization/OnlineSubsystem/zh/OnlineSubsystem.locres' could not be opened for reading!
[2020.09.25-07.49.52:810][  0]LogTextLocalizationResource: LocRes '../../../Engine/Plugins/Online/OnlineSubsystemUtils/Content/Localization/OnlineSubsystemUtils/zh/OnlineSubsystemUtils.locres' could not be opened for reading!
[2020.09.25-07.49.52:847][  0]LogInit: Setting process to per monitor DPI aware
[2020.09.25-07.49.52:872][  0]LogSlate: New Slate User Created.  User Index 0, Is Virtual User: 0
[2020.09.25-07.49.52:872][  0]LogSlate: Slate User Registered.  User Index 0, Is Virtual User: 0
[2020.09.25-07.49.52:963][  0]LogHMD: Failed to initialize OpenVR with code 110
[2020.09.25-07.49.52:963][  0]LogD3D11RHI: D3D11 min allowed feature level: 11_0
[2020.09.25-07.49.52:963][  0]LogD3D11RHI: D3D11 max allowed feature level: 11_0
[2020.09.25-07.49.52:963][  0]LogD3D11RHI: D3D11 adapters:
[2020.09.25-07.49.53:037][  0]LogD3D11RHI:    0. 'NVIDIA GeForce RTX 2080 Super with Max-Q Design' (Feature Level 11_0)
[2020.09.25-07.49.53:037][  0]LogD3D11RHI:       8010/0/16301 MB DedicatedVideo/DedicatedSystem/SharedSystem, Outputs:1, VendorId:0x10de
[2020.09.25-07.49.53:059][  0]LogD3D11RHI:    1. 'Intel(R) UHD Graphics' (Feature Level 11_0)
[2020.09.25-07.49.53:059][  0]LogD3D11RHI:       128/0/16301 MB DedicatedVideo/DedicatedSystem/SharedSystem, Outputs:0, VendorId:0x8086
[2020.09.25-07.49.53:061][  0]LogD3D11RHI:    2. 'Microsoft Basic Render Driver' (Feature Level 11_0)
[2020.09.25-07.49.53:061][  0]LogD3D11RHI:       0/0/16301 MB DedicatedVideo/DedicatedSystem/SharedSystem, Outputs:0, VendorId:0x1414
[2020.09.25-07.49.53:061][  0]LogD3D11RHI: Chosen D3D11 Adapter: 0
[2020.09.25-07.49.53:075][  0]LogD3D11RHI: Creating new Direct3DDevice
[2020.09.25-07.49.53:075][  0]LogD3D11RHI:     GPU DeviceId: 0x1ed3 (for the marketing name, search the web for "GPU Device Id")
[2020.09.25-07.49.53:075][  0]LogWindows: EnumDisplayDevices:
[2020.09.25-07.49.53:075][  0]LogWindows:    0. 'Intel(R) UHD Graphics' (P:1 D:1)
[2020.09.25-07.49.53:075][  0]LogWindows:    1. 'Intel(R) UHD Graphics' (P:0 D:0)
[2020.09.25-07.49.53:075][  0]LogWindows:    2. 'Intel(R) UHD Graphics' (P:0 D:0)
[2020.09.25-07.49.53:075][  0]LogWindows:    3. 'NVIDIA GeForce RTX 2080 Super with Max-Q Design' (P:0 D:0)
[2020.09.25-07.49.53:076][  0]LogWindows:    4. 'NVIDIA GeForce RTX 2080 Super with Max-Q Design' (P:0 D:0)
[2020.09.25-07.49.53:076][  0]LogWindows:    5. 'NVIDIA GeForce RTX 2080 Super with Max-Q Design' (P:0 D:0)
[2020.09.25-07.49.53:076][  0]LogWindows:    6. 'NVIDIA GeForce RTX 2080 Super with Max-Q Design' (P:0 D:0)
[2020.09.25-07.49.53:076][  0]LogWindows: DebugString: PrimaryIsNotTheChoosenAdapter PrimaryIsNotTheChoosenAdapter PrimaryIsNotTheChoosenAdapter FoundDriverCount:4 
[2020.09.25-07.49.53:076][  0]LogD3D11RHI:     Adapter Name: NVIDIA GeForce RTX 2080 Super with Max-Q Design
[2020.09.25-07.49.53:076][  0]LogD3D11RHI:   Driver Version: 451.91 (internal:27.21.14.5191, unified:451.91)
[2020.09.25-07.49.53:076][  0]LogD3D11RHI:      Driver Date: 8-2-2020
[2020.09.25-07.49.53:076][  0]LogRHI: Texture pool is 5607 MB (70% of 8010 MB)
[2020.09.25-07.49.53:127][  0]LogD3D11RHI: RHI has support for 64 bit atomics
[2020.09.25-07.49.53:129][  0]LogD3D11RHI: [Aftermath] Enabled and primed
[2020.09.25-07.49.53:129][  0]LogD3D11RHI: Async texture creation enabled
[2020.09.25-07.49.53:129][  0]LogD3D11RHI: Array index from any shader is supported
[2020.09.25-07.49.53:145][  0]LogD3D11RHI: GPU Timing Frequency: 1000.000000 (Debug: 2 1)
[2020.09.25-07.49.53:401][  0]LogTargetPlatformManager: Display: Loaded TargetPlatform 'AllDesktop'
[2020.09.25-07.49.53:417][  0]LogTargetPlatformManager: Display: Loaded TargetPlatform 'Android'
[2020.09.25-07.49.53:417][  0]LogTargetPlatformManager: Display: Loaded TargetPlatform 'Android_ASTC'
[2020.09.25-07.49.53:417][  0]LogTargetPlatformManager: Display: Loaded TargetPlatform 'Android_DXT'
[2020.09.25-07.49.53:417][  0]LogTargetPlatformManager: Display: Loaded TargetPlatform 'Android_ETC2'
[2020.09.25-07.49.53:417][  0]LogTargetPlatformManager: Display: Loaded TargetPlatform 'AndroidClient'
[2020.09.25-07.49.53:417][  0]LogTargetPlatformManager: Display: Loaded TargetPlatform 'Android_ASTCClient'
[2020.09.25-07.49.53:417][  0]LogTargetPlatformManager: Display: Loaded TargetPlatform 'Android_DXTClient'
[2020.09.25-07.49.53:417][  0]LogTargetPlatformManager: Display: Loaded TargetPlatform 'Android_ETC2Client'
[2020.09.25-07.49.53:417][  0]LogTargetPlatformManager: Display: Loaded TargetPlatform 'Android_Multi'
[2020.09.25-07.49.53:417][  0]LogTargetPlatformManager: Display: Loaded TargetPlatform 'Android_MultiClient'
[2020.09.25-07.49.53:435][  0]LogTargetPlatformManager: Display: Loaded TargetPlatform 'IOSClient'
[2020.09.25-07.49.53:435][  0]LogTargetPlatformManager: Display: Loaded TargetPlatform 'IOS'
[2020.09.25-07.49.53:442][  0]LogTargetPlatformManager: Display: Loaded TargetPlatform 'Linux'
[2020.09.25-07.49.53:449][  0]LogTargetPlatformManager: Display: Loaded TargetPlatform 'LinuxNoEditor'
[2020.09.25-07.49.53:456][  0]LogTargetPlatformManager: Display: Loaded TargetPlatform 'LinuxClient'
[2020.09.25-07.49.53:464][  0]LogTargetPlatformManager: Display: Loaded TargetPlatform 'LinuxServer'
[2020.09.25-07.49.53:471][  0]LogTargetPlatformManager: Display: Loaded TargetPlatform 'LinuxAArch64NoEditor'
[2020.09.25-07.49.53:478][  0]LogTargetPlatformManager: Display: Loaded TargetPlatform 'LinuxAArch64Client'
[2020.09.25-07.49.53:484][  0]LogTargetPlatformManager: Display: Loaded TargetPlatform 'LinuxAArch64Server'
[2020.09.25-07.49.53:504][  0]LogTargetPlatformManager: Display: Loaded TargetPlatform 'Lumin'
[2020.09.25-07.49.53:504][  0]LogTargetPlatformManager: Display: Loaded TargetPlatform 'LuminClient'
[2020.09.25-07.49.53:515][  0]LogTargetPlatformManager: Display: Loaded TargetPlatform 'TVOSClient'
[2020.09.25-07.49.53:515][  0]LogTargetPlatformManager: Display: Loaded TargetPlatform 'TVOS'
[2020.09.25-07.49.53:522][  0]LogTargetPlatformManager: Display: Loaded TargetPlatform 'WindowsNoEditor'
[2020.09.25-07.49.53:529][  0]LogTargetPlatformManager: Display: Loaded TargetPlatform 'Windows'
[2020.09.25-07.49.53:535][  0]LogTargetPlatformManager: Display: Loaded TargetPlatform 'WindowsClient'
[2020.09.25-07.49.53:543][  0]LogTargetPlatformManager: Display: Loaded TargetPlatform 'WindowsServer'
[2020.09.25-07.49.53:543][  0]LogTargetPlatformManager: Display: Building Assets For Windows
[2020.09.25-07.49.53:550][  0]LogAudioDebug: Display: Lib vorbis DLL was dynamically loaded.
[2020.09.25-07.49.53:597][  0]LogShaderCompilers: Guid format shader working directory is -2 characters bigger than the processId version (../../../../../../Code/unreal/CoopGame/GoopGame/Intermediate/Shaders/WorkingDirectory/26344/).
[2020.09.25-07.49.53:598][  0]LogShaderCompilers: Cleaned the shader compiler working directory 'C:/Users/piang/AppData/Local/Temp/UnrealShaderWorkingDir/E70C38FB4A31783EE160579681D4E470/'.
[2020.09.25-07.49.53:598][  0]LogXGEController: Cleaning working directory: C:/Users/piang/AppData/Local/Temp/UnrealXGEWorkingDir/
[2020.09.25-07.49.53:598][  0]LogXGEController: Cannot use XGE Controller as Incredibuild is not installed on this machine.
[2020.09.25-07.49.53:598][  0]LogShaderCompilers: Cannot use XGE Shader Compiler as Incredibuild is not installed on this machine.
[2020.09.25-07.49.53:598][  0]LogShaderCompilers: Display: Using Local Shader Compiler.
[2020.09.25-07.49.54:157][  0]LogDerivedDataCache: Display: Max Cache Size: 512 MB
[2020.09.25-07.49.54:192][  0]LogDerivedDataCache: Loaded boot cache 0.04s 75MB C:/Users/piang/AppData/Local/UnrealEngine/4.25/DerivedDataCache/Boot.ddc.
[2020.09.25-07.49.54:192][  0]LogDerivedDataCache: Display: Loaded Boot cache: C:/Users/piang/AppData/Local/UnrealEngine/4.25/DerivedDataCache/Boot.ddc
[2020.09.25-07.49.54:192][  0]LogDerivedDataCache: FDerivedDataBackendGraph:  Pak pak cache file ../../../../../../Code/unreal/CoopGame/GoopGame/DerivedDataCache/DDC.ddp not found, will not use a pak cache.
[2020.09.25-07.49.54:192][  0]LogDerivedDataCache: Unable to find inner node Pak for hierarchical cache Hierarchy.
[2020.09.25-07.49.54:192][  0]LogDerivedDataCache: FDerivedDataBackendGraph:  CompressedPak pak cache file ../../../../../../Code/unreal/CoopGame/GoopGame/DerivedDataCache/Compressed.ddp not found, will not use a pak cache.
[2020.09.25-07.49.54:192][  0]LogDerivedDataCache: Unable to find inner node CompressedPak for hierarchical cache Hierarchy.
[2020.09.25-07.49.54:200][  0]LogDerivedDataCache: Display: Pak cache opened for reading ../../../Engine/DerivedDataCache/Compressed.ddp.
[2020.09.25-07.49.54:200][  0]LogDerivedDataCache: FDerivedDataBackendGraph:  EnterprisePak pak cache file ../../../Enterprise/DerivedDataCache/Compressed.ddp not found, will not use a pak cache.
[2020.09.25-07.49.54:200][  0]LogDerivedDataCache: Unable to find inner node EnterprisePak for hierarchical cache Hierarchy.
[2020.09.25-07.49.54:202][  0]LogDerivedDataCache: Using Local data cache path C:/Users/piang/AppData/Local/UnrealEngine/Common/DerivedDataCache: Writable
[2020.09.25-07.49.54:202][  0]LogDerivedDataCache: Shared data cache path not found in *engine.ini, will not use an Shared cache.
[2020.09.25-07.49.54:202][  0]LogDerivedDataCache: Unable to find inner node Shared for hierarchical cache Hierarchy.
[2020.09.25-07.49.54:240][  0]LogSlate: Using FreeType 2.10.0
[2020.09.25-07.49.54:240][  0]LogSlate: SlateFontServices - WITH_FREETYPE: 1, WITH_HARFBUZZ: 1
[2020.09.25-07.49.54:262][  0]LogAssetRegistry: FAssetRegistry took 0.0018 seconds to start up
[2020.09.25-07.49.54:419][  0]LogInit: Selected Device Profile: [Windows]
[2020.09.25-07.49.54:504][  0]LogMeshReduction: Using QuadricMeshReduction for automatic static mesh reduction
[2020.09.25-07.49.54:504][  0]LogMeshReduction: Using SimplygonMeshReduction for automatic skeletal mesh reduction
[2020.09.25-07.49.54:504][  0]LogMeshReduction: Using ProxyLODMeshReduction for automatic mesh merging
[2020.09.25-07.49.54:504][  0]LogMeshReduction: No distributed automatic mesh merging module available
[2020.09.25-07.49.54:504][  0]LogMeshMerging: No distributed automatic mesh merging module available
[2020.09.25-07.49.54:515][  0]LogNetVersion: GoopGame 1.0.0, NetCL: 13144385, EngineNetVer: 14, GameNetVer: 0 (Checksum: 720496033)
[2020.09.25-07.49.54:806][  0]LogAISub: UAISubsystem::UAISubsystem AISubsystem (000001DB873879C0), frame # 0
[2020.09.25-07.49.54:806][  0]LogAISub: UAISubsystem::UAISubsystem AIPerceptionSystem (000001DB8738EAC0), frame # 0
[2020.09.25-07.49.54:807][  0]LogAISub: UAISubsystem::UAISubsystem EnvQueryManager (000001DB873E1E00), frame # 0
[2020.09.25-07.49.54:955][  0]LogPackageLocalizationCache: Processed 19 localized package path(s) for 2 prioritized culture(s) in 0.142938 seconds
[2020.09.25-07.49.54:958][  0]LogUObjectArray: 15917 objects as part of root set at end of initial load.
[2020.09.25-07.49.54:958][  0]LogUObjectAllocator: 3965568 out of 0 bytes used by permanent object pool.
[2020.09.25-07.49.54:958][  0]LogUObjectArray: CloseDisregardForGC: 0/0 objects in disregard for GC pool
[2020.09.25-07.49.55:223][  0]LogTcpMessaging: Initializing TcpMessaging bridge
[2020.09.25-07.49.55:227][  0]LogUdpMessaging: Initializing bridge on interface 0.0.0.0:0 to multicast group 230.0.0.1:6666.
[2020.09.25-07.49.55:290][  0]SourceControl: 源码管理已禁用
[2020.09.25-07.49.55:290][  0]SourceControl: 源码管理已禁用
[2020.09.25-07.49.55:293][  0]SourceControl: 源码管理已禁用
[2020.09.25-07.49.55:295][  0]SourceControl: 源码管理已禁用
[2020.09.25-07.49.55:304][  0]SourceControl: 源码管理已禁用
[2020.09.25-07.49.55:492][  0]LogAndroidPermission: UAndroidPermissionCallbackProxy::GetInstance
[2020.09.25-07.49.55:508][  0]LogAudioCaptureCore: Display: No Audio Capture implementations found. Audio input will be silent.
[2020.09.25-07.49.55:508][  0]LogAudioCaptureCore: Display: No Audio Capture implementations found. Audio input will be silent.
[2020.09.25-07.49.55:543][  0]LogOcInput: OculusInput pre-init called
[2020.09.25-07.49.55:550][  0]LogWindows: Failed to load 'OVRPlugin.dll' (GetLastError=126)
[2020.09.25-07.49.55:550][  0]LogWindows: File 'OVRPlugin.dll' does not exist
[2020.09.25-07.49.55:595][  0]LogEngine: Initializing Engine...
[2020.09.25-07.49.55:596][  0]LogHMD: Failed to initialize OpenVR with code 110
[2020.09.25-07.49.55:596][  0]LogMagicLeap: Warning: VR disabled because ZI is not enabled.  To enable, in the editor, Edit -> Project Settings -> Plugins -> Magic Leap Plugin -> Enable Zero Iteration
[2020.09.25-07.49.55:597][  0]LogStats: UGameplayTagsManager::InitializeManager -  0.000 s
[2020.09.25-07.49.55:678][  0]LogInit: Initializing FReadOnlyCVARCache
[2020.09.25-07.49.55:683][  0]LogAIModule: Creating AISystem for world Untitled
[2020.09.25-07.49.55:683][  0]LogAISub: UAISubsystem::UAISubsystem EnvQueryManager (000001DB8CF1FC00), frame # 0
[2020.09.25-07.49.55:683][  0]LogAISub: UAISubsystem::UAISubsystem AIPerceptionSystem (000001DB8CF7A340), frame # 0
[2020.09.25-07.49.55:695][  0]LogAudioMixer: Display: Audio Mixer Platform Settings:
[2020.09.25-07.49.55:695][  0]LogAudioMixer: Display: 	Sample Rate:						  48000
[2020.09.25-07.49.55:695][  0]LogAudioMixer: Display: 	Callback Buffer Frame Size Requested: 1024
[2020.09.25-07.49.55:695][  0]LogAudioMixer: Display: 	Callback Buffer Frame Size To Use:	  1024
[2020.09.25-07.49.55:695][  0]LogAudioMixer: Display: 	Number of buffers to queue:			  2
[2020.09.25-07.49.55:695][  0]LogAudioMixer: Display: 	Max Channels (voices):				  32
[2020.09.25-07.49.55:695][  0]LogAudioMixer: Display: 	Number of Async Source Workers:		  0
[2020.09.25-07.49.55:695][  0]LogAudio: Display: AudioDevice MaxSources: 32
[2020.09.25-07.49.55:695][  0]LogAudio: Display: Using built-in audio occlusion.
[2020.09.25-07.49.55:695][  0]LogAudioMixer: Display: Initializing audio mixer.
[2020.09.25-07.49.55:706][  0]LogAudioMixer: Display: 0: FrontLeft
[2020.09.25-07.49.55:706][  0]LogAudioMixer: Display: 1: FrontRight
[2020.09.25-07.49.55:956][  0]LogAudioMixer: Display: Using Audio Device 耳机 (Realtek(R) Audio)
[2020.09.25-07.49.55:957][  0]LogAudioMixer: Display: Initializing Sound Submixes...
[2020.09.25-07.49.55:958][  0]LogAudioMixer: Display: Creating Master Submix 'MasterSubmixDefault'
[2020.09.25-07.49.55:958][  0]LogAudioMixer: Display: Creating Master Submix 'MasterReverbSubmixDefault'
[2020.09.25-07.49.55:959][  0]LogAudioMixer: Display: Creating Master Submix 'MasterEQSubmixDefault'
[2020.09.25-07.49.55:959][  0]LogInit: FAudioDevice initialized.
[2020.09.25-07.49.55:960][  0]LogNetVersion: Set ProjectVersion to 1.0.0.0. Version Checksum will be recalculated on next use.
[2020.09.25-07.49.55:998][  0]LogDerivedDataCache: Saved boot cache 0.04s 75MB C:/Users/piang/AppData/Local/UnrealEngine/4.25/DerivedDataCache/Boot.ddc.
[2020.09.25-07.49.55:998][  0]LogInit: Texture streaming: Enabled
[2020.09.25-07.49.56:012][  0]LogEngineSessionManager: EngineSessionManager initialized
[2020.09.25-07.49.56:012][  0]LogEngineSessionManager: EngineSessionManager sent abnormal shutdown report. Type=AbnormalShutdown, SessionId={E6F5BBF6-4989-3FCD-D26C-B289165FA28A}
[2020.09.25-07.49.56:012][  0]LogEditorSessionSummary: Verbose: Initializing EditorSessionSummaryWriter for editor session tracking
[2020.09.25-07.49.56:013][  0]LogEditorSessionSummary: EditorSessionSummaryWriter initialized
[2020.09.25-07.49.56:058][  0]LogInit: Transaction tracking system initialized
[2020.09.25-07.49.56:076][  0]BlueprintLog: New page: 编辑器加载
[2020.09.25-07.49.56:135][  0]LocalizationService: 本地化服务已禁用
[2020.09.25-07.49.56:241][  0]LogCook: Display: Max memory allowance for cook 16384mb min free memory 0mb
[2020.09.25-07.49.56:241][  0]LogCook: Display: Mobile HDR setting 1
[2020.09.25-07.49.56:344][  0]LogFileCache: Scanning file cache for directory 'D:/Code/unreal/CoopGame/GoopGame/Content/' took 0.00s
[2020.09.25-07.49.56:494][  0]SourceControl: 源码管理已禁用
[2020.09.25-07.49.56:494][  0]LogUnrealEdMisc: Loading editor; pre map load, took 4.999
[2020.09.25-07.49.56:494][  0]Cmd: MAP LOAD FILE="../../../../../../Code/unreal/CoopGame/GoopGame/Content/Maps/NewMap.umap" TEMPLATE=0 SHOWPROGRESS=1 FEATURELEVEL=3
[2020.09.25-07.49.56:494][  0]LightingResults: New page: 光照构建
[2020.09.25-07.49.56:495][  0]LogWorld: UWorld::CleanupWorld for Untitled, bSessionEnded=true, bCleanupResources=true
[2020.09.25-07.49.56:495][  0]LogSlate: InvalidateAllWidgets triggered.  All widgets were invalidated
[2020.09.25-07.49.56:495][  0]MapCheck: New page: 地图检测
[2020.09.25-07.49.56:495][  0]LightingResults: New page: 光照构建
[2020.09.25-07.49.56:505][  0]LogAISub: UAISubsystem::~UAISubsystem EnvQueryManager (000001DB8CF1FC00), frame # 0
[2020.09.25-07.49.56:505][  0]LogAISub: UAISubsystem::~UAISubsystem AIPerceptionSystem (000001DB8CF7A340), frame # 0
[2020.09.25-07.49.56:506][  0]LogUObjectHash: Compacting FUObjectHashTables data took   0.49ms
[2020.09.25-07.49.56:722][  0]LogAIModule: Creating AISystem for world NewMap
[2020.09.25-07.49.56:722][  0]LogAISub: UAISubsystem::UAISubsystem EnvQueryManager (000001DB9913D800), frame # 0
[2020.09.25-07.49.56:722][  0]LogAISub: UAISubsystem::UAISubsystem AIPerceptionSystem (000001DB99127880), frame # 0
[2020.09.25-07.49.56:727][  0]LogEditorServer: Finished looking for orphan Actors (0.000 secs)
[2020.09.25-07.49.56:739][  0]LogUObjectHash: Compacting FUObjectHashTables data took   0.71ms
[2020.09.25-07.49.56:739][  0]Cmd: MAP CHECKDEP NOCLEARLOG
[2020.09.25-07.49.56:739][  0]MapCheck: 地图检测完成：0个错误、0个警告、完成用时0.082毫秒。
[2020.09.25-07.49.56:739][  0]LogFileHelpers: Loading map 'NewMap' took 0.244
[2020.09.25-07.49.56:741][  0]LogUnrealEdMisc: Total Editor Startup Time, took 5.244
[2020.09.25-07.49.56:804][  0]LogWindowsTextInputMethodSystem: Display: IME system now activated using TSF (微软拼音).
[2020.09.25-07.49.56:838][  0]LogSlate: Updating window title bar state: overlay mode, drag disabled, window buttons hidden, title bar hidden
[2020.09.25-07.49.56:843][  0]LogSlate: Updating window title bar state: overlay mode, drag disabled, window buttons hidden, title bar hidden
[2020.09.25-07.49.56:848][  0]LogSlate: Updating window title bar state: overlay mode, drag disabled, window buttons hidden, title bar hidden
[2020.09.25-07.49.56:854][  0]LogSlate: Updating window title bar state: overlay mode, drag disabled, window buttons hidden, title bar hidden
[2020.09.25-07.49.56:859][  0]LogCollectionManager: Loaded 0 collections in 0.000460 seconds
[2020.09.25-07.49.56:870][  0]LogFileCache: Scanning file cache for directory 'D:/Code/unreal/CoopGame/GoopGame/Saved/Collections/' took 0.00s
[2020.09.25-07.49.56:870][  0]LogFileCache: Scanning file cache for directory 'D:/Code/unreal/CoopGame/GoopGame/Content/Developers/piang/Collections/' took 0.00s
[2020.09.25-07.49.56:870][  0]LogFileCache: Scanning file cache for directory 'D:/Code/unreal/CoopGame/GoopGame/Content/Collections/' took 0.00s
[2020.09.25-07.49.56:871][  0]LogContentBrowser: Native class hierarchy populated in 0.0070 seconds. Added 3431 classes and 824 folders.
[2020.09.25-07.49.56:874][  0]LogContentBrowser: Native class hierarchy updated for 'WidgetCarousel' in 0.0002 seconds. Added 0 classes and 0 folders.
[2020.09.25-07.49.56:904][  0]LogContentBrowser: Native class hierarchy updated for 'AddContentDialog' in 0.0003 seconds. Added 0 classes and 0 folders.
[2020.09.25-07.49.56:907][  0]LogContentBrowser: Native class hierarchy updated for 'SceneOutliner' in 0.0002 seconds. Added 2 classes and 0 folders.
[2020.09.25-07.49.57:003][  0]LogSlate: Took 0.000077 seconds to synchronously load lazily loaded font '../../../Engine/Content/Slate/Fonts/Roboto-Regular.ttf' (155K)
[2020.09.25-07.49.57:005][  0]LogSlate: Took 0.001698 seconds to synchronously load lazily loaded font '../../../Engine/Content/Slate/Fonts/DroidSansFallback.ttf' (3848K)
[2020.09.25-07.49.57:006][  0]LogSlate: Took 0.000094 seconds to synchronously load lazily loaded font '../../../Engine/Content/Slate/Fonts/Roboto-Bold.ttf' (160K)
[2020.09.25-07.49.57:008][  0]LogSlate: Took 0.000084 seconds to synchronously load lazily loaded font '../../../Engine/Content/Editor/Slate/Fonts/FontAwesome.ttf' (139K)
[2020.09.25-07.49.57:056][  0]LogRenderer: Reallocating scene render targets to support 1208x604 Format 10 NumSamples 1 (Frame:1).
[2020.09.25-07.49.57:146][  0]LogContentBrowser: Native class hierarchy updated for 'HierarchicalLODOutliner' in 0.0003 seconds. Added 0 classes and 0 folders.
[2020.09.25-07.49.57:146][  0]LogLoad: (Engine Initialization) Total time: 5.65 seconds
[2020.09.25-07.49.57:146][  0]LogLoad: (Engine Initialization) Total Blueprint compile time: 0.00 seconds
[2020.09.25-07.49.57:184][  0]LogAssetRegistry: Asset discovery search completed in 2.9220 seconds
[2020.09.25-07.49.57:188][  0]LogCollectionManager: Fixed up redirectors for 0 collections in 0.000002 seconds (updated 0 objects)
[2020.09.25-07.49.57:189][  0]LogContentStreaming: Texture pool size now 1000 MB
[2020.09.25-07.49.57:295][  0]LogSlate: Took 0.000084 seconds to synchronously load lazily loaded font '../../../Engine/Content/Slate/Fonts/Roboto-Light.ttf' (167K)
[2020.09.25-07.49.57:313][  1]LogActor: Warning: BP_Rifle_C /Engine/Transient.World_1:PersistentLevel.BP_Rifle_C_0 has natively added scene component(s), but none of them were set as the actor's RootComponent - picking one arbitrarily
[2020.09.25-07.49.58:025][ 41]LogTemp: Repeating last play command: 选中的视口
[2020.09.25-07.49.58:037][ 41]LogPlayLevel: PlayLevel: No blueprints needed recompiling
[2020.09.25-07.49.58:037][ 41]PIE: New page: PIE会话：NewMap（2020年9月25日 下午11:49:58）
[2020.09.25-07.49.58:038][ 41]LogOnline: OSS: Creating online subsystem instance for: NULL
[2020.09.25-07.49.58:039][ 41]LogOnline: OSS: TryLoadSubsystemAndSetDefault: Loaded subsystem for module [NULL]
[2020.09.25-07.49.58:039][ 41]LogPlayLevel: Creating play world package: /Game/Maps/UEDPIE_0_NewMap
[2020.09.25-07.49.58:041][ 41]LogPlayLevel: PIE: StaticDuplicateObject took: (0.001773s)
[2020.09.25-07.49.58:042][ 41]LogAIModule: Creating AISystem for world NewMap
[2020.09.25-07.49.58:042][ 41]LogAISub: UAISubsystem::UAISubsystem EnvQueryManager (000001DBA63E9200), frame # 41
[2020.09.25-07.49.58:042][ 41]LogAISub: UAISubsystem::UAISubsystem AIPerceptionSystem (000001DB988F1D00), frame # 41
[2020.09.25-07.49.58:043][ 41]LogPlayLevel: PIE: World Init took: (0.001167s)
[2020.09.25-07.49.58:043][ 41]LogPlayLevel: PIE: Created PIE world by copying editor world from /Game/Maps/NewMap.NewMap to /Game/Maps/UEDPIE_0_NewMap.NewMap (0.003057s)
[2020.09.25-07.49.58:053][ 41]LogUObjectHash: Compacting FUObjectHashTables data took   0.46ms
[2020.09.25-07.49.58:055][ 41]LogAudioMixer: Display: Audio Mixer Platform Settings:
[2020.09.25-07.49.58:055][ 41]LogAudioMixer: Display: 	Sample Rate:						  48000
[2020.09.25-07.49.58:055][ 41]LogAudioMixer: Display: 	Callback Buffer Frame Size Requested: 1024
[2020.09.25-07.49.58:055][ 41]LogAudioMixer: Display: 	Callback Buffer Frame Size To Use:	  1024
[2020.09.25-07.49.58:055][ 41]LogAudioMixer: Display: 	Number of buffers to queue:			  2
[2020.09.25-07.49.58:055][ 41]LogAudioMixer: Display: 	Max Channels (voices):				  32
[2020.09.25-07.49.58:055][ 41]LogAudioMixer: Display: 	Number of Async Source Workers:		  0
[2020.09.25-07.49.58:055][ 41]LogAudio: Display: AudioDevice MaxSources: 32
[2020.09.25-07.49.58:055][ 41]LogAudio: Display: Using built-in audio occlusion.
[2020.09.25-07.49.58:055][ 41]LogAudioMixer: Display: Initializing audio mixer.
[2020.09.25-07.49.58:058][ 41]LogAudioMixer: Display: 0: FrontLeft
[2020.09.25-07.49.58:058][ 41]LogAudioMixer: Display: 1: FrontRight
[2020.09.25-07.49.58:076][ 41]LogAudioMixer: Display: Using Audio Device 耳机 (Realtek(R) Audio)
[2020.09.25-07.49.58:076][ 41]LogAudioMixer: Display: Initializing Sound Submixes...
[2020.09.25-07.49.58:076][ 41]LogAudioMixer: Display: Creating Master Submix 'MasterSubmixDefault'
[2020.09.25-07.49.58:076][ 41]LogAudioMixer: Display: Creating Master Submix 'MasterReverbSubmixDefault'
[2020.09.25-07.49.58:076][ 41]LogAudioMixer: Display: Creating Master Submix 'MasterEQSubmixDefault'
[2020.09.25-07.49.58:087][ 41]LogInit: FAudioDevice initialized.
[2020.09.25-07.49.58:096][ 41]LogLoad: Game class is 'BP_GameMode_C'
[2020.09.25-07.49.58:097][ 41]LogWorld: Bringing World /Game/Maps/UEDPIE_0_NewMap.NewMap up for play (max tick rate 60) at 2020.09.25-15.49.58
[2020.09.25-07.49.58:097][ 41]LogWorld: Bringing up level for play took: 0.000829
[2020.09.25-07.49.58:098][ 41]LogOnline: OSS: Creating online subsystem instance for: :Context_4
[2020.09.25-07.49.58:100][ 41]LogContentBrowser: Native class hierarchy updated for 'MovieSceneCapture' in 0.0003 seconds. Added 20 classes and 0 folders.
[2020.09.25-07.49.58:101][ 41]LogActor: Warning: BP_Rifle_C /Game/Maps/UEDPIE_0_NewMap.NewMap:PersistentLevel.BP_Rifle_C_0 has natively added scene component(s), but none of them were set as the actor's RootComponent - picking one arbitrarily
[2020.09.25-07.49.58:102][ 41]PIE: 登陆的服务器
[2020.09.25-07.49.58:103][ 41]PIE: PIE总开始时间：0.067秒。
[2020.09.25-07.49.58:960][ 92]LogBlueprintUserMessages: [DamageActor_2] 20.0
[2020.09.25-07.49.59:043][ 97]LogBlueprintUserMessages: [DamageActor_2] 20.0
[2020.09.25-07.49.59:144][103]LogBlueprintUserMessages: [DamageActor_2] 20.0
[2020.09.25-07.49.59:243][109]LogBlueprintUserMessages: [DamageActor_2] 20.0
[2020.09.25-07.49.59:343][115]LogBlueprintUserMessages: [DamageActor_2] 20.0
[2020.09.25-07.49.59:443][121]LogBlueprintUserMessages: [DamageActor_2] 20.0
[2020.09.25-07.49.59:544][127]LogBlueprintUserMessages: [DamageActor_2] 20.0
[2020.09.25-07.49.59:643][133]LogBlueprintUserMessages: [DamageActor_2] 20.0
[2020.09.25-07.49.59:744][139]LogBlueprintUserMessages: [DamageActor_2] 20.0
[2020.09.25-07.50.02:210][287]LogBlueprintUserMessages: [DamageActor_2] 20.0
[2020.09.25-07.50.02:410][299]LogBlueprintUserMessages: [DamageActor_2] 20.0
[2020.09.25-07.50.02:877][327]LogBlueprintUserMessages: [DamageActor_2] 20.0
[2020.09.25-07.50.02:960][332]LogBlueprintUserMessages: [DamageActor_2] 20.0
[2020.09.25-07.50.03:060][338]LogBlueprintUserMessages: [DamageActor_2] 20.0
[2020.09.25-07.50.03:160][344]LogBlueprintUserMessages: [DamageActor_2] 20.0
[2020.09.25-07.50.03:260][350]LogBlueprintUserMessages: [DamageActor_2] 20.0
[2020.09.25-07.50.03:360][356]LogBlueprintUserMessages: [DamageActor_2] 20.0
[2020.09.25-07.50.03:460][362]LogBlueprintUserMessages: [DamageActor_2] 20.0
[2020.09.25-07.50.03:560][368]LogBlueprintUserMessages: [DamageActor_2] 20.0
[2020.09.25-07.50.03:927][390]LogBlueprintUserMessages: [DamageActor_2] 20.0
[2020.09.25-07.50.04:010][395]LogBlueprintUserMessages: [DamageActor_2] 20.0
[2020.09.25-07.50.04:143][403]LogBlueprintUserMessages: [DamageActor_2] 20.0
[2020.09.25-07.50.04:327][414]LogBlueprintUserMessages: [DamageActor_2] 20.0
[2020.09.25-07.50.06:260][530]LogBlueprintUserMessages: [DamageActor_2] 80.0
[2020.09.25-07.50.06:344][535]LogBlueprintUserMessages: [DamageActor_2] 80.0
[2020.09.25-07.50.06:443][541]LogBlueprintUserMessages: [DamageActor_2] 80.0
[2020.09.25-07.50.06:543][547]LogBlueprintUserMessages: [DamageActor_2] 80.0
[2020.09.25-07.50.06:643][553]LogBlueprintUserMessages: [DamageActor_2] 80.0
[2020.09.25-07.50.06:744][559]LogBlueprintUserMessages: [DamageActor_2] 80.0
[2020.09.25-07.50.06:844][565]LogBlueprintUserMessages: [DamageActor_2] 80.0
[2020.09.25-07.50.06:944][571]LogBlueprintUserMessages: [DamageActor_2] 80.0
[2020.09.25-07.50.07:044][577]LogBlueprintUserMessages: [DamageActor_2] 80.0
[2020.09.25-07.50.07:143][583]LogBlueprintUserMessages: [DamageActor_2] 80.0
[2020.09.25-07.50.07:243][589]LogBlueprintUserMessages: [DamageActor_2] 80.0
[2020.09.25-07.50.07:343][595]LogBlueprintUserMessages: [DamageActor_2] 80.0
[2020.09.25-07.50.07:444][601]LogBlueprintUserMessages: [DamageActor_2] 80.0
[2020.09.25-07.50.08:243][649]LogBlueprintUserMessages: [DamageActor_2] 20.0
[2020.09.25-07.50.08:326][654]LogBlueprintUserMessages: [DamageActor_2] 20.0
[2020.09.25-07.50.08:427][660]LogBlueprintUserMessages: [DamageActor_2] 20.0
[2020.09.25-07.50.08:527][666]LogBlueprintUserMessages: [DamageActor_2] 20.0
[2020.09.25-07.50.08:627][672]LogBlueprintUserMessages: [DamageActor_2] 20.0
[2020.09.25-07.50.08:727][678]LogBlueprintUserMessages: [DamageActor_2] 20.0
[2020.09.25-07.50.08:827][684]LogBlueprintUserMessages: [DamageActor_2] 20.0
[2020.09.25-07.50.08:927][690]LogBlueprintUserMessages: [DamageActor_2] 20.0
[2020.09.25-07.50.14:060][998]LogBlueprintUserMessages: [DamageActor_2] 20.0
[2020.09.25-07.50.14:144][  3]LogBlueprintUserMessages: [DamageActor_2] 20.0
[2020.09.25-07.50.14:244][  9]LogBlueprintUserMessages: [DamageActor_2] 20.0
[2020.09.25-07.50.14:343][ 15]LogBlueprintUserMessages: [DamageActor_2] 20.0
[2020.09.25-07.50.14:443][ 21]LogBlueprintUserMessages: [DamageActor_2] 20.0
[2020.09.25-07.50.14:543][ 27]LogBlueprintUserMessages: [DamageActor_2] 20.0
[2020.09.25-07.50.14:643][ 33]LogBlueprintUserMessages: [DamageActor_2] 20.0
[2020.09.25-07.50.14:744][ 39]LogBlueprintUserMessages: [DamageActor_2] 20.0
[2020.09.25-07.50.14:843][ 45]LogBlueprintUserMessages: [DamageActor_2] 20.0
[2020.09.25-07.50.14:944][ 51]LogBlueprintUserMessages: [DamageActor_2] 20.0
[2020.09.25-07.50.15:044][ 57]LogBlueprintUserMessages: [DamageActor_2] 20.0
[2020.09.25-07.50.15:144][ 63]LogBlueprintUserMessages: [DamageActor_2] 20.0
[2020.09.25-07.50.15:244][ 69]LogBlueprintUserMessages: [DamageActor_2] 20.0
[2020.09.25-07.50.15:344][ 75]LogBlueprintUserMessages: [DamageActor_2] 20.0
[2020.09.25-07.50.15:443][ 81]LogBlueprintUserMessages: [DamageActor_2] 20.0
[2020.09.25-07.50.15:544][ 87]LogBlueprintUserMessages: [DamageActor_2] 20.0
[2020.09.25-07.50.15:643][ 93]LogBlueprintUserMessages: [DamageActor_2] 20.0
[2020.09.25-07.50.15:743][ 99]LogBlueprintUserMessages: [DamageActor_2] 20.0
[2020.09.25-07.50.15:844][105]LogBlueprintUserMessages: [DamageActor_2] 20.0
[2020.09.25-07.50.17:043][177]LogBlueprintUserMessages: [DamageActor_2] 20.0
[2020.09.25-07.50.17:343][195]LogBlueprintUserMessages: [DamageActor_2] 80.0
[2020.09.25-07.50.17:443][201]LogBlueprintUserMessages: [DamageActor_2] 80.0
[2020.09.25-07.50.17:544][207]LogBlueprintUserMessages: [DamageActor_2] 80.0
[2020.09.25-07.50.17:644][213]LogBlueprintUserMessages: [DamageActor_2] 80.0
[2020.09.25-07.50.17:744][219]LogBlueprintUserMessages: [DamageActor_2] 80.0
[2020.09.25-07.50.17:843][225]LogBlueprintUserMessages: [DamageActor_2] 80.0
[2020.09.25-07.50.17:943][231]LogBlueprintUserMessages: [DamageActor_2] 80.0
[2020.09.25-07.50.18:044][237]LogBlueprintUserMessages: [DamageActor_2] 80.0
[2020.09.25-07.50.18:144][243]LogBlueprintUserMessages: [DamageActor_2] 80.0
[2020.09.25-07.50.18:243][249]LogBlueprintUserMessages: [DamageActor_2] 80.0
[2020.09.25-07.50.18:343][255]LogBlueprintUserMessages: [DamageActor_2] 80.0
[2020.09.25-07.50.18:443][261]LogBlueprintUserMessages: [DamageActor_2] 80.0
[2020.09.25-07.50.18:544][267]LogBlueprintUserMessages: [DamageActor_2] 80.0
[2020.09.25-07.50.19:572][327]LogSlate: Updating window title bar state: overlay mode, drag disabled, window buttons hidden, title bar hidden
[2020.09.25-07.50.19:572][327]LogWorld: BeginTearingDown for /Game/Maps/UEDPIE_0_NewMap
[2020.09.25-07.50.19:572][327]LogWorld: UWorld::CleanupWorld for NewMap, bSessionEnded=true, bCleanupResources=true
[2020.09.25-07.50.19:572][327]LogSlate: InvalidateAllWidgets triggered.  All widgets were invalidated
[2020.09.25-07.50.19:577][327]LogPlayLevel: Display: Shutting down PIE online subsystems
[2020.09.25-07.50.19:578][327]LogSlate: InvalidateAllWidgets triggered.  All widgets were invalidated
[2020.09.25-07.50.19:601][327]LogSlate: Updating window title bar state: overlay mode, drag disabled, window buttons hidden, title bar hidden
[2020.09.25-07.50.19:602][327]LogAISub: UAISubsystem::~UAISubsystem AIPerceptionSystem (000001DB988F1D00), frame # 1327
[2020.09.25-07.50.19:603][327]LogAISub: UAISubsystem::~UAISubsystem EnvQueryManager (000001DBA63E9200), frame # 1327
[2020.09.25-07.50.19:603][327]LogUObjectHash: Compacting FUObjectHashTables data took   0.60ms
[2020.09.25-07.50.19:655][330]LogPlayLevel: Display: Destroying online subsystem :Context_4
[2020.09.25-07.50.20:788][398]Cmd: SELECT NONE
[2020.09.25-07.50.21:625][448]LogSlate: Took 0.000091 seconds to synchronously load lazily loaded font '../../../Engine/Content/Slate/Fonts/DroidSansMono.ttf' (77K)
[2020.09.25-07.50.24:328][610]LogTemp: Repeating last play command: 选中的视口
[2020.09.25-07.50.24:338][610]LogPlayLevel: PlayLevel: No blueprints needed recompiling
[2020.09.25-07.50.24:338][610]PIE: New page: PIE会话：NewMap（2020年9月25日 下午11:50:24）
[2020.09.25-07.50.24:338][610]LogPlayLevel: Creating play world package: /Game/Maps/UEDPIE_0_NewMap
[2020.09.25-07.50.24:340][610]LogPlayLevel: PIE: StaticDuplicateObject took: (0.001838s)
[2020.09.25-07.50.24:341][610]LogAIModule: Creating AISystem for world NewMap
[2020.09.25-07.50.24:341][610]LogAISub: UAISubsystem::UAISubsystem EnvQueryManager (000001DBA6086200), frame # 1610
[2020.09.25-07.50.24:341][610]LogAISub: UAISubsystem::UAISubsystem AIPerceptionSystem (000001DB99125E40), frame # 1610
[2020.09.25-07.50.24:342][610]LogPlayLevel: PIE: World Init took: (0.001680s)
[2020.09.25-07.50.24:342][610]LogPlayLevel: PIE: Created PIE world by copying editor world from /Game/Maps/NewMap.NewMap to /Game/Maps/UEDPIE_0_NewMap.NewMap (0.003668s)
[2020.09.25-07.50.24:352][610]LogUObjectHash: Compacting FUObjectHashTables data took   0.46ms
[2020.09.25-07.50.24:353][610]LogAudioMixer: Display: Audio Mixer Platform Settings:
[2020.09.25-07.50.24:353][610]LogAudioMixer: Display: 	Sample Rate:						  48000
[2020.09.25-07.50.24:353][610]LogAudioMixer: Display: 	Callback Buffer Frame Size Requested: 1024
[2020.09.25-07.50.24:353][610]LogAudioMixer: Display: 	Callback Buffer Frame Size To Use:	  1024
[2020.09.25-07.50.24:353][610]LogAudioMixer: Display: 	Number of buffers to queue:			  2
[2020.09.25-07.50.24:353][610]LogAudioMixer: Display: 	Max Channels (voices):				  32
[2020.09.25-07.50.24:353][610]LogAudioMixer: Display: 	Number of Async Source Workers:		  0
[2020.09.25-07.50.24:353][610]LogAudio: Display: AudioDevice MaxSources: 32
[2020.09.25-07.50.24:354][610]LogAudio: Display: Using built-in audio occlusion.
[2020.09.25-07.50.24:354][610]LogAudioMixer: Display: Initializing audio mixer.
[2020.09.25-07.50.24:357][610]LogAudioMixer: Display: 0: FrontLeft
[2020.09.25-07.50.24:357][610]LogAudioMixer: Display: 1: FrontRight
[2020.09.25-07.50.24:373][610]LogAudioMixer: Display: Using Audio Device 耳机 (Realtek(R) Audio)
[2020.09.25-07.50.24:374][610]LogAudioMixer: Display: Initializing Sound Submixes...
[2020.09.25-07.50.24:374][610]LogAudioMixer: Display: Creating Master Submix 'MasterSubmixDefault'
[2020.09.25-07.50.24:374][610]LogAudioMixer: Display: Creating Master Submix 'MasterReverbSubmixDefault'
[2020.09.25-07.50.24:374][610]LogAudioMixer: Display: Creating Master Submix 'MasterEQSubmixDefault'
[2020.09.25-07.50.24:384][610]LogInit: FAudioDevice initialized.
[2020.09.25-07.50.24:390][610]LogLoad: Game class is 'BP_GameMode_C'
[2020.09.25-07.50.24:391][610]LogWorld: Bringing World /Game/Maps/UEDPIE_0_NewMap.NewMap up for play (max tick rate 60) at 2020.09.25-15.50.24
[2020.09.25-07.50.24:391][610]LogWorld: Bringing up level for play took: 0.000692
[2020.09.25-07.50.24:391][610]LogOnline: OSS: Creating online subsystem instance for: :Context_5
[2020.09.25-07.50.24:393][610]LogActor: Warning: BP_Rifle_C /Game/Maps/UEDPIE_0_NewMap.NewMap:PersistentLevel.BP_Rifle_C_0 has natively added scene component(s), but none of them were set as the actor's RootComponent - picking one arbitrarily
[2020.09.25-07.50.24:393][610]PIE: 登陆的服务器
[2020.09.25-07.50.24:394][610]PIE: PIE总开始时间：0.056秒。
[2020.09.25-07.50.34:537][216]Cmd: coop
[2020.09.25-07.50.34:537][216]Command not recognized: coop
[2020.09.25-07.50.38:287][441]Cmd: COOP.DebugWeapons 1
[2020.09.25-07.50.38:287][441]COOP.DebugWeapons = "1"
[2020.09.25-07.50.40:785][591]LogBlueprintUserMessages: [DamageActor_2] 20.0
[2020.09.25-07.50.41:085][609]LogBlueprintUserMessages: [DamageActor_2] 20.0
[2020.09.25-07.50.50:486][173]LogBlueprintUserMessages: [DamageActor_2] 20.0
[2020.09.25-07.50.50:569][178]LogBlueprintUserMessages: [DamageActor_2] 20.0
[2020.09.25-07.50.50:668][184]LogBlueprintUserMessages: [DamageActor_2] 80.0
[2020.09.25-07.50.50:769][190]LogBlueprintUserMessages: [DamageActor_2] 80.0
[2020.09.25-07.50.50:868][196]LogBlueprintUserMessages: [DamageActor_2] 80.0
[2020.09.25-07.50.53:587][359]Cmd: COOP.DebugWeapons 0
[2020.09.25-07.50.53:587][359]COOP.DebugWeapons = "0"
[2020.09.25-07.50.54:753][429]LogBlueprintUserMessages: [DamageActor_2] 20.0
[2020.09.25-07.50.54:852][435]LogBlueprintUserMessages: [DamageActor_2] 20.0
[2020.09.25-07.50.55:152][453]LogBlueprintUserMessages: [DamageActor_2] 20.0
[2020.09.25-07.50.55:252][459]LogBlueprintUserMessages: [DamageActor_2] 20.0
[2020.09.25-07.50.55:352][465]LogBlueprintUserMessages: [DamageActor_2] 20.0
[2020.09.25-07.50.55:452][471]LogBlueprintUserMessages: [DamageActor_2] 20.0
[2020.09.25-07.50.55:553][477]LogBlueprintUserMessages: [DamageActor_2] 20.0
[2020.09.25-07.50.55:652][483]LogBlueprintUserMessages: [DamageActor_2] 20.0
[2020.09.25-07.50.55:753][489]LogBlueprintUserMessages: [DamageActor_2] 20.0
[2020.09.25-07.50.56:192][513]LogSlate: Updating window title bar state: overlay mode, drag disabled, window buttons hidden, title bar hidden
[2020.09.25-07.50.56:192][513]LogWorld: BeginTearingDown for /Game/Maps/UEDPIE_0_NewMap
[2020.09.25-07.50.56:192][513]LogWorld: UWorld::CleanupWorld for NewMap, bSessionEnded=true, bCleanupResources=true
[2020.09.25-07.50.56:193][513]LogSlate: InvalidateAllWidgets triggered.  All widgets were invalidated
[2020.09.25-07.50.56:202][513]LogPlayLevel: Display: Shutting down PIE online subsystems
[2020.09.25-07.50.56:203][513]LogSlate: InvalidateAllWidgets triggered.  All widgets were invalidated
[2020.09.25-07.50.56:213][513]LogSlate: Updating window title bar state: overlay mode, drag disabled, window buttons hidden, title bar hidden
[2020.09.25-07.50.56:227][513]LogAISub: UAISubsystem::~UAISubsystem AIPerceptionSystem (000001DB99125E40), frame # 3513
[2020.09.25-07.50.56:227][513]LogAISub: UAISubsystem::~UAISubsystem EnvQueryManager (000001DBA6086200), frame # 3513
[2020.09.25-07.50.56:232][513]LogUObjectHash: Compacting FUObjectHashTables data took   0.77ms
[2020.09.25-07.50.56:253][514]LogPlayLevel: Display: Destroying online subsystem :Context_5
