Log file open, 10/01/20 13:05:36
LogInit: Display: Running engine for game: GoopGame
LogPlatformFile: Not using cached read wrapper
LogTaskGraph: Started task graph with 5 named threads and 47 total threads with 3 sets of task threads.
LogStats: Stats thread started at 0.519045
LogD3D11RHI: Loaded GFSDK_Aftermath_Lib.x64.dll
LogICUInternationalization: ICU TimeZone Detection - Raw Offset: +8:00, Platform Override: ''
LogPluginManager: Mounting plugin Paper2D
LogPluginManager: Mounting plugin AISupport
LogPluginManager: Mounting plugin LightPropagationVolume
LogPluginManager: Mounting plugin CameraShakePreviewer
LogPluginManager: Mounting plugin ActorLayerUtilities
LogPluginManager: Mounting plugin AnimationSharing
LogPluginManager: Mounting plugin CLionSourceCodeAccess
LogPluginManager: Mounting plugin CodeLiteSourceCodeAccess
LogPluginManager: Mounting plugin GitSourceControl
LogPluginManager: Mounting plugin KDevelopSourceCodeAccess
LogPluginManager: Mounting plugin NullSourceCodeAccess
LogPluginManager: Mounting plugin PerforceSourceControl
LogPluginManager: Mounting plugin PlasticSourceControl
LogPluginManager: Mounting plugin RiderLink
LogPluginManager: Mounting plugin RiderSourceCodeAccess
LogPluginManager: Mounting plugin SubversionSourceControl
LogPluginManager: Mounting plugin UObjectPlugin
LogPluginManager: Mounting plugin VisualStudioCodeSourceCodeAccess
LogPluginManager: Mounting plugin VisualStudioSourceCodeAccess
LogPluginManager: Mounting plugin XCodeSourceCodeAccess
LogPluginManager: Mounting plugin AssetManagerEditor
LogPluginManager: Mounting plugin CryptoKeys
LogPluginManager: Mounting plugin CurveEditorTools
LogPluginManager: Mounting plugin DataValidation
LogPluginManager: Mounting plugin EditorScriptingUtilities
LogPluginManager: Mounting plugin FacialAnimation
LogPluginManager: Mounting plugin GameplayTagsEditor
LogPluginManager: Mounting plugin GeometryMode
LogPluginManager: Mounting plugin MacGraphicsSwitching
LogPluginManager: Mounting plugin MaterialAnalyzer
LogPluginManager: Mounting plugin MobileLauncherProfileWizard
LogPluginManager: Mounting plugin PluginBrowser
LogPluginManager: Mounting plugin SpeedTreeImporter
LogPluginManager: Mounting plugin DatasmithContent
LogPluginManager: Mounting plugin VariantManagerContent
LogPluginManager: Mounting plugin AlembicImporter
LogPluginManager: Mounting plugin AutomationUtils
LogPluginManager: Mounting plugin BackChannel
LogPluginManager: Mounting plugin ChaosCloth
LogPluginManager: Mounting plugin ChaosClothEditor
LogPluginManager: Mounting plugin ChaosEditor
LogPluginManager: Mounting plugin ChaosNiagara
LogPluginManager: Mounting plugin ChaosSolverPlugin
LogPluginManager: Mounting plugin CharacterAI
LogPluginManager: Mounting plugin GeometryCache
LogPluginManager: Mounting plugin GeometryCollectionPlugin
LogPluginManager: Mounting plugin GeometryProcessing
LogPluginManager: Mounting plugin PlanarCut
LogPluginManager: Mounting plugin PlatformCrypto
LogPluginManager: Mounting plugin ProxyLODPlugin
LogPluginManager: Mounting plugin SkeletalReduction
LogPluginManager: Mounting plugin Niagara
LogPluginManager: Mounting plugin MagicLeap
LogPluginManager: Mounting plugin MagicLeapLightEstimation
LogPluginManager: Mounting plugin MagicLeapMedia
LogPluginManager: Mounting plugin MagicLeapPassableWorld
LogPluginManager: Mounting plugin MLSDK
LogPluginManager: Mounting plugin AndroidMedia
LogPluginManager: Mounting plugin AvfMedia
LogPluginManager: Mounting plugin ImgMedia
LogPluginManager: Mounting plugin MediaCompositing
LogPluginManager: Mounting plugin MediaPlayerEditor
LogPluginManager: Mounting plugin WebMMedia
LogPluginManager: Mounting plugin WmfMedia
LogPluginManager: Mounting plugin MeshPainting
LogPluginManager: Mounting plugin TcpMessaging
LogPluginManager: Mounting plugin UdpMessaging
LogPluginManager: Mounting plugin ActorSequence
LogPluginManager: Mounting plugin LevelSequenceEditor
LogPluginManager: Mounting plugin MatineeToLevelSequence
LogPluginManager: Mounting plugin MovieRenderPipeline
LogPluginManager: Mounting plugin TemplateSequence
LogPluginManager: Mounting plugin NetcodeUnitTest
LogPluginManager: Mounting plugin NUTUnrealEngine4
LogPluginManager: Mounting plugin OnlineSubsystemGooglePlay
LogPluginManager: Mounting plugin OnlineSubsystemIOS
LogPluginManager: Mounting plugin OnlineSubsystem
LogPluginManager: Mounting plugin OnlineSubsystemNull
LogPluginManager: Mounting plugin OnlineSubsystemUtils
LogPluginManager: Mounting plugin LauncherChunkInstaller
LogPluginManager: Mounting plugin AndroidDeviceProfileSelector
LogPluginManager: Mounting plugin AndroidMoviePlayer
LogPluginManager: Mounting plugin AndroidPermission
LogPluginManager: Mounting plugin AppleImageUtils
LogPluginManager: Mounting plugin AppleMoviePlayer
LogPluginManager: Mounting plugin ArchVisCharacter
LogPluginManager: Mounting plugin AssetTags
LogPluginManager: Mounting plugin AudioCapture
LogPluginManager: Mounting plugin CableComponent
LogPluginManager: Mounting plugin CustomMeshComponent
LogPluginManager: Mounting plugin EditableMesh
LogPluginManager: Mounting plugin ExampleDeviceProfileSelector
LogPluginManager: Mounting plugin GoogleCloudMessaging
LogPluginManager: Mounting plugin GooglePAD
LogPluginManager: Mounting plugin IOSDeviceProfileSelector
LogPluginManager: Mounting plugin LinuxDeviceProfileSelector
LogPluginManager: Mounting plugin LocationServicesBPLibrary
LogPluginManager: Mounting plugin MobilePatchingUtils
LogPluginManager: Mounting plugin OculusVR
LogPluginManager: Mounting plugin PhysXVehicles
LogPluginManager: Mounting plugin PostSplashScreen
LogPluginManager: Mounting plugin ProceduralMeshComponent
LogPluginManager: Mounting plugin RuntimePhysXCooking
LogPluginManager: Mounting plugin SignificanceManager
LogPluginManager: Mounting plugin SoundFields
LogPluginManager: Mounting plugin SteamVR
LogPluginManager: Mounting plugin Synthesis
LogPluginManager: Mounting plugin WebMMoviePlayer
LogPluginManager: Mounting plugin WindowsMoviePlayer
LogPluginManager: Mounting plugin ScreenshotTools
LogInit: Using libcurl 7.55.1-DEV
LogInit:  - built for x86_64-pc-win32
LogInit:  - supports SSL with OpenSSL/1.1.1
LogInit:  - supports HTTP deflate (compression) using libz 1.2.8
LogInit:  - other features:
LogInit:      CURL_VERSION_SSL
LogInit:      CURL_VERSION_LIBZ
LogInit:      CURL_VERSION_IPV6
LogInit:      CURL_VERSION_ASYNCHDNS
LogInit:      CURL_VERSION_LARGEFILE
LogInit:      CURL_VERSION_IDN
LogInit:  CurlRequestOptions (configurable via config and command line):
LogInit:  - bVerifyPeer = true  - Libcurl will verify peer certificate
LogInit:  - bUseHttpProxy = false  - Libcurl will NOT use HTTP proxy
LogInit:  - bDontReuseConnections = false  - Libcurl will reuse connections
LogInit:  - MaxHostConnections = 16  - Libcurl will limit the number of connections to a host
LogInit:  - LocalHostAddr = Default
LogInit:  - BufferSize = 65536
LogOnline: OSS: Creating online subsystem instance for: NULL
LogInit: WinSock: version 1.1 (2.2), MaxSocks=32767, MaxUdp=65467
LogOnline: OSS: TryLoadSubsystemAndSetDefault: Loaded subsystem for module [NULL]
LogInit: Build: ++UE4+Release-4.25-CL-13594126
LogInit: Engine Version: 4.25.1-13594126+++UE4+Release-4.25
LogInit: Compatible Engine Version: 4.25.0-13144385+++UE4+Release-4.25
LogInit: Net CL: 13144385
LogInit: OS: Windows 10 (Release 2004) (), CPU: Intel(R) Core(TM) i7-10875H CPU @ 2.30GHz, GPU: Intel(R) UHD Graphics
LogInit: Compiled (64-bit): Jun  2 2020 02:10:36
LogInit: Compiled with Visual C++: 19.24.28315.00
LogInit: Build Configuration: Development
LogInit: Branch Name: ++UE4+Release-4.25
LogInit: Command Line:  -skipcompile
LogInit: Base Directory: D:/component application/unreal/UE_4.25/Engine/Binaries/Win64/
LogInit: Allocator: TBB
LogInit: Installed Engine Build: 1
LogDevObjectVersion: Number of dev versions registered: 26
LogDevObjectVersion:   Dev-Blueprints (B0D832E4-1F89-4F0D-ACCF-7EB736FD4AA2): 10
LogDevObjectVersion:   Dev-Build (E1C64328-A22C-4D53-A36C-8E866417BD8C): 0
LogDevObjectVersion:   Dev-Core (375EC13C-06E4-48FB-B500-84F0262A717E): 4
LogDevObjectVersion:   Dev-Editor (E4B068ED-F494-42E9-A231-DA0B2E46BB41): 38
LogDevObjectVersion:   Dev-Framework (CFFC743F-43B0-4480-9391-14DF171D2073): 37
LogDevObjectVersion:   Dev-Mobile (B02B49B5-BB20-44E9-A304-32B752E40360): 2
LogDevObjectVersion:   Dev-Networking (A4E4105C-59A1-49B5-A7C5-40C4547EDFEE): 0
LogDevObjectVersion:   Dev-Online (39C831C9-5AE6-47DC-9A44-9C173E1C8E7C): 0
LogDevObjectVersion:   Dev-Physics (78F01B33-EBEA-4F98-B9B4-84EACCB95AA2): 4
LogDevObjectVersion:   Dev-Platform (6631380F-2D4D-43E0-8009-CF276956A95A): 0
LogDevObjectVersion:   Dev-Rendering (12F88B9F-8875-4AFC-A67C-D90C383ABD29): 43
LogDevObjectVersion:   Dev-Sequencer (7B5AE74C-D270-4C10-A958-57980B212A5A): 12
LogDevObjectVersion:   Dev-VR (D7296918-1DD6-4BDD-9DE2-64A83CC13884): 3
LogDevObjectVersion:   Dev-LoadTimes (C2A15278-BFE7-4AFE-6C17-90FF531DF755): 1
LogDevObjectVersion:   Private-Geometry (6EACA3D4-40EC-4CC1-B786-8BED09428FC5): 3
LogDevObjectVersion:   Dev-AnimPhys (29E575DD-E0A3-4627-9D10-D276232CDCEA): 17
LogDevObjectVersion:   Dev-Anim (AF43A65D-7FD3-4947-9873-3E8ED9C1BB05): 7
LogDevObjectVersion:   Dev-ReflectionCapture (6B266CEC-1EC7-4B8F-A30B-E4D90942FC07): 1
LogDevObjectVersion:   Dev-Automation (0DF73D61-A23F-47EA-B727-89E90C41499A): 1
LogDevObjectVersion:   FortniteMain (601D1886-AC64-4F84-AA16-D3DE0DEAC7D6): 31
LogDevObjectVersion:   Dev-Enterprise (9DFFBCD6-494F-0158-E221-12823C92A888): 10
LogDevObjectVersion:   Dev-Niagara (F2AED0AC-9AFE-416F-8664-AA7FFA26D6FC): 1
LogDevObjectVersion:   Dev-Destruction (174F1F0B-B4C6-45A5-B13F-2EE8D0FB917D): 10
LogDevObjectVersion:   Dev-Physics-Ext (35F94A83-E258-406C-A318-09F59610247C): 37
LogDevObjectVersion:   Dev-PhysicsMaterial-Chaos (B68FC16E-8B1B-42E2-B453-215C058844FE): 1
LogDevObjectVersion:   Dev-CineCamera (B2E18506-4273-CFC2-A54E-F4BB758BBA07): 1
LogInit: Presizing for max 25165824 objects, including 0 objects not considered by GC, pre-allocating 0 bytes for permanent pool.
LogConfig: Applying CVar settings from Section [/Script/Engine.StreamingSettings] File [D:/Code/unreal/CoopGame/GoopGame/Saved/Config/Windows/Engine.ini]
LogConfig: Setting CVar [[s.MinBulkDataSizeForAsyncLoading:131072]]
LogConfig: Setting CVar [[s.AsyncLoadingThreadEnabled:0]]
LogConfig: Setting CVar [[s.EventDrivenLoaderEnabled:1]]
LogConfig: Setting CVar [[s.WarnIfTimeLimitExceeded:0]]
LogConfig: Setting CVar [[s.TimeLimitExceededMultiplier:1.5]]
LogConfig: Setting CVar [[s.TimeLimitExceededMinTime:0.005]]
LogConfig: Setting CVar [[s.UseBackgroundLevelStreaming:1]]
LogConfig: Setting CVar [[s.PriorityAsyncLoadingExtraTime:15.0]]
LogConfig: Setting CVar [[s.LevelStreamingActorsUpdateTimeLimit:5.0]]
LogConfig: Setting CVar [[s.PriorityLevelStreamingActorsUpdateExtraTime:5.0]]
LogConfig: Setting CVar [[s.LevelStreamingComponentsRegistrationGranularity:10]]
LogConfig: Setting CVar [[s.UnregisterComponentsTimeLimit:1.0]]
LogConfig: Setting CVar [[s.LevelStreamingComponentsUnregistrationGranularity:5]]
LogConfig: Setting CVar [[s.FlushStreamingOnExit:1]]
LogInit: Object subsystem initialized
LogConfig: Setting CVar [[con.DebugEarlyDefault:1]]
LogConfig: Setting CVar [[r.setres:1280x720]]
[2020.10.01-05.05.36:475][  0]LogConfig: Setting CVar [[r.VSync:0]]
[2020.10.01-05.05.36:475][  0]LogConfig: Setting CVar [[r.RHICmdBypass:0]]
[2020.10.01-05.05.36:475][  0]LogConfig: Applying CVar settings from Section [/Script/Engine.RendererSettings] File [D:/Code/unreal/CoopGame/GoopGame/Saved/Config/Windows/Engine.ini]
[2020.10.01-05.05.36:475][  0]LogConfig: Setting CVar [[r.GPUCrashDebugging:0]]
[2020.10.01-05.05.36:475][  0]LogConfig: Setting CVar [[r.ReflectionEnvironmentLightmapMixBasedOnRoughness:1]]
[2020.10.01-05.05.36:475][  0]LogConfig: Applying CVar settings from Section [/Script/Engine.RendererOverrideSettings] File [D:/Code/unreal/CoopGame/GoopGame/Saved/Config/Windows/Engine.ini]
[2020.10.01-05.05.36:475][  0]LogConfig: Applying CVar settings from Section [/Script/Engine.StreamingSettings] File [D:/Code/unreal/CoopGame/GoopGame/Saved/Config/Windows/Engine.ini]
[2020.10.01-05.05.36:475][  0]LogConfig: Setting CVar [[s.MinBulkDataSizeForAsyncLoading:131072]]
[2020.10.01-05.05.36:475][  0]LogConfig: Setting CVar [[s.AsyncLoadingThreadEnabled:0]]
[2020.10.01-05.05.36:475][  0]LogConfig: Setting CVar [[s.EventDrivenLoaderEnabled:1]]
[2020.10.01-05.05.36:475][  0]LogConfig: Setting CVar [[s.WarnIfTimeLimitExceeded:0]]
[2020.10.01-05.05.36:475][  0]LogConfig: Setting CVar [[s.TimeLimitExceededMultiplier:1.5]]
[2020.10.01-05.05.36:475][  0]LogConfig: Setting CVar [[s.TimeLimitExceededMinTime:0.005]]
[2020.10.01-05.05.36:475][  0]LogConfig: Setting CVar [[s.UseBackgroundLevelStreaming:1]]
[2020.10.01-05.05.36:475][  0]LogConfig: Setting CVar [[s.PriorityAsyncLoadingExtraTime:15.0]]
[2020.10.01-05.05.36:475][  0]LogConfig: Setting CVar [[s.LevelStreamingActorsUpdateTimeLimit:5.0]]
[2020.10.01-05.05.36:475][  0]LogConfig: Setting CVar [[s.PriorityLevelStreamingActorsUpdateExtraTime:5.0]]
[2020.10.01-05.05.36:475][  0]LogConfig: Setting CVar [[s.LevelStreamingComponentsRegistrationGranularity:10]]
[2020.10.01-05.05.36:475][  0]LogConfig: Setting CVar [[s.UnregisterComponentsTimeLimit:1.0]]
[2020.10.01-05.05.36:475][  0]LogConfig: Setting CVar [[s.LevelStreamingComponentsUnregistrationGranularity:5]]
[2020.10.01-05.05.36:475][  0]LogConfig: Setting CVar [[s.FlushStreamingOnExit:1]]
[2020.10.01-05.05.36:475][  0]LogConfig: Applying CVar settings from Section [/Script/Engine.GarbageCollectionSettings] File [D:/Code/unreal/CoopGame/GoopGame/Saved/Config/Windows/Engine.ini]
[2020.10.01-05.05.36:475][  0]LogConfig: Setting CVar [[gc.MaxObjectsNotConsideredByGC:1]]
[2020.10.01-05.05.36:475][  0]LogConfig: Setting CVar [[gc.SizeOfPermanentObjectPool:0]]
[2020.10.01-05.05.36:475][  0]LogConfig: Setting CVar [[gc.FlushStreamingOnGC:0]]
[2020.10.01-05.05.36:475][  0]LogConfig: Setting CVar [[gc.NumRetriesBeforeForcingGC:10]]
[2020.10.01-05.05.36:475][  0]LogConfig: Setting CVar [[gc.AllowParallelGC:1]]
[2020.10.01-05.05.36:475][  0]LogConfig: Setting CVar [[gc.TimeBetweenPurgingPendingKillObjects:61.1]]
[2020.10.01-05.05.36:475][  0]LogConfig: Setting CVar [[gc.MaxObjectsInEditor:25165824]]
[2020.10.01-05.05.36:475][  0]LogConfig: Setting CVar [[gc.IncrementalBeginDestroyEnabled:1]]
[2020.10.01-05.05.36:475][  0]LogConfig: Setting CVar [[gc.CreateGCClusters:1]]
[2020.10.01-05.05.36:475][  0]LogConfig: Setting CVar [[gc.MinGCClusterSize:5]]
[2020.10.01-05.05.36:475][  0]LogConfig: Setting CVar [[gc.ActorClusteringEnabled:0]]
[2020.10.01-05.05.36:475][  0]LogConfig: Setting CVar [[gc.BlueprintClusteringEnabled:0]]
[2020.10.01-05.05.36:475][  0]LogConfig: Setting CVar [[gc.UseDisregardForGCOnDedicatedServers:0]]
[2020.10.01-05.05.36:475][  0]LogConfig: Applying CVar settings from Section [/Script/Engine.NetworkSettings] File [D:/Code/unreal/CoopGame/GoopGame/Saved/Config/Windows/Engine.ini]
[2020.10.01-05.05.36:475][  0]LogConfig: Applying CVar settings from Section [/Script/UnrealEd.CookerSettings] File [D:/Code/unreal/CoopGame/GoopGame/Saved/Config/Windows/Engine.ini]
[2020.10.01-05.05.36:478][  0]LogConfig: Applying CVar settings from Section [ViewDistanceQuality@3] File [D:/Code/unreal/CoopGame/GoopGame/Saved/Config/Windows/Scalability.ini]
[2020.10.01-05.05.36:478][  0]LogConfig: Setting CVar [[r.SkeletalMeshLODBias:0]]
[2020.10.01-05.05.36:478][  0]LogConfig: Setting CVar [[r.ViewDistanceScale:1.0]]
[2020.10.01-05.05.36:478][  0]LogConfig: Applying CVar settings from Section [AntiAliasingQuality@3] File [D:/Code/unreal/CoopGame/GoopGame/Saved/Config/Windows/Scalability.ini]
[2020.10.01-05.05.36:478][  0]LogConfig: Setting CVar [[r.PostProcessAAQuality:4]]
[2020.10.01-05.05.36:478][  0]LogConfig: Applying CVar settings from Section [ShadowQuality@3] File [D:/Code/unreal/CoopGame/GoopGame/Saved/Config/Windows/Scalability.ini]
[2020.10.01-05.05.36:478][  0]LogConfig: Setting CVar [[r.LightFunctionQuality:1]]
[2020.10.01-05.05.36:478][  0]LogConfig: Setting CVar [[r.ShadowQuality:5]]
[2020.10.01-05.05.36:478][  0]LogConfig: Setting CVar [[r.Shadow.CSM.MaxCascades:10]]
[2020.10.01-05.05.36:478][  0]LogConfig: Setting CVar [[r.Shadow.MaxResolution:2048]]
[2020.10.01-05.05.36:478][  0]LogConfig: Setting CVar [[r.Shadow.MaxCSMResolution:2048]]
[2020.10.01-05.05.36:478][  0]LogConfig: Setting CVar [[r.Shadow.RadiusThreshold:0.01]]
[2020.10.01-05.05.36:478][  0]LogConfig: Setting CVar [[r.Shadow.DistanceScale:1.0]]
[2020.10.01-05.05.36:478][  0]LogConfig: Setting CVar [[r.Shadow.CSM.TransitionScale:1.0]]
[2020.10.01-05.05.36:478][  0]LogConfig: Setting CVar [[r.Shadow.PreShadowResolutionFactor:1.0]]
[2020.10.01-05.05.36:478][  0]LogConfig: Setting CVar [[r.DistanceFieldShadowing:1]]
[2020.10.01-05.05.36:478][  0]LogConfig: Setting CVar [[r.DistanceFieldAO:1]]
[2020.10.01-05.05.36:478][  0]LogConfig: Setting CVar [[r.AOQuality:2]]
[2020.10.01-05.05.36:478][  0]LogConfig: Setting CVar [[r.VolumetricFog:1]]
[2020.10.01-05.05.36:478][  0]LogConfig: Setting CVar [[r.VolumetricFog.GridPixelSize:8]]
[2020.10.01-05.05.36:478][  0]LogConfig: Setting CVar [[r.VolumetricFog.GridSizeZ:128]]
[2020.10.01-05.05.36:478][  0]LogConfig: Setting CVar [[r.VolumetricFog.HistoryMissSupersampleCount:4]]
[2020.10.01-05.05.36:478][  0]LogConfig: Setting CVar [[r.LightMaxDrawDistanceScale:1]]
[2020.10.01-05.05.36:478][  0]LogConfig: Setting CVar [[r.CapsuleShadows:1]]
[2020.10.01-05.05.36:478][  0]LogConfig: Applying CVar settings from Section [PostProcessQuality@3] File [D:/Code/unreal/CoopGame/GoopGame/Saved/Config/Windows/Scalability.ini]
[2020.10.01-05.05.36:478][  0]LogConfig: Setting CVar [[r.MotionBlurQuality:4]]
[2020.10.01-05.05.36:478][  0]LogConfig: Setting CVar [[r.AmbientOcclusionMipLevelFactor:0.4]]
[2020.10.01-05.05.36:478][  0]LogConfig: Setting CVar [[r.AmbientOcclusionMaxQuality:100]]
[2020.10.01-05.05.36:478][  0]LogConfig: Setting CVar [[r.AmbientOcclusionLevels:-1]]
[2020.10.01-05.05.36:478][  0]LogConfig: Setting CVar [[r.AmbientOcclusionRadiusScale:1.0]]
[2020.10.01-05.05.36:478][  0]LogConfig: Setting CVar [[r.DepthOfFieldQuality:2]]
[2020.10.01-05.05.36:478][  0]LogConfig: Setting CVar [[r.RenderTargetPoolMin:400]]
[2020.10.01-05.05.36:478][  0]LogConfig: Setting CVar [[r.LensFlareQuality:2]]
[2020.10.01-05.05.36:478][  0]LogConfig: Setting CVar [[r.SceneColorFringeQuality:1]]
[2020.10.01-05.05.36:478][  0]LogConfig: Setting CVar [[r.EyeAdaptationQuality:2]]
[2020.10.01-05.05.36:478][  0]LogConfig: Setting CVar [[r.BloomQuality:5]]
[2020.10.01-05.05.36:478][  0]LogConfig: Setting CVar [[r.FastBlurThreshold:100]]
[2020.10.01-05.05.36:478][  0]LogConfig: Setting CVar [[r.Upscale.Quality:3]]
[2020.10.01-05.05.36:478][  0]LogConfig: Setting CVar [[r.Tonemapper.GrainQuantization:1]]
[2020.10.01-05.05.36:478][  0]LogConfig: Setting CVar [[r.LightShaftQuality:1]]
[2020.10.01-05.05.36:478][  0]LogConfig: Setting CVar [[r.Filter.SizeScale:1]]
[2020.10.01-05.05.36:478][  0]LogConfig: Setting CVar [[r.Tonemapper.Quality:5]]
[2020.10.01-05.05.36:478][  0]LogConfig: Setting CVar [[r.DOF.Gather.AccumulatorQuality:1        ; higher gathering accumulator quality]]
[2020.10.01-05.05.36:478][  0]LogConfig: Setting CVar [[r.DOF.Gather.PostfilterMethod:1          ; Median3x3 postfilering method]]
[2020.10.01-05.05.36:478][  0]LogConfig: Setting CVar [[r.DOF.Gather.EnableBokehSettings:0       ; no bokeh simulation when gathering]]
[2020.10.01-05.05.36:478][  0]LogConfig: Setting CVar [[r.DOF.Gather.RingCount:4                 ; medium number of samples when gathering]]
[2020.10.01-05.05.36:478][  0]LogConfig: Setting CVar [[r.DOF.Scatter.ForegroundCompositing:1    ; additive foreground scattering]]
[2020.10.01-05.05.36:478][  0]LogConfig: Setting CVar [[r.DOF.Scatter.BackgroundCompositing:2    ; additive background scattering]]
[2020.10.01-05.05.36:478][  0]LogConfig: Setting CVar [[r.DOF.Scatter.EnableBokehSettings:1      ; bokeh simulation when scattering]]
[2020.10.01-05.05.36:478][  0]LogConfig: Setting CVar [[r.DOF.Scatter.MaxSpriteRatio:0.1         ; only a maximum of 10% of scattered bokeh]]
[2020.10.01-05.05.36:478][  0]LogConfig: Setting CVar [[r.DOF.Recombine.Quality:1                ; cheap slight out of focus]]
[2020.10.01-05.05.36:478][  0]LogConfig: Setting CVar [[r.DOF.Recombine.EnableBokehSettings:0    ; no bokeh simulation on slight out of focus]]
[2020.10.01-05.05.36:478][  0]LogConfig: Setting CVar [[r.DOF.TemporalAAQuality:1                ; more stable temporal accumulation]]
[2020.10.01-05.05.36:479][  0]LogConfig: Setting CVar [[r.DOF.Kernel.MaxForegroundRadius:0.025]]
[2020.10.01-05.05.36:479][  0]LogConfig: Setting CVar [[r.DOF.Kernel.MaxBackgroundRadius:0.025]]
[2020.10.01-05.05.36:479][  0]LogConfig: Applying CVar settings from Section [TextureQuality@3] File [D:/Code/unreal/CoopGame/GoopGame/Saved/Config/Windows/Scalability.ini]
[2020.10.01-05.05.36:479][  0]LogConfig: Setting CVar [[r.Streaming.MipBias:0]]
[2020.10.01-05.05.36:479][  0]LogConfig: Setting CVar [[r.Streaming.AmortizeCPUToGPUCopy:0]]
[2020.10.01-05.05.36:479][  0]LogConfig: Setting CVar [[r.Streaming.MaxNumTexturesToStreamPerFrame:0]]
[2020.10.01-05.05.36:479][  0]LogConfig: Setting CVar [[r.Streaming.Boost:1]]
[2020.10.01-05.05.36:479][  0]LogConfig: Setting CVar [[r.MaxAnisotropy:8]]
[2020.10.01-05.05.36:479][  0]LogConfig: Setting CVar [[r.VT.MaxAnisotropy:8]]
[2020.10.01-05.05.36:479][  0]LogConfig: Setting CVar [[r.Streaming.LimitPoolSizeToVRAM:0]]
[2020.10.01-05.05.36:479][  0]LogConfig: Setting CVar [[r.Streaming.PoolSize:1000]]
[2020.10.01-05.05.36:479][  0]LogConfig: Setting CVar [[r.Streaming.MaxEffectiveScreenSize:0]]
[2020.10.01-05.05.36:479][  0]LogConfig: Applying CVar settings from Section [EffectsQuality@3] File [D:/Code/unreal/CoopGame/GoopGame/Saved/Config/Windows/Scalability.ini]
[2020.10.01-05.05.36:479][  0]LogConfig: Setting CVar [[r.TranslucencyLightingVolumeDim:64]]
[2020.10.01-05.05.36:479][  0]LogConfig: Setting CVar [[r.RefractionQuality:2]]
[2020.10.01-05.05.36:479][  0]LogConfig: Setting CVar [[r.SSR.Quality:3]]
[2020.10.01-05.05.36:479][  0]LogConfig: Setting CVar [[r.SSR.HalfResSceneColor:0]]
[2020.10.01-05.05.36:479][  0]LogConfig: Setting CVar [[r.SceneColorFormat:4]]
[2020.10.01-05.05.36:479][  0]LogConfig: Setting CVar [[r.DetailMode:2]]
[2020.10.01-05.05.36:479][  0]LogConfig: Setting CVar [[r.TranslucencyVolumeBlur:1]]
[2020.10.01-05.05.36:479][  0]LogConfig: Setting CVar [[r.MaterialQualityLevel:1 ; High quality]]
[2020.10.01-05.05.36:479][  0]LogConfig: Setting CVar [[r.SSS.Scale:1]]
[2020.10.01-05.05.36:479][  0]LogConfig: Setting CVar [[r.SSS.SampleSet:2]]
[2020.10.01-05.05.36:479][  0]LogConfig: Setting CVar [[r.SSS.Quality:1]]
[2020.10.01-05.05.36:479][  0]LogConfig: Setting CVar [[r.SSS.HalfRes:0]]
[2020.10.01-05.05.36:479][  0]LogConfig: Setting CVar [[r.SSGI.Quality:3]]
[2020.10.01-05.05.36:479][  0]LogConfig: Setting CVar [[r.EmitterSpawnRateScale:1.0]]
[2020.10.01-05.05.36:479][  0]LogConfig: Setting CVar [[r.ParticleLightQuality:2]]
[2020.10.01-05.05.36:479][  0]LogConfig: Setting CVar [[r.SkyAtmosphere.AerialPerspectiveLUT.FastApplyOnOpaque:1 ; Always have FastSkyLUT 1 in this case to avoid wrong sky]]
[2020.10.01-05.05.36:479][  0]LogConfig: Setting CVar [[r.SkyAtmosphere.AerialPerspectiveLUT.SampleCountPerSlice:1]]
[2020.10.01-05.05.36:479][  0]LogConfig: Setting CVar [[r.SkyAtmosphere.AerialPerspectiveLUT.DepthResolution:16.0]]
[2020.10.01-05.05.36:479][  0]LogConfig: Setting CVar [[r.SkyAtmosphere.FastSkyLUT:1]]
[2020.10.01-05.05.36:479][  0]LogConfig: Setting CVar [[r.SkyAtmosphere.FastSkyLUT.SampleCountMin:4.0]]
[2020.10.01-05.05.36:479][  0]LogConfig: Setting CVar [[r.SkyAtmosphere.FastSkyLUT.SampleCountMax:32.0]]
[2020.10.01-05.05.36:479][  0]LogConfig: Setting CVar [[r.SkyAtmosphere.SampleCountMin:4.0]]
[2020.10.01-05.05.36:479][  0]LogConfig: Setting CVar [[r.SkyAtmosphere.SampleCountMax:32.0]]
[2020.10.01-05.05.36:479][  0]LogConfig: Setting CVar [[r.SkyAtmosphere.TransmittanceLUT.UseSmallFormat:0]]
[2020.10.01-05.05.36:479][  0]LogConfig: Setting CVar [[r.SkyAtmosphere.TransmittanceLUT.SampleCount:10.0]]
[2020.10.01-05.05.36:479][  0]LogConfig: Setting CVar [[r.SkyAtmosphere.MultiScatteringLUT.SampleCount:15.0]]
[2020.10.01-05.05.36:479][  0]LogConfig: Applying CVar settings from Section [FoliageQuality@3] File [D:/Code/unreal/CoopGame/GoopGame/Saved/Config/Windows/Scalability.ini]
[2020.10.01-05.05.36:479][  0]LogConfig: Setting CVar [[foliage.DensityScale:1.0]]
[2020.10.01-05.05.36:479][  0]LogConfig: Setting CVar [[grass.DensityScale:1.0]]
[2020.10.01-05.05.36:479][  0]LogConfig: Applying CVar settings from Section [ShadingQuality@3] File [D:/Code/unreal/CoopGame/GoopGame/Saved/Config/Windows/Scalability.ini]
[2020.10.01-05.05.36:479][  0]LogConfig: Setting CVar [[r.HairStrands.SkyLighting.SampleCount:16]]
[2020.10.01-05.05.36:479][  0]LogConfig: Setting CVar [[r.HairStrands.SkyLighting.JitterIntegration:0]]
[2020.10.01-05.05.36:479][  0]LogConfig: Setting CVar [[r.HairStrands.SkyAO.SampleCount:16]]
[2020.10.01-05.05.36:479][  0]LogConfig: Setting CVar [[r.HairStrands.DeepShadow.SuperSampling:0]]
[2020.10.01-05.05.36:479][  0]LogConfig: Setting CVar [[r.HairStrands.VisibilityPPLL:0]]
[2020.10.01-05.05.36:479][  0]LogConfig: Setting CVar [[r.HairStrands.RasterizationScale:0.5]]
[2020.10.01-05.05.36:479][  0]LogConfig: Setting CVar [[r.HairStrands.VelocityRasterizationScale:1]]
[2020.10.01-05.05.36:479][  0]LogInit: Selected Device Profile: [Windows]
[2020.10.01-05.05.36:479][  0]LogInit: Applying CVar settings loaded from the selected device profile: [Windows]
[2020.10.01-05.05.36:479][  0]LogHAL: Display: Platform has ~ 32 GB [34186383360 / 34359738368 / 32], which maps to Largest [LargestMinGB=32, LargerMinGB=12, DefaultMinGB=8, SmallerMinGB=6, SmallestMinGB=0)
[2020.10.01-05.05.36:479][  0]LogInit: Going up to parent DeviceProfile []
[2020.10.01-05.05.36:479][  0]LogConfig: Applying CVar settings from Section [ViewDistanceQuality@3] File [D:/Code/unreal/CoopGame/GoopGame/Saved/Config/Windows/Scalability.ini]
[2020.10.01-05.05.36:479][  0]LogConfig: Setting CVar [[r.SkeletalMeshLODBias:0]]
[2020.10.01-05.05.36:479][  0]LogConfig: Setting CVar [[r.ViewDistanceScale:1.0]]
[2020.10.01-05.05.36:479][  0]LogConfig: Applying CVar settings from Section [AntiAliasingQuality@3] File [D:/Code/unreal/CoopGame/GoopGame/Saved/Config/Windows/Scalability.ini]
[2020.10.01-05.05.36:479][  0]LogConfig: Setting CVar [[r.PostProcessAAQuality:4]]
[2020.10.01-05.05.36:479][  0]LogConfig: Applying CVar settings from Section [ShadowQuality@3] File [D:/Code/unreal/CoopGame/GoopGame/Saved/Config/Windows/Scalability.ini]
[2020.10.01-05.05.36:479][  0]LogConfig: Setting CVar [[r.LightFunctionQuality:1]]
[2020.10.01-05.05.36:479][  0]LogConfig: Setting CVar [[r.ShadowQuality:5]]
[2020.10.01-05.05.36:479][  0]LogConfig: Setting CVar [[r.Shadow.CSM.MaxCascades:10]]
[2020.10.01-05.05.36:479][  0]LogConfig: Setting CVar [[r.Shadow.MaxResolution:2048]]
[2020.10.01-05.05.36:479][  0]LogConfig: Setting CVar [[r.Shadow.MaxCSMResolution:2048]]
[2020.10.01-05.05.36:479][  0]LogConfig: Setting CVar [[r.Shadow.RadiusThreshold:0.01]]
[2020.10.01-05.05.36:479][  0]LogConfig: Setting CVar [[r.Shadow.DistanceScale:1.0]]
[2020.10.01-05.05.36:479][  0]LogConfig: Setting CVar [[r.Shadow.CSM.TransitionScale:1.0]]
[2020.10.01-05.05.36:479][  0]LogConfig: Setting CVar [[r.Shadow.PreShadowResolutionFactor:1.0]]
[2020.10.01-05.05.36:479][  0]LogConfig: Setting CVar [[r.DistanceFieldShadowing:1]]
[2020.10.01-05.05.36:479][  0]LogConfig: Setting CVar [[r.DistanceFieldAO:1]]
[2020.10.01-05.05.36:479][  0]LogConfig: Setting CVar [[r.AOQuality:2]]
[2020.10.01-05.05.36:479][  0]LogConfig: Setting CVar [[r.VolumetricFog:1]]
[2020.10.01-05.05.36:479][  0]LogConfig: Setting CVar [[r.VolumetricFog.GridPixelSize:8]]
[2020.10.01-05.05.36:479][  0]LogConfig: Setting CVar [[r.VolumetricFog.GridSizeZ:128]]
[2020.10.01-05.05.36:479][  0]LogConfig: Setting CVar [[r.VolumetricFog.HistoryMissSupersampleCount:4]]
[2020.10.01-05.05.36:479][  0]LogConfig: Setting CVar [[r.LightMaxDrawDistanceScale:1]]
[2020.10.01-05.05.36:479][  0]LogConfig: Setting CVar [[r.CapsuleShadows:1]]
[2020.10.01-05.05.36:479][  0]LogConfig: Applying CVar settings from Section [PostProcessQuality@3] File [D:/Code/unreal/CoopGame/GoopGame/Saved/Config/Windows/Scalability.ini]
[2020.10.01-05.05.36:479][  0]LogConfig: Setting CVar [[r.MotionBlurQuality:4]]
[2020.10.01-05.05.36:479][  0]LogConfig: Setting CVar [[r.AmbientOcclusionMipLevelFactor:0.4]]
[2020.10.01-05.05.36:479][  0]LogConfig: Setting CVar [[r.AmbientOcclusionMaxQuality:100]]
[2020.10.01-05.05.36:479][  0]LogConfig: Setting CVar [[r.AmbientOcclusionLevels:-1]]
[2020.10.01-05.05.36:479][  0]LogConfig: Setting CVar [[r.AmbientOcclusionRadiusScale:1.0]]
[2020.10.01-05.05.36:479][  0]LogConfig: Setting CVar [[r.DepthOfFieldQuality:2]]
[2020.10.01-05.05.36:479][  0]LogConfig: Setting CVar [[r.RenderTargetPoolMin:400]]
[2020.10.01-05.05.36:479][  0]LogConfig: Setting CVar [[r.LensFlareQuality:2]]
[2020.10.01-05.05.36:479][  0]LogConfig: Setting CVar [[r.SceneColorFringeQuality:1]]
[2020.10.01-05.05.36:479][  0]LogConfig: Setting CVar [[r.EyeAdaptationQuality:2]]
[2020.10.01-05.05.36:479][  0]LogConfig: Setting CVar [[r.BloomQuality:5]]
[2020.10.01-05.05.36:479][  0]LogConfig: Setting CVar [[r.FastBlurThreshold:100]]
[2020.10.01-05.05.36:479][  0]LogConfig: Setting CVar [[r.Upscale.Quality:3]]
[2020.10.01-05.05.36:479][  0]LogConfig: Setting CVar [[r.Tonemapper.GrainQuantization:1]]
[2020.10.01-05.05.36:479][  0]LogConfig: Setting CVar [[r.LightShaftQuality:1]]
[2020.10.01-05.05.36:479][  0]LogConfig: Setting CVar [[r.Filter.SizeScale:1]]
[2020.10.01-05.05.36:479][  0]LogConfig: Setting CVar [[r.Tonemapper.Quality:5]]
[2020.10.01-05.05.36:479][  0]LogConfig: Setting CVar [[r.DOF.Gather.AccumulatorQuality:1        ; higher gathering accumulator quality]]
[2020.10.01-05.05.36:479][  0]LogConfig: Setting CVar [[r.DOF.Gather.PostfilterMethod:1          ; Median3x3 postfilering method]]
[2020.10.01-05.05.36:479][  0]LogConfig: Setting CVar [[r.DOF.Gather.EnableBokehSettings:0       ; no bokeh simulation when gathering]]
[2020.10.01-05.05.36:479][  0]LogConfig: Setting CVar [[r.DOF.Gather.RingCount:4                 ; medium number of samples when gathering]]
[2020.10.01-05.05.36:480][  0]LogConfig: Setting CVar [[r.DOF.Scatter.ForegroundCompositing:1    ; additive foreground scattering]]
[2020.10.01-05.05.36:480][  0]LogConfig: Setting CVar [[r.DOF.Scatter.BackgroundCompositing:2    ; additive background scattering]]
[2020.10.01-05.05.36:480][  0]LogConfig: Setting CVar [[r.DOF.Scatter.EnableBokehSettings:1      ; bokeh simulation when scattering]]
[2020.10.01-05.05.36:480][  0]LogConfig: Setting CVar [[r.DOF.Scatter.MaxSpriteRatio:0.1         ; only a maximum of 10% of scattered bokeh]]
[2020.10.01-05.05.36:480][  0]LogConfig: Setting CVar [[r.DOF.Recombine.Quality:1                ; cheap slight out of focus]]
[2020.10.01-05.05.36:480][  0]LogConfig: Setting CVar [[r.DOF.Recombine.EnableBokehSettings:0    ; no bokeh simulation on slight out of focus]]
[2020.10.01-05.05.36:480][  0]LogConfig: Setting CVar [[r.DOF.TemporalAAQuality:1                ; more stable temporal accumulation]]
[2020.10.01-05.05.36:480][  0]LogConfig: Setting CVar [[r.DOF.Kernel.MaxForegroundRadius:0.025]]
[2020.10.01-05.05.36:480][  0]LogConfig: Setting CVar [[r.DOF.Kernel.MaxBackgroundRadius:0.025]]
[2020.10.01-05.05.36:480][  0]LogConfig: Applying CVar settings from Section [TextureQuality@3] File [D:/Code/unreal/CoopGame/GoopGame/Saved/Config/Windows/Scalability.ini]
[2020.10.01-05.05.36:480][  0]LogConfig: Setting CVar [[r.Streaming.MipBias:0]]
[2020.10.01-05.05.36:480][  0]LogConfig: Setting CVar [[r.Streaming.AmortizeCPUToGPUCopy:0]]
[2020.10.01-05.05.36:480][  0]LogConfig: Setting CVar [[r.Streaming.MaxNumTexturesToStreamPerFrame:0]]
[2020.10.01-05.05.36:480][  0]LogConfig: Setting CVar [[r.Streaming.Boost:1]]
[2020.10.01-05.05.36:480][  0]LogConfig: Setting CVar [[r.MaxAnisotropy:8]]
[2020.10.01-05.05.36:480][  0]LogConfig: Setting CVar [[r.VT.MaxAnisotropy:8]]
[2020.10.01-05.05.36:480][  0]LogConfig: Setting CVar [[r.Streaming.LimitPoolSizeToVRAM:0]]
[2020.10.01-05.05.36:480][  0]LogConfig: Setting CVar [[r.Streaming.PoolSize:1000]]
[2020.10.01-05.05.36:480][  0]LogConfig: Setting CVar [[r.Streaming.MaxEffectiveScreenSize:0]]
[2020.10.01-05.05.36:480][  0]LogConfig: Applying CVar settings from Section [EffectsQuality@3] File [D:/Code/unreal/CoopGame/GoopGame/Saved/Config/Windows/Scalability.ini]
[2020.10.01-05.05.36:480][  0]LogConfig: Setting CVar [[r.TranslucencyLightingVolumeDim:64]]
[2020.10.01-05.05.36:480][  0]LogConfig: Setting CVar [[r.RefractionQuality:2]]
[2020.10.01-05.05.36:480][  0]LogConfig: Setting CVar [[r.SSR.Quality:3]]
[2020.10.01-05.05.36:480][  0]LogConfig: Setting CVar [[r.SSR.HalfResSceneColor:0]]
[2020.10.01-05.05.36:480][  0]LogConfig: Setting CVar [[r.SceneColorFormat:4]]
[2020.10.01-05.05.36:480][  0]LogConfig: Setting CVar [[r.DetailMode:2]]
[2020.10.01-05.05.36:480][  0]LogConfig: Setting CVar [[r.TranslucencyVolumeBlur:1]]
[2020.10.01-05.05.36:480][  0]LogConfig: Setting CVar [[r.MaterialQualityLevel:1 ; High quality]]
[2020.10.01-05.05.36:480][  0]LogConfig: Setting CVar [[r.SSS.Scale:1]]
[2020.10.01-05.05.36:480][  0]LogConfig: Setting CVar [[r.SSS.SampleSet:2]]
[2020.10.01-05.05.36:480][  0]LogConfig: Setting CVar [[r.SSS.Quality:1]]
[2020.10.01-05.05.36:480][  0]LogConfig: Setting CVar [[r.SSS.HalfRes:0]]
[2020.10.01-05.05.36:480][  0]LogConfig: Setting CVar [[r.SSGI.Quality:3]]
[2020.10.01-05.05.36:480][  0]LogConfig: Setting CVar [[r.EmitterSpawnRateScale:1.0]]
[2020.10.01-05.05.36:480][  0]LogConfig: Setting CVar [[r.ParticleLightQuality:2]]
[2020.10.01-05.05.36:480][  0]LogConfig: Setting CVar [[r.SkyAtmosphere.AerialPerspectiveLUT.FastApplyOnOpaque:1 ; Always have FastSkyLUT 1 in this case to avoid wrong sky]]
[2020.10.01-05.05.36:480][  0]LogConfig: Setting CVar [[r.SkyAtmosphere.AerialPerspectiveLUT.SampleCountPerSlice:1]]
[2020.10.01-05.05.36:480][  0]LogConfig: Setting CVar [[r.SkyAtmosphere.AerialPerspectiveLUT.DepthResolution:16.0]]
[2020.10.01-05.05.36:480][  0]LogConfig: Setting CVar [[r.SkyAtmosphere.FastSkyLUT:1]]
[2020.10.01-05.05.36:480][  0]LogConfig: Setting CVar [[r.SkyAtmosphere.FastSkyLUT.SampleCountMin:4.0]]
[2020.10.01-05.05.36:480][  0]LogConfig: Setting CVar [[r.SkyAtmosphere.FastSkyLUT.SampleCountMax:32.0]]
[2020.10.01-05.05.36:480][  0]LogConfig: Setting CVar [[r.SkyAtmosphere.SampleCountMin:4.0]]
[2020.10.01-05.05.36:480][  0]LogConfig: Setting CVar [[r.SkyAtmosphere.SampleCountMax:32.0]]
[2020.10.01-05.05.36:480][  0]LogConfig: Setting CVar [[r.SkyAtmosphere.TransmittanceLUT.UseSmallFormat:0]]
[2020.10.01-05.05.36:480][  0]LogConfig: Setting CVar [[r.SkyAtmosphere.TransmittanceLUT.SampleCount:10.0]]
[2020.10.01-05.05.36:480][  0]LogConfig: Setting CVar [[r.SkyAtmosphere.MultiScatteringLUT.SampleCount:15.0]]
[2020.10.01-05.05.36:480][  0]LogConfig: Applying CVar settings from Section [FoliageQuality@3] File [D:/Code/unreal/CoopGame/GoopGame/Saved/Config/Windows/Scalability.ini]
[2020.10.01-05.05.36:480][  0]LogConfig: Setting CVar [[foliage.DensityScale:1.0]]
[2020.10.01-05.05.36:480][  0]LogConfig: Setting CVar [[grass.DensityScale:1.0]]
[2020.10.01-05.05.36:480][  0]LogConfig: Applying CVar settings from Section [ShadingQuality@3] File [D:/Code/unreal/CoopGame/GoopGame/Saved/Config/Windows/Scalability.ini]
[2020.10.01-05.05.36:480][  0]LogConfig: Setting CVar [[r.HairStrands.SkyLighting.SampleCount:16]]
[2020.10.01-05.05.36:480][  0]LogConfig: Setting CVar [[r.HairStrands.SkyLighting.JitterIntegration:0]]
[2020.10.01-05.05.36:480][  0]LogConfig: Setting CVar [[r.HairStrands.SkyAO.SampleCount:16]]
[2020.10.01-05.05.36:480][  0]LogConfig: Setting CVar [[r.HairStrands.DeepShadow.SuperSampling:0]]
[2020.10.01-05.05.36:480][  0]LogConfig: Setting CVar [[r.HairStrands.VisibilityPPLL:0]]
[2020.10.01-05.05.36:480][  0]LogConfig: Setting CVar [[r.HairStrands.RasterizationScale:0.5]]
[2020.10.01-05.05.36:480][  0]LogConfig: Setting CVar [[r.HairStrands.VelocityRasterizationScale:1]]
[2020.10.01-05.05.36:480][  0]LogConfig: Applying CVar settings from Section [Startup] File [../../../Engine/Config/ConsoleVariables.ini]
[2020.10.01-05.05.36:480][  0]LogConfig: Setting CVar [[net.UseAdaptiveNetUpdateFrequency:0]]
[2020.10.01-05.05.36:480][  0]LogConfig: Setting CVar [[p.chaos.AllowCreatePhysxBodies:1]]
[2020.10.01-05.05.36:480][  0]LogConfig: Setting CVar [[fx.SkipVectorVMBackendOptimizations:1]]
[2020.10.01-05.05.36:480][  0]LogConfig: Applying CVar settings from Section [ConsoleVariables] File [D:/Code/unreal/CoopGame/GoopGame/Saved/Config/Windows/Engine.ini]
[2020.10.01-05.05.36:480][  0]LogInit: Computer: DESKTOP-G0SN44A
[2020.10.01-05.05.36:480][  0]LogInit: User: piang
[2020.10.01-05.05.36:480][  0]LogInit: CPU Page size=4096, Cores=8
[2020.10.01-05.05.36:480][  0]LogInit: High frequency timer resolution =10.000000 MHz
[2020.10.01-05.05.36:480][  0]LogMemory: Memory total: Physical=31.8GB (32GB approx)
[2020.10.01-05.05.36:480][  0]LogMemory: Platform Memory Stats for Windows
[2020.10.01-05.05.36:480][  0]LogMemory: Process Physical Memory: 117.40 MB used, 117.41 MB peak
[2020.10.01-05.05.36:480][  0]LogMemory: Process Virtual Memory: 103.60 MB used, 103.60 MB peak
[2020.10.01-05.05.36:480][  0]LogMemory: Physical Memory: 10459.89 MB used,  22142.79 MB free, 32602.68 MB total
[2020.10.01-05.05.36:480][  0]LogMemory: Virtual Memory: 5192.76 MB used,  134212536.00 MB free, 134217728.00 MB total
[2020.10.01-05.05.36:487][  0]LogWindows: WindowsPlatformFeatures enabled
[2020.10.01-05.05.36:522][  0]LogInit: Physics initialised using underlying interface: PhysX
[2020.10.01-05.05.36:522][  0]LogInit: Using OS detected language (zh-CN).
[2020.10.01-05.05.36:522][  0]LogInit: Using OS detected locale (zh-CN).
[2020.10.01-05.05.36:524][  0]LogTextLocalizationManager: No specific localization for 'zh-CN' exists, so the 'zh-Hans' localization will be used.
[2020.10.01-05.05.36:596][  0]LogTextLocalizationResource: LocRes '../../../Engine/Content/Localization/Editor/zh/Editor.locres' could not be opened for reading!
[2020.10.01-05.05.36:596][  0]LogTextLocalizationResource: LocRes '../../../Engine/Content/Localization/EditorTutorials/zh/EditorTutorials.locres' could not be opened for reading!
[2020.10.01-05.05.36:596][  0]LogTextLocalizationResource: LocRes '../../../Engine/Content/Localization/Keywords/zh/Keywords.locres' could not be opened for reading!
[2020.10.01-05.05.36:596][  0]LogTextLocalizationResource: LocRes '../../../Engine/Content/Localization/Category/zh/Category.locres' could not be opened for reading!
[2020.10.01-05.05.36:596][  0]LogTextLocalizationResource: LocRes '../../../Engine/Content/Localization/ToolTips/zh/ToolTips.locres' could not be opened for reading!
[2020.10.01-05.05.36:596][  0]LogTextLocalizationResource: LocRes '../../../Engine/Content/Localization/PropertyNames/zh/PropertyNames.locres' could not be opened for reading!
[2020.10.01-05.05.36:596][  0]LogTextLocalizationResource: LocRes '../../../Engine/Content/Localization/Engine/zh/Engine.locres' could not be opened for reading!
[2020.10.01-05.05.36:596][  0]LogTextLocalizationResource: LocRes '../../../Engine/Plugins/Online/Android/OnlineSubsystemGooglePlay/Content/Localization/OnlineSubsystemGooglePlay/zh/OnlineSubsystemGooglePlay.locres' could not be opened for reading!
[2020.10.01-05.05.36:596][  0]LogTextLocalizationResource: LocRes '../../../Engine/Plugins/Online/IOS/OnlineSubsystemIOS/Content/Localization/OnlineSubsystemIOS/zh/OnlineSubsystemIOS.locres' could not be opened for reading!
[2020.10.01-05.05.36:596][  0]LogTextLocalizationResource: LocRes '../../../Engine/Plugins/Online/OnlineSubsystem/Content/Localization/OnlineSubsystem/zh/OnlineSubsystem.locres' could not be opened for reading!
[2020.10.01-05.05.36:596][  0]LogTextLocalizationResource: LocRes '../../../Engine/Plugins/Online/OnlineSubsystemUtils/Content/Localization/OnlineSubsystemUtils/zh/OnlineSubsystemUtils.locres' could not be opened for reading!
[2020.10.01-05.05.36:640][  0]LogInit: Setting process to per monitor DPI aware
[2020.10.01-05.05.36:668][  0]LogSlate: New Slate User Created.  User Index 0, Is Virtual User: 0
[2020.10.01-05.05.36:668][  0]LogSlate: Slate User Registered.  User Index 0, Is Virtual User: 0
[2020.10.01-05.05.36:779][  0]LogHMD: Failed to initialize OpenVR with code 110
[2020.10.01-05.05.36:779][  0]LogD3D11RHI: D3D11 min allowed feature level: 11_0
[2020.10.01-05.05.36:779][  0]LogD3D11RHI: D3D11 max allowed feature level: 11_0
[2020.10.01-05.05.36:779][  0]LogD3D11RHI: D3D11 adapters:
[2020.10.01-05.05.36:860][  0]LogD3D11RHI:    0. 'NVIDIA GeForce RTX 2080 Super with Max-Q Design' (Feature Level 11_0)
[2020.10.01-05.05.36:860][  0]LogD3D11RHI:       8010/0/16301 MB DedicatedVideo/DedicatedSystem/SharedSystem, Outputs:1, VendorId:0x10de
[2020.10.01-05.05.36:878][  0]LogD3D11RHI:    1. 'Intel(R) UHD Graphics' (Feature Level 11_0)
[2020.10.01-05.05.36:878][  0]LogD3D11RHI:       128/0/16301 MB DedicatedVideo/DedicatedSystem/SharedSystem, Outputs:0, VendorId:0x8086
[2020.10.01-05.05.36:879][  0]LogD3D11RHI:    2. 'Microsoft Basic Render Driver' (Feature Level 11_0)
[2020.10.01-05.05.36:879][  0]LogD3D11RHI:       0/0/16301 MB DedicatedVideo/DedicatedSystem/SharedSystem, Outputs:0, VendorId:0x1414
[2020.10.01-05.05.36:879][  0]LogD3D11RHI: Chosen D3D11 Adapter: 0
[2020.10.01-05.05.36:892][  0]LogD3D11RHI: Creating new Direct3DDevice
[2020.10.01-05.05.36:892][  0]LogD3D11RHI:     GPU DeviceId: 0x1ed3 (for the marketing name, search the web for "GPU Device Id")
[2020.10.01-05.05.36:892][  0]LogWindows: EnumDisplayDevices:
[2020.10.01-05.05.36:892][  0]LogWindows:    0. 'Intel(R) UHD Graphics' (P:1 D:1)
[2020.10.01-05.05.36:893][  0]LogWindows:    1. 'Intel(R) UHD Graphics' (P:0 D:0)
[2020.10.01-05.05.36:893][  0]LogWindows:    2. 'Intel(R) UHD Graphics' (P:0 D:0)
[2020.10.01-05.05.36:894][  0]LogWindows:    3. 'NVIDIA GeForce RTX 2080 Super with Max-Q Design' (P:0 D:0)
[2020.10.01-05.05.36:894][  0]LogWindows:    4. 'NVIDIA GeForce RTX 2080 Super with Max-Q Design' (P:0 D:0)
[2020.10.01-05.05.36:895][  0]LogWindows:    5. 'NVIDIA GeForce RTX 2080 Super with Max-Q Design' (P:0 D:0)
[2020.10.01-05.05.36:895][  0]LogWindows:    6. 'NVIDIA GeForce RTX 2080 Super with Max-Q Design' (P:0 D:0)
[2020.10.01-05.05.36:896][  0]LogWindows: DebugString: PrimaryIsNotTheChoosenAdapter PrimaryIsNotTheChoosenAdapter PrimaryIsNotTheChoosenAdapter FoundDriverCount:4 
[2020.10.01-05.05.36:896][  0]LogD3D11RHI:     Adapter Name: NVIDIA GeForce RTX 2080 Super with Max-Q Design
[2020.10.01-05.05.36:896][  0]LogD3D11RHI:   Driver Version: 451.91 (internal:27.21.14.5191, unified:451.91)
[2020.10.01-05.05.36:896][  0]LogD3D11RHI:      Driver Date: 8-2-2020
[2020.10.01-05.05.36:896][  0]LogRHI: Texture pool is 5607 MB (70% of 8010 MB)
[2020.10.01-05.05.36:951][  0]LogD3D11RHI: RHI has support for 64 bit atomics
[2020.10.01-05.05.36:954][  0]LogD3D11RHI: [Aftermath] Enabled and primed
[2020.10.01-05.05.36:954][  0]LogD3D11RHI: Async texture creation enabled
[2020.10.01-05.05.36:954][  0]LogD3D11RHI: Array index from any shader is supported
[2020.10.01-05.05.36:978][  0]LogD3D11RHI: GPU Timing Frequency: 1000.000000 (Debug: 2 1)
[2020.10.01-05.05.37:230][  0]LogTargetPlatformManager: Display: Loaded TargetPlatform 'AllDesktop'
[2020.10.01-05.05.37:246][  0]LogTargetPlatformManager: Display: Loaded TargetPlatform 'Android'
[2020.10.01-05.05.37:246][  0]LogTargetPlatformManager: Display: Loaded TargetPlatform 'Android_ASTC'
[2020.10.01-05.05.37:246][  0]LogTargetPlatformManager: Display: Loaded TargetPlatform 'Android_DXT'
[2020.10.01-05.05.37:246][  0]LogTargetPlatformManager: Display: Loaded TargetPlatform 'Android_ETC2'
[2020.10.01-05.05.37:246][  0]LogTargetPlatformManager: Display: Loaded TargetPlatform 'AndroidClient'
[2020.10.01-05.05.37:246][  0]LogTargetPlatformManager: Display: Loaded TargetPlatform 'Android_ASTCClient'
[2020.10.01-05.05.37:246][  0]LogTargetPlatformManager: Display: Loaded TargetPlatform 'Android_DXTClient'
[2020.10.01-05.05.37:246][  0]LogTargetPlatformManager: Display: Loaded TargetPlatform 'Android_ETC2Client'
[2020.10.01-05.05.37:246][  0]LogTargetPlatformManager: Display: Loaded TargetPlatform 'Android_Multi'
[2020.10.01-05.05.37:246][  0]LogTargetPlatformManager: Display: Loaded TargetPlatform 'Android_MultiClient'
[2020.10.01-05.05.37:265][  0]LogTargetPlatformManager: Display: Loaded TargetPlatform 'IOSClient'
[2020.10.01-05.05.37:265][  0]LogTargetPlatformManager: Display: Loaded TargetPlatform 'IOS'
[2020.10.01-05.05.37:273][  0]LogTargetPlatformManager: Display: Loaded TargetPlatform 'Linux'
[2020.10.01-05.05.37:280][  0]LogTargetPlatformManager: Display: Loaded TargetPlatform 'LinuxNoEditor'
[2020.10.01-05.05.37:288][  0]LogTargetPlatformManager: Display: Loaded TargetPlatform 'LinuxClient'
[2020.10.01-05.05.37:296][  0]LogTargetPlatformManager: Display: Loaded TargetPlatform 'LinuxServer'
[2020.10.01-05.05.37:303][  0]LogTargetPlatformManager: Display: Loaded TargetPlatform 'LinuxAArch64NoEditor'
[2020.10.01-05.05.37:311][  0]LogTargetPlatformManager: Display: Loaded TargetPlatform 'LinuxAArch64Client'
[2020.10.01-05.05.37:319][  0]LogTargetPlatformManager: Display: Loaded TargetPlatform 'LinuxAArch64Server'
[2020.10.01-05.05.37:341][  0]LogTargetPlatformManager: Display: Loaded TargetPlatform 'Lumin'
[2020.10.01-05.05.37:341][  0]LogTargetPlatformManager: Display: Loaded TargetPlatform 'LuminClient'
[2020.10.01-05.05.37:354][  0]LogTargetPlatformManager: Display: Loaded TargetPlatform 'TVOSClient'
[2020.10.01-05.05.37:354][  0]LogTargetPlatformManager: Display: Loaded TargetPlatform 'TVOS'
[2020.10.01-05.05.37:362][  0]LogTargetPlatformManager: Display: Loaded TargetPlatform 'WindowsNoEditor'
[2020.10.01-05.05.37:370][  0]LogTargetPlatformManager: Display: Loaded TargetPlatform 'Windows'
[2020.10.01-05.05.37:380][  0]LogTargetPlatformManager: Display: Loaded TargetPlatform 'WindowsClient'
[2020.10.01-05.05.37:388][  0]LogTargetPlatformManager: Display: Loaded TargetPlatform 'WindowsServer'
[2020.10.01-05.05.37:388][  0]LogTargetPlatformManager: Display: Building Assets For Windows
[2020.10.01-05.05.37:396][  0]LogAudioDebug: Display: Lib vorbis DLL was dynamically loaded.
[2020.10.01-05.05.37:453][  0]LogShaderCompilers: Guid format shader working directory is -1 characters bigger than the processId version (../../../../../../Code/unreal/CoopGame/GoopGame/Intermediate/Shaders/WorkingDirectory/8496/).
[2020.10.01-05.05.37:453][  0]LogShaderCompilers: Cleaned the shader compiler working directory 'C:/Users/piang/AppData/Local/Temp/UnrealShaderWorkingDir/F5B6C6FE4110E188964502B7BAD437FF/'.
[2020.10.01-05.05.37:453][  0]LogXGEController: Cleaning working directory: C:/Users/piang/AppData/Local/Temp/UnrealXGEWorkingDir/
[2020.10.01-05.05.37:454][  0]LogXGEController: Cannot use XGE Controller as Incredibuild is not installed on this machine.
[2020.10.01-05.05.37:454][  0]LogShaderCompilers: Cannot use XGE Shader Compiler as Incredibuild is not installed on this machine.
[2020.10.01-05.05.37:454][  0]LogShaderCompilers: Display: Using Local Shader Compiler.
[2020.10.01-05.05.38:067][  0]LogDerivedDataCache: Display: Max Cache Size: 512 MB
[2020.10.01-05.05.38:104][  0]LogDerivedDataCache: Loaded boot cache 0.04s 75MB C:/Users/piang/AppData/Local/UnrealEngine/4.25/DerivedDataCache/Boot.ddc.
[2020.10.01-05.05.38:104][  0]LogDerivedDataCache: Display: Loaded Boot cache: C:/Users/piang/AppData/Local/UnrealEngine/4.25/DerivedDataCache/Boot.ddc
[2020.10.01-05.05.38:104][  0]LogDerivedDataCache: FDerivedDataBackendGraph:  Pak pak cache file ../../../../../../Code/unreal/CoopGame/GoopGame/DerivedDataCache/DDC.ddp not found, will not use a pak cache.
[2020.10.01-05.05.38:105][  0]LogDerivedDataCache: Unable to find inner node Pak for hierarchical cache Hierarchy.
[2020.10.01-05.05.38:105][  0]LogDerivedDataCache: FDerivedDataBackendGraph:  CompressedPak pak cache file ../../../../../../Code/unreal/CoopGame/GoopGame/DerivedDataCache/Compressed.ddp not found, will not use a pak cache.
[2020.10.01-05.05.38:105][  0]LogDerivedDataCache: Unable to find inner node CompressedPak for hierarchical cache Hierarchy.
[2020.10.01-05.05.38:113][  0]LogDerivedDataCache: Display: Pak cache opened for reading ../../../Engine/DerivedDataCache/Compressed.ddp.
[2020.10.01-05.05.38:113][  0]LogDerivedDataCache: FDerivedDataBackendGraph:  EnterprisePak pak cache file ../../../Enterprise/DerivedDataCache/Compressed.ddp not found, will not use a pak cache.
[2020.10.01-05.05.38:113][  0]LogDerivedDataCache: Unable to find inner node EnterprisePak for hierarchical cache Hierarchy.
[2020.10.01-05.05.38:114][  0]LogDerivedDataCache: Using Local data cache path C:/Users/piang/AppData/Local/UnrealEngine/Common/DerivedDataCache: Writable
[2020.10.01-05.05.38:114][  0]LogDerivedDataCache: Shared data cache path not found in *engine.ini, will not use an Shared cache.
[2020.10.01-05.05.38:114][  0]LogDerivedDataCache: Unable to find inner node Shared for hierarchical cache Hierarchy.
[2020.10.01-05.05.38:154][  0]LogSlate: Using FreeType 2.10.0
[2020.10.01-05.05.38:154][  0]LogSlate: SlateFontServices - WITH_FREETYPE: 1, WITH_HARFBUZZ: 1
[2020.10.01-05.05.38:173][  0]LogAssetRegistry: FAssetRegistry took 0.0019 seconds to start up
[2020.10.01-05.05.38:342][  0]LogInit: Selected Device Profile: [Windows]
[2020.10.01-05.05.38:434][  0]LogMeshReduction: Using QuadricMeshReduction for automatic static mesh reduction
[2020.10.01-05.05.38:434][  0]LogMeshReduction: Using SimplygonMeshReduction for automatic skeletal mesh reduction
[2020.10.01-05.05.38:434][  0]LogMeshReduction: Using ProxyLODMeshReduction for automatic mesh merging
[2020.10.01-05.05.38:434][  0]LogMeshReduction: No distributed automatic mesh merging module available
[2020.10.01-05.05.38:434][  0]LogMeshMerging: No distributed automatic mesh merging module available
[2020.10.01-05.05.38:446][  0]LogNetVersion: GoopGame 1.0.0, NetCL: 13144385, EngineNetVer: 14, GameNetVer: 0 (Checksum: 720496033)
[2020.10.01-05.05.38:747][  0]LogAISub: UAISubsystem::UAISubsystem AISubsystem (0000017935901E80), frame # 0
[2020.10.01-05.05.38:747][  0]LogAISub: UAISubsystem::UAISubsystem AIPerceptionSystem (000001793586BC40), frame # 0
[2020.10.01-05.05.38:748][  0]LogAISub: UAISubsystem::UAISubsystem EnvQueryManager (00000179358BDE00), frame # 0
[2020.10.01-05.05.38:817][  0]LogPackageLocalizationCache: Processed 19 localized package path(s) for 2 prioritized culture(s) in 0.064228 seconds
[2020.10.01-05.05.38:821][  0]LogUObjectArray: 15917 objects as part of root set at end of initial load.
[2020.10.01-05.05.38:821][  0]LogUObjectAllocator: 3965568 out of 0 bytes used by permanent object pool.
[2020.10.01-05.05.38:821][  0]LogUObjectArray: CloseDisregardForGC: 0/0 objects in disregard for GC pool
[2020.10.01-05.05.39:142][  0]LogTcpMessaging: Initializing TcpMessaging bridge
[2020.10.01-05.05.39:147][  0]LogUdpMessaging: Initializing bridge on interface 0.0.0.0:0 to multicast group 230.0.0.1:6666.
[2020.10.01-05.05.39:244][  0]SourceControl: 源码管理已禁用
[2020.10.01-05.05.39:244][  0]SourceControl: 源码管理已禁用
[2020.10.01-05.05.39:247][  0]SourceControl: 源码管理已禁用
[2020.10.01-05.05.39:251][  0]SourceControl: 源码管理已禁用
[2020.10.01-05.05.39:264][  0]SourceControl: 源码管理已禁用
[2020.10.01-05.05.39:508][  0]LogAndroidPermission: UAndroidPermissionCallbackProxy::GetInstance
[2020.10.01-05.05.39:530][  0]LogAudioCaptureCore: Display: No Audio Capture implementations found. Audio input will be silent.
[2020.10.01-05.05.39:530][  0]LogAudioCaptureCore: Display: No Audio Capture implementations found. Audio input will be silent.
[2020.10.01-05.05.39:573][  0]LogOcInput: OculusInput pre-init called
[2020.10.01-05.05.39:582][  0]LogWindows: Failed to load 'OVRPlugin.dll' (GetLastError=126)
[2020.10.01-05.05.39:582][  0]LogWindows: File 'OVRPlugin.dll' does not exist
[2020.10.01-05.05.39:634][  0]LogEngine: Initializing Engine...
[2020.10.01-05.05.39:635][  0]LogHMD: Failed to initialize OpenVR with code 110
[2020.10.01-05.05.39:635][  0]LogMagicLeap: Warning: VR disabled because ZI is not enabled.  To enable, in the editor, Edit -> Project Settings -> Plugins -> Magic Leap Plugin -> Enable Zero Iteration
[2020.10.01-05.05.39:636][  0]LogStats: UGameplayTagsManager::InitializeManager -  0.000 s
[2020.10.01-05.05.39:720][  0]LogInit: Initializing FReadOnlyCVARCache
[2020.10.01-05.05.39:726][  0]LogAIModule: Creating AISystem for world Untitled
[2020.10.01-05.05.39:726][  0]LogAISub: UAISubsystem::UAISubsystem EnvQueryManager (000001793FCDFC00), frame # 0
[2020.10.01-05.05.39:726][  0]LogAISub: UAISubsystem::UAISubsystem AIPerceptionSystem (000001793FD03380), frame # 0
[2020.10.01-05.05.39:738][  0]LogAudioMixer: Display: Audio Mixer Platform Settings:
[2020.10.01-05.05.39:738][  0]LogAudioMixer: Display: 	Sample Rate:						  48000
[2020.10.01-05.05.39:738][  0]LogAudioMixer: Display: 	Callback Buffer Frame Size Requested: 1024
[2020.10.01-05.05.39:738][  0]LogAudioMixer: Display: 	Callback Buffer Frame Size To Use:	  1024
[2020.10.01-05.05.39:738][  0]LogAudioMixer: Display: 	Number of buffers to queue:			  2
[2020.10.01-05.05.39:738][  0]LogAudioMixer: Display: 	Max Channels (voices):				  32
[2020.10.01-05.05.39:738][  0]LogAudioMixer: Display: 	Number of Async Source Workers:		  0
[2020.10.01-05.05.39:738][  0]LogAudio: Display: AudioDevice MaxSources: 32
[2020.10.01-05.05.39:738][  0]LogAudio: Display: Using built-in audio occlusion.
[2020.10.01-05.05.39:738][  0]LogAudioMixer: Display: Initializing audio mixer.
[2020.10.01-05.05.39:755][  0]LogAudioMixer: Display: 0: FrontLeft
[2020.10.01-05.05.39:755][  0]LogAudioMixer: Display: 1: FrontRight
[2020.10.01-05.05.39:807][  0]LogAudioMixer: Display: Using Audio Device 耳机 (Realtek(R) Audio)
[2020.10.01-05.05.39:807][  0]LogAudioMixer: Display: Initializing Sound Submixes...
[2020.10.01-05.05.39:808][  0]LogAudioMixer: Display: Creating Master Submix 'MasterSubmixDefault'
[2020.10.01-05.05.39:808][  0]LogAudioMixer: Display: Creating Master Submix 'MasterReverbSubmixDefault'
[2020.10.01-05.05.39:810][  0]LogAudioMixer: Display: Creating Master Submix 'MasterEQSubmixDefault'
[2020.10.01-05.05.39:811][  0]LogInit: FAudioDevice initialized.
[2020.10.01-05.05.39:811][  0]LogNetVersion: Set ProjectVersion to 1.0.0.0. Version Checksum will be recalculated on next use.
[2020.10.01-05.05.39:847][  0]LogDerivedDataCache: Saved boot cache 0.04s 75MB C:/Users/piang/AppData/Local/UnrealEngine/4.25/DerivedDataCache/Boot.ddc.
[2020.10.01-05.05.39:850][  0]LogInit: Texture streaming: Enabled
[2020.10.01-05.05.39:868][  0]LogEngineSessionManager: EngineSessionManager initialized
[2020.10.01-05.05.39:868][  0]LogEditorSessionSummary: Verbose: Initializing EditorSessionSummaryWriter for editor session tracking
[2020.10.01-05.05.39:870][  0]LogEditorSessionSummary: EditorSessionSummaryWriter initialized
[2020.10.01-05.05.39:925][  0]LogInit: Transaction tracking system initialized
[2020.10.01-05.05.39:948][  0]BlueprintLog: New page: 编辑器加载
[2020.10.01-05.05.40:017][  0]LocalizationService: 本地化服务已禁用
[2020.10.01-05.05.40:143][  0]LogCook: Display: Max memory allowance for cook 16384mb min free memory 0mb
[2020.10.01-05.05.40:144][  0]LogCook: Display: Mobile HDR setting 1
[2020.10.01-05.05.40:267][  0]LogFileCache: Scanning file cache for directory 'D:/Code/unreal/CoopGame/GoopGame/Content/' took 0.00s
[2020.10.01-05.05.40:428][  0]SourceControl: 源码管理已禁用
[2020.10.01-05.05.40:429][  0]LogUnrealEdMisc: Loading editor; pre map load, took 5.268
[2020.10.01-05.05.40:429][  0]Cmd: MAP LOAD FILE="../../../../../../Code/unreal/CoopGame/GoopGame/Content/Maps/NewMap.umap" TEMPLATE=0 SHOWPROGRESS=1 FEATURELEVEL=3
[2020.10.01-05.05.40:429][  0]LightingResults: New page: 光照构建
[2020.10.01-05.05.40:429][  0]LogWorld: UWorld::CleanupWorld for Untitled, bSessionEnded=true, bCleanupResources=true
[2020.10.01-05.05.40:429][  0]LogSlate: InvalidateAllWidgets triggered.  All widgets were invalidated
[2020.10.01-05.05.40:429][  0]MapCheck: New page: 地图检测
[2020.10.01-05.05.40:429][  0]LightingResults: New page: 光照构建
[2020.10.01-05.05.40:442][  0]LogAISub: UAISubsystem::~UAISubsystem EnvQueryManager (000001793FCDFC00), frame # 0
[2020.10.01-05.05.40:442][  0]LogAISub: UAISubsystem::~UAISubsystem AIPerceptionSystem (000001793FD03380), frame # 0
[2020.10.01-05.05.40:443][  0]LogUObjectHash: Compacting FUObjectHashTables data took   0.54ms
[2020.10.01-05.05.40:757][  0]LogAIModule: Creating AISystem for world NewMap
[2020.10.01-05.05.40:757][  0]LogAISub: UAISubsystem::UAISubsystem EnvQueryManager (000001792ACB7E00), frame # 0
[2020.10.01-05.05.40:757][  0]LogAISub: UAISubsystem::UAISubsystem AIPerceptionSystem (000001792ACDF380), frame # 0
[2020.10.01-05.05.40:760][  0]LogEditorServer: Finished looking for orphan Actors (0.000 secs)
[2020.10.01-05.05.40:773][  0]LogUObjectHash: Compacting FUObjectHashTables data took   0.74ms
[2020.10.01-05.05.40:774][  0]Cmd: MAP CHECKDEP NOCLEARLOG
[2020.10.01-05.05.40:774][  0]MapCheck: 地图检测完成：0个错误、0个警告、完成用时0.111毫秒。
[2020.10.01-05.05.40:774][  0]LogFileHelpers: Loading map 'NewMap' took 0.345
[2020.10.01-05.05.40:776][  0]LogUnrealEdMisc: Total Editor Startup Time, took 5.616
[2020.10.01-05.05.40:834][  0]LogWindowsTextInputMethodSystem: Display: IME system now activated using TSF (微软拼音).
[2020.10.01-05.05.40:886][  0]LogSlate: Updating window title bar state: overlay mode, drag disabled, window buttons hidden, title bar hidden
[2020.10.01-05.05.40:891][  0]LogSlate: Updating window title bar state: overlay mode, drag disabled, window buttons hidden, title bar hidden
[2020.10.01-05.05.40:897][  0]LogSlate: Updating window title bar state: overlay mode, drag disabled, window buttons hidden, title bar hidden
[2020.10.01-05.05.40:903][  0]LogSlate: Updating window title bar state: overlay mode, drag disabled, window buttons hidden, title bar hidden
[2020.10.01-05.05.40:910][  0]LogCollectionManager: Loaded 0 collections in 0.000523 seconds
[2020.10.01-05.05.40:923][  0]LogFileCache: Scanning file cache for directory 'D:/Code/unreal/CoopGame/GoopGame/Saved/Collections/' took 0.00s
[2020.10.01-05.05.40:923][  0]LogFileCache: Scanning file cache for directory 'D:/Code/unreal/CoopGame/GoopGame/Content/Developers/piang/Collections/' took 0.00s
[2020.10.01-05.05.40:923][  0]LogFileCache: Scanning file cache for directory 'D:/Code/unreal/CoopGame/GoopGame/Content/Collections/' took 0.00s
[2020.10.01-05.05.40:923][  0]LogContentBrowser: Native class hierarchy populated in 0.0081 seconds. Added 3445 classes and 828 folders.
[2020.10.01-05.05.40:925][  0]LogContentBrowser: Native class hierarchy updated for 'WidgetCarousel' in 0.0003 seconds. Added 0 classes and 0 folders.
[2020.10.01-05.05.40:961][  0]LogContentBrowser: Native class hierarchy updated for 'AddContentDialog' in 0.0003 seconds. Added 0 classes and 0 folders.
[2020.10.01-05.05.40:964][  0]LogContentBrowser: Native class hierarchy updated for 'SceneOutliner' in 0.0003 seconds. Added 2 classes and 0 folders.
[2020.10.01-05.05.41:074][  0]LogSlate: Took 0.000136 seconds to synchronously load lazily loaded font '../../../Engine/Content/Slate/Fonts/Roboto-Regular.ttf' (155K)
[2020.10.01-05.05.41:077][  0]LogSlate: Took 0.001866 seconds to synchronously load lazily loaded font '../../../Engine/Content/Slate/Fonts/DroidSansFallback.ttf' (3848K)
[2020.10.01-05.05.41:077][  0]LogSlate: Took 0.000116 seconds to synchronously load lazily loaded font '../../../Engine/Content/Slate/Fonts/Roboto-Bold.ttf' (160K)
[2020.10.01-05.05.41:080][  0]LogSlate: Took 0.000111 seconds to synchronously load lazily loaded font '../../../Engine/Content/Editor/Slate/Fonts/FontAwesome.ttf' (139K)
[2020.10.01-05.05.41:136][  0]LogRenderer: Reallocating scene render targets to support 1208x604 Format 10 NumSamples 1 (Frame:1).
[2020.10.01-05.05.41:213][  0]LogContentBrowser: Native class hierarchy updated for 'HierarchicalLODOutliner' in 0.0005 seconds. Added 0 classes and 0 folders.
[2020.10.01-05.05.41:213][  0]LogLoad: (Engine Initialization) Total time: 6.05 seconds
[2020.10.01-05.05.41:213][  0]LogLoad: (Engine Initialization) Total Blueprint compile time: 0.00 seconds
[2020.10.01-05.05.41:261][  0]LogAssetRegistry: Asset discovery search completed in 3.0879 seconds
[2020.10.01-05.05.41:267][  0]LogCollectionManager: Fixed up redirectors for 0 collections in 0.000002 seconds (updated 0 objects)
[2020.10.01-05.05.41:268][  0]LogContentStreaming: Texture pool size now 1000 MB
[2020.10.01-05.05.41:297][  0]LogSlate: Took 0.000281 seconds to synchronously load lazily loaded font '../../../Engine/Content/Slate/Fonts/Roboto-Light.ttf' (167K)
[2020.10.01-05.05.41:382][  3]LogActor: Warning: BP_Rifle_C /Engine/Transient.World_2:PersistentLevel.BP_Rifle_C_0 has natively added scene component(s), but none of them were set as the actor's RootComponent - picking one arbitrarily
[2020.10.01-05.05.42:848][ 90]LogTemp: Repeating last play command: 新建编辑器窗口（编辑器中运行）
[2020.10.01-05.05.42:867][ 90]LogPlayLevel: PlayLevel: No blueprints needed recompiling
[2020.10.01-05.05.42:868][ 90]PIE: New page: PIE会话：NewMap（2020年10月1日 下午9:05:42）
[2020.10.01-05.05.42:869][ 90]LogOnline: OSS: Creating online subsystem instance for: NULL
[2020.10.01-05.05.42:870][ 90]LogOnline: OSS: TryLoadSubsystemAndSetDefault: Loaded subsystem for module [NULL]
[2020.10.01-05.05.42:870][ 90]LogPlayLevel: Creating play world package: /Game/Maps/UEDPIE_0_NewMap
[2020.10.01-05.05.42:874][ 90]LogPlayLevel: PIE: StaticDuplicateObject took: (0.004346s)
[2020.10.01-05.05.42:875][ 90]LogAIModule: Creating AISystem for world NewMap
[2020.10.01-05.05.42:875][ 90]LogAISub: UAISubsystem::UAISubsystem EnvQueryManager (0000017952BE6200), frame # 90
[2020.10.01-05.05.42:875][ 90]LogAISub: UAISubsystem::UAISubsystem AIPerceptionSystem (0000017931171D00), frame # 90
[2020.10.01-05.05.42:876][ 90]LogPlayLevel: PIE: World Init took: (0.001209s)
[2020.10.01-05.05.42:876][ 90]LogPlayLevel: PIE: Created PIE world by copying editor world from /Game/Maps/NewMap.NewMap to /Game/Maps/UEDPIE_0_NewMap.NewMap (0.005679s)
[2020.10.01-05.05.42:894][ 90]LogUObjectHash: Compacting FUObjectHashTables data took   0.52ms
[2020.10.01-05.05.42:897][ 90]LogAudioMixer: Display: Audio Mixer Platform Settings:
[2020.10.01-05.05.42:897][ 90]LogAudioMixer: Display: 	Sample Rate:						  48000
[2020.10.01-05.05.42:897][ 90]LogAudioMixer: Display: 	Callback Buffer Frame Size Requested: 1024
[2020.10.01-05.05.42:897][ 90]LogAudioMixer: Display: 	Callback Buffer Frame Size To Use:	  1024
[2020.10.01-05.05.42:897][ 90]LogAudioMixer: Display: 	Number of buffers to queue:			  2
[2020.10.01-05.05.42:897][ 90]LogAudioMixer: Display: 	Max Channels (voices):				  32
[2020.10.01-05.05.42:897][ 90]LogAudioMixer: Display: 	Number of Async Source Workers:		  0
[2020.10.01-05.05.42:897][ 90]LogAudio: Display: AudioDevice MaxSources: 32
[2020.10.01-05.05.42:897][ 90]LogAudio: Display: Using built-in audio occlusion.
[2020.10.01-05.05.42:897][ 90]LogAudioMixer: Display: Initializing audio mixer.
[2020.10.01-05.05.42:906][ 90]LogAudioMixer: Display: 0: FrontLeft
[2020.10.01-05.05.42:906][ 90]LogAudioMixer: Display: 1: FrontRight
[2020.10.01-05.05.42:939][ 90]LogAudioMixer: Display: Using Audio Device 耳机 (Realtek(R) Audio)
[2020.10.01-05.05.42:939][ 90]LogAudioMixer: Display: Initializing Sound Submixes...
[2020.10.01-05.05.42:939][ 90]LogAudioMixer: Display: Creating Master Submix 'MasterSubmixDefault'
[2020.10.01-05.05.42:939][ 90]LogAudioMixer: Display: Creating Master Submix 'MasterReverbSubmixDefault'
[2020.10.01-05.05.42:940][ 90]LogAudioMixer: Display: Creating Master Submix 'MasterEQSubmixDefault'
[2020.10.01-05.05.42:950][ 90]LogInit: FAudioDevice initialized.
[2020.10.01-05.05.42:971][ 90]LogSlate: Updating window title bar state: overlay mode, drag disabled, window buttons hidden, title bar hidden
[2020.10.01-05.05.42:971][ 90]LogLoad: Game class is 'BP_GameMode_C'
[2020.10.01-05.05.42:972][ 90]LogWorld: Bringing World /Game/Maps/UEDPIE_0_NewMap.NewMap up for play (max tick rate 60) at 2020.10.01-13.05.42
[2020.10.01-05.05.42:973][ 90]LogWorld: Bringing up level for play took: 0.000944
[2020.10.01-05.05.42:973][ 90]LogOnline: OSS: Creating online subsystem instance for: :Context_4
[2020.10.01-05.05.42:975][ 90]LogContentBrowser: Native class hierarchy updated for 'MovieSceneCapture' in 0.0004 seconds. Added 20 classes and 0 folders.
[2020.10.01-05.05.42:977][ 90]LogNet: ReplicationDriverClass is null! Not using ReplicationDriver.
[2020.10.01-05.05.42:977][ 90]LogNetCore: DDoS detection status: detection enabled: 0 analytics enabled: 0
[2020.10.01-05.05.42:977][ 90]LogInit: WinSock: Socket queue. Rx: 131072 (config 131072) Tx: 131072 (config 131072)
[2020.10.01-05.05.42:977][ 90]LogNet: Created socket for bind address: 0.0.0.0 on port 17777
[2020.10.01-05.05.42:977][ 90]PacketHandlerLog: Loaded PacketHandler component: Engine.EngineHandlerComponentFactory (StatelessConnectHandlerComponent)
[2020.10.01-05.05.42:977][ 90]LogNet: GameNetDriver IpNetDriver_0 IpNetDriver listening on port 17777
[2020.10.01-05.05.42:979][ 90]LogActor: Warning: BP_Rifle_C /Game/Maps/UEDPIE_0_NewMap.NewMap:PersistentLevel.BP_Rifle_C_0 has natively added scene component(s), but none of them were set as the actor's RootComponent - picking one arbitrarily
[2020.10.01-05.05.42:979][ 90]LogBlueprintUserMessages: [BP_GameState_C_0] Server: Wating to Start
[2020.10.01-05.05.42:980][ 90]PIE: 登陆的服务器
[2020.10.01-05.05.42:981][ 90]PIE: PIE总开始时间：0.115秒。
[2020.10.01-05.05.42:982][ 90]LogAudioMixer: Display: Audio Mixer Platform Settings:
[2020.10.01-05.05.42:982][ 90]LogAudioMixer: Display: 	Sample Rate:						  48000
[2020.10.01-05.05.42:982][ 90]LogAudioMixer: Display: 	Callback Buffer Frame Size Requested: 1024
[2020.10.01-05.05.42:982][ 90]LogAudioMixer: Display: 	Callback Buffer Frame Size To Use:	  1024
[2020.10.01-05.05.42:982][ 90]LogAudioMixer: Display: 	Number of buffers to queue:			  2
[2020.10.01-05.05.42:982][ 90]LogAudioMixer: Display: 	Max Channels (voices):				  32
[2020.10.01-05.05.42:982][ 90]LogAudioMixer: Display: 	Number of Async Source Workers:		  0
[2020.10.01-05.05.42:982][ 90]LogAudio: Display: AudioDevice MaxSources: 32
[2020.10.01-05.05.42:983][ 90]LogAudio: Display: Using built-in audio occlusion.
[2020.10.01-05.05.42:983][ 90]LogAudioMixer: Display: Initializing audio mixer.
[2020.10.01-05.05.42:991][ 90]LogAudioMixer: Display: 0: FrontLeft
[2020.10.01-05.05.42:991][ 90]LogAudioMixer: Display: 1: FrontRight
[2020.10.01-05.05.43:022][ 90]LogAudioMixer: Display: Using Audio Device 耳机 (Realtek(R) Audio)
[2020.10.01-05.05.43:022][ 90]LogAudioMixer: Display: Initializing Sound Submixes...
[2020.10.01-05.05.43:022][ 90]LogAudioMixer: Display: Creating Master Submix 'MasterSubmixDefault'
[2020.10.01-05.05.43:022][ 90]LogAudioMixer: Display: Creating Master Submix 'MasterReverbSubmixDefault'
[2020.10.01-05.05.43:022][ 90]LogAudioMixer: Display: Creating Master Submix 'MasterEQSubmixDefault'
[2020.10.01-05.05.43:034][ 90]LogInit: FAudioDevice initialized.
[2020.10.01-05.05.43:054][ 90]LogSlate: Updating window title bar state: overlay mode, drag disabled, window buttons hidden, title bar hidden
[2020.10.01-05.05.43:054][ 90]LogNet: Browse: 127.0.0.1:17777//Game/Maps/NewMap
[2020.10.01-05.05.43:054][ 90]LogInit: WinSock: Socket queue. Rx: 32768 (config 32768) Tx: 32768 (config 32768)
[2020.10.01-05.05.43:054][ 90]LogNet: Created socket for bind address: 0.0.0.0 on port 0
[2020.10.01-05.05.43:055][ 90]PacketHandlerLog: Loaded PacketHandler component: Engine.EngineHandlerComponentFactory (StatelessConnectHandlerComponent)
[2020.10.01-05.05.43:055][ 90]LogNet: Game client on port 17777, rate 10000
[2020.10.01-05.05.43:056][ 90]PIE: 已登陆客户端
[2020.10.01-05.05.43:057][ 90]PIE: PIE总开始时间：0.191秒。
[2020.10.01-05.05.43:142][ 91]LogBlueprintUserMessages: [BP_GameState_C_0] Server: Wating to Start
[2020.10.01-05.05.44:074][147]LogNet: NotifyAcceptingConnection accepted from: 127.0.0.1:55417
[2020.10.01-05.05.44:075][147]LogHandshake: SendConnectChallenge. Timestamp: 1.243795, Cookie: 030094246039163233060011005231153194045064187062114041079032
[2020.10.01-05.05.44:075][147]LogHandshake: SendChallengeResponse. Timestamp: 1.243795, Cookie: 030094246039163233060011005231153194045064187062114041079032
[2020.10.01-05.05.44:091][148]LogNet: NotifyAcceptingConnection accepted from: 127.0.0.1:55417
[2020.10.01-05.05.44:091][148]LogHandshake: SendChallengeAck. InCookie: 030094246039163233060011005231153194045064187062114041079032
[2020.10.01-05.05.44:091][148]LogNet: Server accepting post-challenge connection from: 127.0.0.1:55417
[2020.10.01-05.05.44:092][148]PacketHandlerLog: Loaded PacketHandler component: Engine.EngineHandlerComponentFactory (StatelessConnectHandlerComponent)
[2020.10.01-05.05.44:092][148]LogNet: NotifyAcceptedConnection: Name: NewMap, TimeStamp: 10/01/20 13:05:44, [UNetConnection] RemoteAddr: 127.0.0.1:55417, Name: IpConnection_1, Driver: GameNetDriver IpNetDriver_0, IsServer: YES, PC: NULL, Owner: NULL, UniqueId: INVALID
[2020.10.01-05.05.44:092][148]LogNet: AddClientConnection: Added client connection: [UNetConnection] RemoteAddr: 127.0.0.1:55417, Name: IpConnection_1, Driver: GameNetDriver IpNetDriver_0, IsServer: YES, PC: NULL, Owner: NULL, UniqueId: INVALID
[2020.10.01-05.05.44:093][148]LogNetVersion: GoopGame 1.0.0.0, NetCL: 13144385, EngineNetVer: 14, GameNetVer: 0 (Checksum: 1944338904)
[2020.10.01-05.05.44:093][148]LogNet: UPendingNetGame::SendInitialJoin: Sending hello. [UNetConnection] RemoteAddr: 127.0.0.1:17777, Name: IpConnection_0, Driver: PendingNetDriver IpNetDriver_1, IsServer: NO, PC: NULL, Owner: NULL, UniqueId: INVALID
[2020.10.01-05.05.44:108][149]LogNet: NotifyAcceptingChannel Control 0 server World /Game/Maps/UEDPIE_0_NewMap.NewMap: Accepted
[2020.10.01-05.05.44:108][149]LogNet: Remote platform little endian=1
[2020.10.01-05.05.44:108][149]LogNet: This platform little endian=1
[2020.10.01-05.05.44:109][149]LogOnline: OSS: Creating online subsystem instance for: :Context_5
[2020.10.01-05.05.44:125][150]LogNet: Login request: ?Name=DESKTOP-G0SN44A-D5B9355649F4F6FD98C8F0AB024469F8 userId: NULL:DESKTOP-G0SN44A-D5B9355649F4F6FD98C8F0AB024469F8 platform: NULL
[2020.10.01-05.05.44:126][150]LogNet: Welcomed by server (Level: /Game/Maps/UEDPIE_0_NewMap, Game: /Game/Blueprints/BP_GameMode.BP_GameMode_C)
[2020.10.01-05.05.44:126][150]LogLoad: LoadMap: 127.0.0.1:17777//Game/Maps/UEDPIE_0_NewMap?game=/Game/Blueprints/BP_GameMode.BP_GameMode_C
[2020.10.01-05.05.44:126][150]LogWorld: BeginTearingDown for /Temp/Untitled_1
[2020.10.01-05.05.44:126][150]LogWorld: UWorld::CleanupWorld for Untitled, bSessionEnded=true, bCleanupResources=true
[2020.10.01-05.05.44:126][150]LogSlate: InvalidateAllWidgets triggered.  All widgets were invalidated
[2020.10.01-05.05.44:136][150]LogUObjectHash: Compacting FUObjectHashTables data took   0.57ms
[2020.10.01-05.05.44:143][150]LogAIModule: Creating AISystem for world NewMap
[2020.10.01-05.05.44:143][150]LogAISub: UAISubsystem::UAISubsystem EnvQueryManager (0000017953577E00), frame # 150
[2020.10.01-05.05.44:143][150]LogAISub: UAISubsystem::UAISubsystem AIPerceptionSystem (000001792A7FE0C0), frame # 150
[2020.10.01-05.05.44:144][150]LogWorld: Bringing World /Game/Maps/UEDPIE_1_NewMap.NewMap up for play (max tick rate 60) at 2020.10.01-13.05.44
[2020.10.01-05.05.44:145][150]LogWorld: Bringing up level for play took: 0.000554
[2020.10.01-05.05.44:153][150]LogWindows: Windows GetLastError: 操作成功完成。 (0)
[2020.10.01-05.05.45:252][150]LogThreadingWindows: Error: Runnable thread TaskGraphThreadHP 15 crashed.
[2020.10.01-05.05.45:252][150]LogWindows: Error: === Critical error: ===
[2020.10.01-05.05.45:252][150]LogWindows: Error: 
[2020.10.01-05.05.45:252][150]LogWindows: Error: Assertion failed: IsInGameThread() [File:D:\Build\++UE4+Licensee\Sync\Engine\Source\Runtime\Engine\Public\DebugRenderSceneProxy.h] [Line: 268] 
[2020.10.01-05.05.45:252][150]LogWindows: Error: 
[2020.10.01-05.05.45:252][150]LogWindows: Error: 
[2020.10.01-05.05.45:252][150]LogWindows: Error: 
[2020.10.01-05.05.45:252][150]LogWindows: Error: [Callstack] 0x00007fffd0ff3e49 KERNELBASE.dll!UnknownFunction []
[2020.10.01-05.05.45:252][150]LogWindows: Error: [Callstack] 0x00007fff84c7eb46 UE4Editor-Core.dll!UnknownFunction []
[2020.10.01-05.05.45:252][150]LogWindows: Error: [Callstack] 0x00007fff84c81f28 UE4Editor-Core.dll!UnknownFunction []
[2020.10.01-05.05.45:252][150]LogWindows: Error: [Callstack] 0x00007fff84a0e53d UE4Editor-Core.dll!UnknownFunction []
[2020.10.01-05.05.45:252][150]LogWindows: Error: [Callstack] 0x00007fff849997b5 UE4Editor-Core.dll!UnknownFunction []
[2020.10.01-05.05.45:252][150]LogWindows: Error: [Callstack] 0x00007fff8499baf0 UE4Editor-Core.dll!UnknownFunction []
[2020.10.01-05.05.45:252][150]LogWindows: Error: [Callstack] 0x00007fff475a05af UE4Editor-AIModule.dll!UnknownFunction []
[2020.10.01-05.05.45:252][150]LogWindows: Error: [Callstack] 0x00007fff4bb7cd36 UE4Editor-Renderer.dll!UnknownFunction []
[2020.10.01-05.05.45:252][150]LogWindows: Error: [Callstack] 0x00007fff745f3db8 UE4Editor-Engine.dll!UnknownFunction []
[2020.10.01-05.05.45:252][150]LogWindows: Error: [Callstack] 0x00007fff7463113f UE4Editor-Engine.dll!UnknownFunction []
[2020.10.01-05.05.45:252][150]LogWindows: Error: [Callstack] 0x00007fff7460eb72 UE4Editor-Engine.dll!UnknownFunction []
[2020.10.01-05.05.45:252][150]LogWindows: Error: [Callstack] 0x00007fff847b7ad9 UE4Editor-Core.dll!UnknownFunction []
[2020.10.01-05.05.45:252][150]LogWindows: Error: [Callstack] 0x00007fff847b8b1d UE4Editor-Core.dll!UnknownFunction []
[2020.10.01-05.05.45:252][150]LogWindows: Error: [Callstack] 0x00007fff847c0eeb UE4Editor-Core.dll!UnknownFunction []
[2020.10.01-05.05.45:252][150]LogWindows: Error: [Callstack] 0x00007fff84ca050b UE4Editor-Core.dll!UnknownFunction []
[2020.10.01-05.05.45:252][150]LogWindows: Error: [Callstack] 0x00007fff84c97ee0 UE4Editor-Core.dll!UnknownFunction []
[2020.10.01-05.05.45:252][150]LogWindows: Error: [Callstack] 0x00007fffd3056fd4 KERNEL32.DLL!UnknownFunction []
[2020.10.01-05.05.45:252][150]LogWindows: Error: [Callstack] 0x00007fffd359cec1 ntdll.dll!UnknownFunction []
[2020.10.01-05.05.45:252][150]LogWindows: Error: 
[2020.10.01-05.05.45:252][150]LogWindows: Error: Crash in runnable thread TaskGraphThreadHP 15
[2020.10.01-05.05.45:270][150]LogExit: Executing StaticShutdownAfterError
[2020.10.01-05.05.45:270][150]LogWindows: FPlatformMisc::RequestExit(1)
[2020.10.01-05.05.45:270][150]LogCore: Engine exit requested (reason: Win RequestExit)
[2020.10.01-05.05.45:274][150]Log file closed, 10/01/20 13:05:45
